[0.260s] DEBUG:colcon:Command line arguments: ['/usr/bin/colcon', 'build']
[0.261s] DEBUG:colcon:Parsed command line arguments: Namespace(log_base=None, log_level=None, verb_name='build', build_base='build', install_base='install', merge_install=False, symlink_install=False, test_result_base=None, continue_on_error=False, executor='parallel', parallel_workers=4, event_handlers=None, ignore_user_meta=False, metas=['./colcon.meta'], base_paths=['.'], packages_ignore=None, packages_ignore_regex=None, paths=None, packages_up_to=None, packages_up_to_regex=None, packages_above=None, packages_above_and_dependencies=None, packages_above_depth=None, packages_select_by_dep=None, packages_skip_by_dep=None, packages_skip_up_to=None, packages_select_build_failed=False, packages_skip_build_finished=False, packages_select_test_failures=False, packages_skip_test_passed=False, packages_select=None, packages_skip=None, packages_select_regex=None, packages_skip_regex=None, packages_start=None, packages_end=None, allow_overriding=[], cmake_args=None, cmake_target=None, cmake_target_skip_unavailable=False, cmake_clean_cache=False, cmake_clean_first=False, cmake_force_configure=False, ament_cmake_args=None, catkin_cmake_args=None, catkin_skip_building_tests=False, mixin_files=None, mixin=None, verb_parser=<colcon_mixin.mixin.mixin_argument.MixinArgumentDecorator object at 0xf66460042060>, verb_extension=<colcon_core.verb.build.BuildVerb object at 0xf66460041a60>, main=<bound method BuildVerb.main of <colcon_core.verb.build.BuildVerb object at 0xf66460041a60>>, mixin_verb=('build',))
[0.320s] Level 1:colcon.colcon_core.package_discovery:discover_packages(colcon_meta) check parameters
[0.320s] Level 1:colcon.colcon_core.package_discovery:discover_packages(recursive) check parameters
[0.320s] Level 1:colcon.colcon_core.package_discovery:discover_packages(ignore) check parameters
[0.320s] Level 1:colcon.colcon_core.package_discovery:discover_packages(path) check parameters
[0.320s] Level 1:colcon.colcon_core.package_discovery:discover_packages(colcon_meta) discover
[0.320s] Level 1:colcon.colcon_core.package_discovery:discover_packages(recursive) discover
[0.320s] INFO:colcon.colcon_core.package_discovery:Crawling recursively for packages in '/home/radu28/Documents/YOLO-face-recognition/ros2_yolo_ws'
[0.320s] Level 1:colcon.colcon_core.package_identification:_identify(.) by extensions ['ignore', 'ignore_ament_install']
[0.321s] Level 1:colcon.colcon_core.package_identification:_identify(.) by extension 'ignore'
[0.321s] Level 1:colcon.colcon_core.package_identification:_identify(.) by extension 'ignore_ament_install'
[0.321s] Level 1:colcon.colcon_core.package_identification:_identify(.) by extensions ['colcon_pkg']
[0.321s] Level 1:colcon.colcon_core.package_identification:_identify(.) by extension 'colcon_pkg'
[0.321s] Level 1:colcon.colcon_core.package_identification:_identify(.) by extensions ['colcon_meta']
[0.321s] Level 1:colcon.colcon_core.package_identification:_identify(.) by extension 'colcon_meta'
[0.321s] Level 1:colcon.colcon_core.package_identification:_identify(.) by extensions ['ros']
[0.321s] Level 1:colcon.colcon_core.package_identification:_identify(.) by extension 'ros'
[0.357s] Level 1:colcon.colcon_core.package_identification:_identify(.) by extensions ['cmake', 'python']
[0.357s] Level 1:colcon.colcon_core.package_identification:_identify(.) by extension 'cmake'
[0.358s] Level 1:colcon.colcon_core.package_identification:_identify(.) by extension 'python'
[0.358s] Level 1:colcon.colcon_core.package_identification:_identify(.) by extensions ['python_setup_py']
[0.358s] Level 1:colcon.colcon_core.package_identification:_identify(.) by extension 'python_setup_py'
[0.358s] Level 1:colcon.colcon_core.package_identification:_identify(build) by extensions ['ignore', 'ignore_ament_install']
[0.358s] Level 1:colcon.colcon_core.package_identification:_identify(build) by extension 'ignore'
[0.358s] Level 1:colcon.colcon_core.package_identification:_identify(build) ignored
[0.358s] Level 1:colcon.colcon_core.package_identification:_identify(install) by extensions ['ignore', 'ignore_ament_install']
[0.358s] Level 1:colcon.colcon_core.package_identification:_identify(install) by extension 'ignore'
[0.358s] Level 1:colcon.colcon_core.package_identification:_identify(install) ignored
[0.358s] Level 1:colcon.colcon_core.package_identification:_identify(log) by extensions ['ignore', 'ignore_ament_install']
[0.358s] Level 1:colcon.colcon_core.package_identification:_identify(log) by extension 'ignore'
[0.358s] Level 1:colcon.colcon_core.package_identification:_identify(log) ignored
[0.359s] Level 1:colcon.colcon_core.package_identification:_identify(src) by extensions ['ignore', 'ignore_ament_install']
[0.359s] Level 1:colcon.colcon_core.package_identification:_identify(src) by extension 'ignore'
[0.360s] Level 1:colcon.colcon_core.package_identification:_identify(src) by extension 'ignore_ament_install'
[0.360s] Level 1:colcon.colcon_core.package_identification:_identify(src) by extensions ['colcon_pkg']
[0.360s] Level 1:colcon.colcon_core.package_identification:_identify(src) by extension 'colcon_pkg'
[0.360s] Level 1:colcon.colcon_core.package_identification:_identify(src) by extensions ['colcon_meta']
[0.360s] Level 1:colcon.colcon_core.package_identification:_identify(src) by extension 'colcon_meta'
[0.360s] Level 1:colcon.colcon_core.package_identification:_identify(src) by extensions ['ros']
[0.360s] Level 1:colcon.colcon_core.package_identification:_identify(src) by extension 'ros'
[0.360s] Level 1:colcon.colcon_core.package_identification:_identify(src) by extensions ['cmake', 'python']
[0.360s] Level 1:colcon.colcon_core.package_identification:_identify(src) by extension 'cmake'
[0.360s] Level 1:colcon.colcon_core.package_identification:_identify(src) by extension 'python'
[0.360s] Level 1:colcon.colcon_core.package_identification:_identify(src) by extensions ['python_setup_py']
[0.360s] Level 1:colcon.colcon_core.package_identification:_identify(src) by extension 'python_setup_py'
[0.360s] Level 1:colcon.colcon_core.package_identification:_identify(src/face_msgs) by extensions ['ignore', 'ignore_ament_install']
[0.361s] Level 1:colcon.colcon_core.package_identification:_identify(src/face_msgs) by extension 'ignore'
[0.361s] Level 1:colcon.colcon_core.package_identification:_identify(src/face_msgs) by extension 'ignore_ament_install'
[0.361s] Level 1:colcon.colcon_core.package_identification:_identify(src/face_msgs) by extensions ['colcon_pkg']
[0.361s] Level 1:colcon.colcon_core.package_identification:_identify(src/face_msgs) by extension 'colcon_pkg'
[0.361s] Level 1:colcon.colcon_core.package_identification:_identify(src/face_msgs) by extensions ['colcon_meta']
[0.361s] Level 1:colcon.colcon_core.package_identification:_identify(src/face_msgs) by extension 'colcon_meta'
[0.361s] Level 1:colcon.colcon_core.package_identification:_identify(src/face_msgs) by extensions ['ros']
[0.361s] Level 1:colcon.colcon_core.package_identification:_identify(src/face_msgs) by extension 'ros'
[0.365s] DEBUG:colcon.colcon_core.package_identification:Package 'src/face_msgs' with type 'ros.ament_cmake' and name 'face_msgs'
[0.366s] Level 1:colcon.colcon_core.package_identification:_identify(src/yolo_face_recognition) by extensions ['ignore', 'ignore_ament_install']
[0.366s] Level 1:colcon.colcon_core.package_identification:_identify(src/yolo_face_recognition) by extension 'ignore'
[0.366s] Level 1:colcon.colcon_core.package_identification:_identify(src/yolo_face_recognition) by extension 'ignore_ament_install'
[0.366s] Level 1:colcon.colcon_core.package_identification:_identify(src/yolo_face_recognition) by extensions ['colcon_pkg']
[0.366s] Level 1:colcon.colcon_core.package_identification:_identify(src/yolo_face_recognition) by extension 'colcon_pkg'
[0.366s] Level 1:colcon.colcon_core.package_identification:_identify(src/yolo_face_recognition) by extensions ['colcon_meta']
[0.366s] Level 1:colcon.colcon_core.package_identification:_identify(src/yolo_face_recognition) by extension 'colcon_meta'
[0.366s] Level 1:colcon.colcon_core.package_identification:_identify(src/yolo_face_recognition) by extensions ['ros']
[0.366s] Level 1:colcon.colcon_core.package_identification:_identify(src/yolo_face_recognition) by extension 'ros'
[0.370s] DEBUG:colcon.colcon_core.package_identification:Package 'src/yolo_face_recognition' with type 'ros.ament_python' and name 'yolo_face_recognition'
[0.370s] Level 1:colcon.colcon_core.package_discovery:discover_packages(recursive) using defaults
[0.370s] Level 1:colcon.colcon_core.package_discovery:discover_packages(ignore) discover
[0.370s] Level 1:colcon.colcon_core.package_discovery:discover_packages(ignore) using defaults
[0.371s] Level 1:colcon.colcon_core.package_discovery:discover_packages(path) discover
[0.371s] Level 1:colcon.colcon_core.package_discovery:discover_packages(path) using defaults
[0.397s] Level 1:colcon.colcon_core.package_discovery:discover_packages(prefix_path) check parameters
[0.397s] Level 1:colcon.colcon_core.package_discovery:discover_packages(prefix_path) discover
[0.401s] DEBUG:colcon.colcon_installed_package_information.package_discovery:Found 2 installed packages in /home/radu28/Documents/YOLO-face-recognition/ros2_yolo_ws/install
[0.402s] DEBUG:colcon.colcon_installed_package_information.package_discovery:Found 286 installed packages in /opt/ros/jazzy
[0.403s] Level 1:colcon.colcon_core.package_discovery:discover_packages(prefix_path) using defaults
[0.454s] Level 5:colcon.colcon_core.verb:set package 'face_msgs' build argument 'cmake_args' from command line to 'None'
[0.455s] Level 5:colcon.colcon_core.verb:set package 'face_msgs' build argument 'cmake_target' from command line to 'None'
[0.455s] Level 5:colcon.colcon_core.verb:set package 'face_msgs' build argument 'cmake_target_skip_unavailable' from command line to 'False'
[0.455s] Level 5:colcon.colcon_core.verb:set package 'face_msgs' build argument 'cmake_clean_cache' from command line to 'False'
[0.455s] Level 5:colcon.colcon_core.verb:set package 'face_msgs' build argument 'cmake_clean_first' from command line to 'False'
[0.455s] Level 5:colcon.colcon_core.verb:set package 'face_msgs' build argument 'cmake_force_configure' from command line to 'False'
[0.455s] Level 5:colcon.colcon_core.verb:set package 'face_msgs' build argument 'ament_cmake_args' from command line to 'None'
[0.455s] Level 5:colcon.colcon_core.verb:set package 'face_msgs' build argument 'catkin_cmake_args' from command line to 'None'
[0.455s] Level 5:colcon.colcon_core.verb:set package 'face_msgs' build argument 'catkin_skip_building_tests' from command line to 'False'
[0.455s] DEBUG:colcon.colcon_core.verb:Building package 'face_msgs' with the following arguments: {'ament_cmake_args': None, 'build_base': '/home/radu28/Documents/YOLO-face-recognition/ros2_yolo_ws/build/face_msgs', 'catkin_cmake_args': None, 'catkin_skip_building_tests': False, 'cmake_args': None, 'cmake_clean_cache': False, 'cmake_clean_first': False, 'cmake_force_configure': False, 'cmake_target': None, 'cmake_target_skip_unavailable': False, 'install_base': '/home/radu28/Documents/YOLO-face-recognition/ros2_yolo_ws/install/face_msgs', 'merge_install': False, 'path': '/home/radu28/Documents/YOLO-face-recognition/ros2_yolo_ws/src/face_msgs', 'symlink_install': False, 'test_result_base': None}
[0.455s] Level 5:colcon.colcon_core.verb:set package 'yolo_face_recognition' build argument 'cmake_args' from command line to 'None'
[0.455s] Level 5:colcon.colcon_core.verb:set package 'yolo_face_recognition' build argument 'cmake_target' from command line to 'None'
[0.455s] Level 5:colcon.colcon_core.verb:set package 'yolo_face_recognition' build argument 'cmake_target_skip_unavailable' from command line to 'False'
[0.455s] Level 5:colcon.colcon_core.verb:set package 'yolo_face_recognition' build argument 'cmake_clean_cache' from command line to 'False'
[0.455s] Level 5:colcon.colcon_core.verb:set package 'yolo_face_recognition' build argument 'cmake_clean_first' from command line to 'False'
[0.455s] Level 5:colcon.colcon_core.verb:set package 'yolo_face_recognition' build argument 'cmake_force_configure' from command line to 'False'
[0.455s] Level 5:colcon.colcon_core.verb:set package 'yolo_face_recognition' build argument 'ament_cmake_args' from command line to 'None'
[0.455s] Level 5:colcon.colcon_core.verb:set package 'yolo_face_recognition' build argument 'catkin_cmake_args' from command line to 'None'
[0.455s] Level 5:colcon.colcon_core.verb:set package 'yolo_face_recognition' build argument 'catkin_skip_building_tests' from command line to 'False'
[0.455s] DEBUG:colcon.colcon_core.verb:Building package 'yolo_face_recognition' with the following arguments: {'ament_cmake_args': None, 'build_base': '/home/radu28/Documents/YOLO-face-recognition/ros2_yolo_ws/build/yolo_face_recognition', 'catkin_cmake_args': None, 'catkin_skip_building_tests': False, 'cmake_args': None, 'cmake_clean_cache': False, 'cmake_clean_first': False, 'cmake_force_configure': False, 'cmake_target': None, 'cmake_target_skip_unavailable': False, 'install_base': '/home/radu28/Documents/YOLO-face-recognition/ros2_yolo_ws/install/yolo_face_recognition', 'merge_install': False, 'path': '/home/radu28/Documents/YOLO-face-recognition/ros2_yolo_ws/src/yolo_face_recognition', 'symlink_install': False, 'test_result_base': None}
[0.455s] INFO:colcon.colcon_core.executor:Executing jobs using 'parallel' executor
[0.456s] DEBUG:colcon.colcon_parallel_executor.executor.parallel:run_until_complete
[0.456s] INFO:colcon.colcon_ros.task.ament_cmake.build:Building ROS package in '/home/radu28/Documents/YOLO-face-recognition/ros2_yolo_ws/src/face_msgs' with build type 'ament_cmake'
[0.456s] INFO:colcon.colcon_cmake.task.cmake.build:Building CMake package in '/home/radu28/Documents/YOLO-face-recognition/ros2_yolo_ws/src/face_msgs'
[0.460s] INFO:colcon.colcon_core.plugin_system:Skipping extension 'colcon_core.shell.bat': Not used on non-Windows systems
[0.460s] INFO:colcon.colcon_core.shell:Skip shell extension 'powershell' for command environment: Not usable outside of PowerShell
[0.460s] DEBUG:colcon.colcon_core.shell:Skip shell extension 'dsv' for command environment
[0.482s] DEBUG:colcon.colcon_core.event_handler.log_command:Invoking command in '/home/radu28/Documents/YOLO-face-recognition/ros2_yolo_ws/build/face_msgs': CMAKE_PREFIX_PATH=${CMAKE_PREFIX_PATH}:/home/radu28/Documents/YOLO-face-recognition/ros2_yolo_ws/install/yolo_face_recognition:/opt/ros/jazzy DEBUGINFOD_URLS=https://debuginfod.ubuntu.com /usr/bin/cmake --build /home/radu28/Documents/YOLO-face-recognition/ros2_yolo_ws/build/face_msgs -- -j4 -l4
[2.353s] DEBUG:colcon.colcon_core.event_handler.log_command:Invoked command in '/home/radu28/Documents/YOLO-face-recognition/ros2_yolo_ws/build/face_msgs' returned '0': CMAKE_PREFIX_PATH=${CMAKE_PREFIX_PATH}:/home/radu28/Documents/YOLO-face-recognition/ros2_yolo_ws/install/yolo_face_recognition:/opt/ros/jazzy DEBUGINFOD_URLS=https://debuginfod.ubuntu.com /usr/bin/cmake --build /home/radu28/Documents/YOLO-face-recognition/ros2_yolo_ws/build/face_msgs -- -j4 -l4
[2.376s] DEBUG:colcon.colcon_core.event_handler.log_command:Invoking command in '/home/radu28/Documents/YOLO-face-recognition/ros2_yolo_ws/build/face_msgs': CMAKE_PREFIX_PATH=${CMAKE_PREFIX_PATH}:/home/radu28/Documents/YOLO-face-recognition/ros2_yolo_ws/install/yolo_face_recognition:/opt/ros/jazzy DEBUGINFOD_URLS=https://debuginfod.ubuntu.com /usr/bin/cmake --install /home/radu28/Documents/YOLO-face-recognition/ros2_yolo_ws/build/face_msgs
[2.882s] Level 1:colcon.colcon_core.environment:create_environment_scripts_only(face_msgs)
[2.888s] DEBUG:colcon.colcon_core.event_handler.log_command:Invoked command in '/home/radu28/Documents/YOLO-face-recognition/ros2_yolo_ws/build/face_msgs' returned '0': CMAKE_PREFIX_PATH=${CMAKE_PREFIX_PATH}:/home/radu28/Documents/YOLO-face-recognition/ros2_yolo_ws/install/yolo_face_recognition:/opt/ros/jazzy DEBUGINFOD_URLS=https://debuginfod.ubuntu.com /usr/bin/cmake --install /home/radu28/Documents/YOLO-face-recognition/ros2_yolo_ws/build/face_msgs
[2.924s] Level 1:colcon.colcon_core.environment:checking '/home/radu28/Documents/YOLO-face-recognition/ros2_yolo_ws/install/face_msgs' for CMake module files
[2.925s] Level 1:colcon.colcon_core.environment:checking '/home/radu28/Documents/YOLO-face-recognition/ros2_yolo_ws/install/face_msgs' for CMake config files
[2.927s] Level 1:colcon.colcon_core.shell:create_environment_hook('face_msgs', 'cmake_prefix_path')
[2.928s] INFO:colcon.colcon_core.shell:Creating environment hook '/home/radu28/Documents/YOLO-face-recognition/ros2_yolo_ws/install/face_msgs/share/face_msgs/hook/cmake_prefix_path.ps1'
[2.942s] INFO:colcon.colcon_core.shell:Creating environment descriptor '/home/radu28/Documents/YOLO-face-recognition/ros2_yolo_ws/install/face_msgs/share/face_msgs/hook/cmake_prefix_path.dsv'
[2.945s] INFO:colcon.colcon_core.shell:Creating environment hook '/home/radu28/Documents/YOLO-face-recognition/ros2_yolo_ws/install/face_msgs/share/face_msgs/hook/cmake_prefix_path.sh'
[2.959s] Level 1:colcon.colcon_core.environment:checking '/home/radu28/Documents/YOLO-face-recognition/ros2_yolo_ws/install/face_msgs/lib'
[2.963s] Level 1:colcon.colcon_core.shell:create_environment_hook('face_msgs', 'ld_library_path_lib')
[2.964s] INFO:colcon.colcon_core.shell:Creating environment hook '/home/radu28/Documents/YOLO-face-recognition/ros2_yolo_ws/install/face_msgs/share/face_msgs/hook/ld_library_path_lib.ps1'
[2.964s] INFO:colcon.colcon_core.shell:Creating environment descriptor '/home/radu28/Documents/YOLO-face-recognition/ros2_yolo_ws/install/face_msgs/share/face_msgs/hook/ld_library_path_lib.dsv'
[2.964s] INFO:colcon.colcon_core.shell:Creating environment hook '/home/radu28/Documents/YOLO-face-recognition/ros2_yolo_ws/install/face_msgs/share/face_msgs/hook/ld_library_path_lib.sh'
[2.965s] Level 1:colcon.colcon_core.environment:checking '/home/radu28/Documents/YOLO-face-recognition/ros2_yolo_ws/install/face_msgs/bin'
[2.965s] Level 1:colcon.colcon_core.environment:checking '/home/radu28/Documents/YOLO-face-recognition/ros2_yolo_ws/install/face_msgs/lib/pkgconfig/face_msgs.pc'
[2.968s] Level 1:colcon.colcon_core.environment:checking '/home/radu28/Documents/YOLO-face-recognition/ros2_yolo_ws/install/face_msgs/lib/python3.12/site-packages'
[2.968s] Level 1:colcon.colcon_core.shell:create_environment_hook('face_msgs', 'pythonpath')
[2.969s] INFO:colcon.colcon_core.shell:Creating environment hook '/home/radu28/Documents/YOLO-face-recognition/ros2_yolo_ws/install/face_msgs/share/face_msgs/hook/pythonpath.ps1'
[2.969s] INFO:colcon.colcon_core.shell:Creating environment descriptor '/home/radu28/Documents/YOLO-face-recognition/ros2_yolo_ws/install/face_msgs/share/face_msgs/hook/pythonpath.dsv'
[2.970s] INFO:colcon.colcon_core.shell:Creating environment hook '/home/radu28/Documents/YOLO-face-recognition/ros2_yolo_ws/install/face_msgs/share/face_msgs/hook/pythonpath.sh'
[2.970s] Level 1:colcon.colcon_core.environment:checking '/home/radu28/Documents/YOLO-face-recognition/ros2_yolo_ws/install/face_msgs/bin'
[2.971s] INFO:colcon.colcon_core.shell:Creating package script '/home/radu28/Documents/YOLO-face-recognition/ros2_yolo_ws/install/face_msgs/share/face_msgs/package.ps1'
[2.972s] INFO:colcon.colcon_core.shell:Creating package descriptor '/home/radu28/Documents/YOLO-face-recognition/ros2_yolo_ws/install/face_msgs/share/face_msgs/package.dsv'
[2.972s] INFO:colcon.colcon_core.shell:Creating package script '/home/radu28/Documents/YOLO-face-recognition/ros2_yolo_ws/install/face_msgs/share/face_msgs/package.sh'
[2.973s] INFO:colcon.colcon_core.shell:Creating package script '/home/radu28/Documents/YOLO-face-recognition/ros2_yolo_ws/install/face_msgs/share/face_msgs/package.bash'
[2.977s] INFO:colcon.colcon_core.shell:Creating package script '/home/radu28/Documents/YOLO-face-recognition/ros2_yolo_ws/install/face_msgs/share/face_msgs/package.zsh'
[2.980s] Level 1:colcon.colcon_core.environment:create_file_with_runtime_dependencies(/home/radu28/Documents/YOLO-face-recognition/ros2_yolo_ws/install/face_msgs/share/colcon-core/packages/face_msgs)
[2.983s] Level 1:colcon.colcon_core.environment:create_environment_scripts_only(face_msgs)
[2.983s] Level 1:colcon.colcon_core.environment:checking '/home/radu28/Documents/YOLO-face-recognition/ros2_yolo_ws/install/face_msgs' for CMake module files
[2.984s] Level 1:colcon.colcon_core.environment:checking '/home/radu28/Documents/YOLO-face-recognition/ros2_yolo_ws/install/face_msgs' for CMake config files
[2.985s] Level 1:colcon.colcon_core.shell:create_environment_hook('face_msgs', 'cmake_prefix_path')
[2.985s] INFO:colcon.colcon_core.shell:Creating environment hook '/home/radu28/Documents/YOLO-face-recognition/ros2_yolo_ws/install/face_msgs/share/face_msgs/hook/cmake_prefix_path.ps1'
[2.986s] INFO:colcon.colcon_core.shell:Creating environment descriptor '/home/radu28/Documents/YOLO-face-recognition/ros2_yolo_ws/install/face_msgs/share/face_msgs/hook/cmake_prefix_path.dsv'
[2.986s] INFO:colcon.colcon_core.shell:Creating environment hook '/home/radu28/Documents/YOLO-face-recognition/ros2_yolo_ws/install/face_msgs/share/face_msgs/hook/cmake_prefix_path.sh'
[2.987s] Level 1:colcon.colcon_core.environment:checking '/home/radu28/Documents/YOLO-face-recognition/ros2_yolo_ws/install/face_msgs/lib'
[2.987s] Level 1:colcon.colcon_core.shell:create_environment_hook('face_msgs', 'ld_library_path_lib')
[2.987s] INFO:colcon.colcon_core.shell:Creating environment hook '/home/radu28/Documents/YOLO-face-recognition/ros2_yolo_ws/install/face_msgs/share/face_msgs/hook/ld_library_path_lib.ps1'
[2.987s] INFO:colcon.colcon_core.shell:Creating environment descriptor '/home/radu28/Documents/YOLO-face-recognition/ros2_yolo_ws/install/face_msgs/share/face_msgs/hook/ld_library_path_lib.dsv'
[2.987s] INFO:colcon.colcon_core.shell:Creating environment hook '/home/radu28/Documents/YOLO-face-recognition/ros2_yolo_ws/install/face_msgs/share/face_msgs/hook/ld_library_path_lib.sh'
[2.988s] Level 1:colcon.colcon_core.environment:checking '/home/radu28/Documents/YOLO-face-recognition/ros2_yolo_ws/install/face_msgs/bin'
[2.988s] Level 1:colcon.colcon_core.environment:checking '/home/radu28/Documents/YOLO-face-recognition/ros2_yolo_ws/install/face_msgs/lib/pkgconfig/face_msgs.pc'
[2.988s] Level 1:colcon.colcon_core.environment:checking '/home/radu28/Documents/YOLO-face-recognition/ros2_yolo_ws/install/face_msgs/lib/python3.12/site-packages'
[2.988s] Level 1:colcon.colcon_core.shell:create_environment_hook('face_msgs', 'pythonpath')
[2.989s] INFO:colcon.colcon_core.shell:Creating environment hook '/home/radu28/Documents/YOLO-face-recognition/ros2_yolo_ws/install/face_msgs/share/face_msgs/hook/pythonpath.ps1'
[2.991s] INFO:colcon.colcon_core.shell:Creating environment descriptor '/home/radu28/Documents/YOLO-face-recognition/ros2_yolo_ws/install/face_msgs/share/face_msgs/hook/pythonpath.dsv'
[2.991s] INFO:colcon.colcon_core.shell:Creating environment hook '/home/radu28/Documents/YOLO-face-recognition/ros2_yolo_ws/install/face_msgs/share/face_msgs/hook/pythonpath.sh'
[2.992s] Level 1:colcon.colcon_core.environment:checking '/home/radu28/Documents/YOLO-face-recognition/ros2_yolo_ws/install/face_msgs/bin'
[2.992s] INFO:colcon.colcon_core.shell:Creating package script '/home/radu28/Documents/YOLO-face-recognition/ros2_yolo_ws/install/face_msgs/share/face_msgs/package.ps1'
[2.993s] INFO:colcon.colcon_core.shell:Creating package descriptor '/home/radu28/Documents/YOLO-face-recognition/ros2_yolo_ws/install/face_msgs/share/face_msgs/package.dsv'
[2.993s] INFO:colcon.colcon_core.shell:Creating package script '/home/radu28/Documents/YOLO-face-recognition/ros2_yolo_ws/install/face_msgs/share/face_msgs/package.sh'
[2.994s] INFO:colcon.colcon_core.shell:Creating package script '/home/radu28/Documents/YOLO-face-recognition/ros2_yolo_ws/install/face_msgs/share/face_msgs/package.bash'
[2.994s] INFO:colcon.colcon_core.shell:Creating package script '/home/radu28/Documents/YOLO-face-recognition/ros2_yolo_ws/install/face_msgs/share/face_msgs/package.zsh'
[2.996s] Level 1:colcon.colcon_core.environment:create_file_with_runtime_dependencies(/home/radu28/Documents/YOLO-face-recognition/ros2_yolo_ws/install/face_msgs/share/colcon-core/packages/face_msgs)
[3.001s] INFO:colcon.colcon_ros.task.ament_python.build:Building ROS package in '/home/radu28/Documents/YOLO-face-recognition/ros2_yolo_ws/src/yolo_face_recognition' with build type 'ament_python'
[3.002s] Level 1:colcon.colcon_core.shell:create_environment_hook('yolo_face_recognition', 'ament_prefix_path')
[3.003s] INFO:colcon.colcon_core.shell:Creating environment hook '/home/radu28/Documents/YOLO-face-recognition/ros2_yolo_ws/install/yolo_face_recognition/share/yolo_face_recognition/hook/ament_prefix_path.ps1'
[3.012s] INFO:colcon.colcon_core.shell:Creating environment descriptor '/home/radu28/Documents/YOLO-face-recognition/ros2_yolo_ws/install/yolo_face_recognition/share/yolo_face_recognition/hook/ament_prefix_path.dsv'
[3.013s] INFO:colcon.colcon_core.shell:Creating environment hook '/home/radu28/Documents/YOLO-face-recognition/ros2_yolo_ws/install/yolo_face_recognition/share/yolo_face_recognition/hook/ament_prefix_path.sh'
[3.017s] INFO:colcon.colcon_core.shell:Skip shell extension 'powershell' for command environment: Not usable outside of PowerShell
[3.017s] DEBUG:colcon.colcon_core.shell:Skip shell extension 'dsv' for command environment
[4.894s] INFO:colcon.colcon_core.task.python.build:Building Python package in '/home/radu28/Documents/YOLO-face-recognition/ros2_yolo_ws/src/yolo_face_recognition'
[4.896s] INFO:colcon.colcon_core.shell:Skip shell extension 'powershell' for command environment: Not usable outside of PowerShell
[4.896s] DEBUG:colcon.colcon_core.shell:Skip shell extension 'dsv' for command environment
[8.599s] DEBUG:colcon.colcon_core.event_handler.log_command:Invoking command in '/home/radu28/Documents/YOLO-face-recognition/ros2_yolo_ws/src/yolo_face_recognition': DEBUGINFOD_URLS=https://debuginfod.ubuntu.com PYTHONPATH=/home/radu28/Documents/YOLO-face-recognition/ros2_yolo_ws/build/yolo_face_recognition/prefix_override:/usr/lib/python3/dist-packages/colcon_core/task/python/colcon_distutils_commands:/home/radu28/Documents/YOLO-face-recognition/ros2_yolo_ws/install/yolo_face_recognition/lib/python3.12/site-packages:/home/radu28/Documents/YOLO-face-recognition/ros2_yolo_ws/install/face_msgs/lib/python3.12/site-packages:/home/radu28/Documents/YOLO-face-recognition/ros2_yolo_ws/install/yolo_face_recognition/lib/python3.12/site-packages:/opt/ros/jazzy/lib/python3.12/site-packages /usr/bin/python3 -W ignore:setup.py install is deprecated -W ignore:easy_install command is deprecated setup.py egg_info --egg-base ../../build/yolo_face_recognition build --build-base /home/radu28/Documents/YOLO-face-recognition/ros2_yolo_ws/build/yolo_face_recognition/build install --record /home/radu28/Documents/YOLO-face-recognition/ros2_yolo_ws/build/yolo_face_recognition/install.log --single-version-externally-managed install_data
[20.710s] Level 1:colcon.colcon_core.environment:checking '/home/radu28/Documents/YOLO-face-recognition/ros2_yolo_ws/install/yolo_face_recognition' for CMake module files
[20.713s] DEBUG:colcon.colcon_core.event_handler.log_command:Invoked command in '/home/radu28/Documents/YOLO-face-recognition/ros2_yolo_ws/src/yolo_face_recognition' returned '0': DEBUGINFOD_URLS=https://debuginfod.ubuntu.com PYTHONPATH=/home/radu28/Documents/YOLO-face-recognition/ros2_yolo_ws/build/yolo_face_recognition/prefix_override:/usr/lib/python3/dist-packages/colcon_core/task/python/colcon_distutils_commands:/home/radu28/Documents/YOLO-face-recognition/ros2_yolo_ws/install/yolo_face_recognition/lib/python3.12/site-packages:/home/radu28/Documents/YOLO-face-recognition/ros2_yolo_ws/install/face_msgs/lib/python3.12/site-packages:/home/radu28/Documents/YOLO-face-recognition/ros2_yolo_ws/install/yolo_face_recognition/lib/python3.12/site-packages:/opt/ros/jazzy/lib/python3.12/site-packages /usr/bin/python3 -W ignore:setup.py install is deprecated -W ignore:easy_install command is deprecated setup.py egg_info --egg-base ../../build/yolo_face_recognition build --build-base /home/radu28/Documents/YOLO-face-recognition/ros2_yolo_ws/build/yolo_face_recognition/build install --record /home/radu28/Documents/YOLO-face-recognition/ros2_yolo_ws/build/yolo_face_recognition/install.log --single-version-externally-managed install_data
[20.715s] Level 1:colcon.colcon_core.environment:checking '/home/radu28/Documents/YOLO-face-recognition/ros2_yolo_ws/install/yolo_face_recognition' for CMake config files
[20.720s] Level 1:colcon.colcon_core.environment:checking '/home/radu28/Documents/YOLO-face-recognition/ros2_yolo_ws/install/yolo_face_recognition/lib'
[20.720s] Level 1:colcon.colcon_core.environment:checking '/home/radu28/Documents/YOLO-face-recognition/ros2_yolo_ws/install/yolo_face_recognition/bin'
[20.721s] Level 1:colcon.colcon_core.environment:checking '/home/radu28/Documents/YOLO-face-recognition/ros2_yolo_ws/install/yolo_face_recognition/lib/pkgconfig/yolo_face_recognition.pc'
[20.724s] Level 1:colcon.colcon_core.environment:checking '/home/radu28/Documents/YOLO-face-recognition/ros2_yolo_ws/install/yolo_face_recognition/lib/python3.12/site-packages'
[20.727s] Level 1:colcon.colcon_core.shell:create_environment_hook('yolo_face_recognition', 'pythonpath')
[20.729s] INFO:colcon.colcon_core.shell:Creating environment hook '/home/radu28/Documents/YOLO-face-recognition/ros2_yolo_ws/install/yolo_face_recognition/share/yolo_face_recognition/hook/pythonpath.ps1'
[20.744s] INFO:colcon.colcon_core.shell:Creating environment descriptor '/home/radu28/Documents/YOLO-face-recognition/ros2_yolo_ws/install/yolo_face_recognition/share/yolo_face_recognition/hook/pythonpath.dsv'
[20.746s] INFO:colcon.colcon_core.shell:Creating environment hook '/home/radu28/Documents/YOLO-face-recognition/ros2_yolo_ws/install/yolo_face_recognition/share/yolo_face_recognition/hook/pythonpath.sh'
[20.747s] Level 1:colcon.colcon_core.environment:checking '/home/radu28/Documents/YOLO-face-recognition/ros2_yolo_ws/install/yolo_face_recognition/bin'
[20.748s] Level 1:colcon.colcon_core.environment:create_environment_scripts_only(yolo_face_recognition)
[20.749s] INFO:colcon.colcon_core.shell:Creating package script '/home/radu28/Documents/YOLO-face-recognition/ros2_yolo_ws/install/yolo_face_recognition/share/yolo_face_recognition/package.ps1'
[20.750s] INFO:colcon.colcon_core.shell:Creating package descriptor '/home/radu28/Documents/YOLO-face-recognition/ros2_yolo_ws/install/yolo_face_recognition/share/yolo_face_recognition/package.dsv'
[20.751s] INFO:colcon.colcon_core.shell:Creating package script '/home/radu28/Documents/YOLO-face-recognition/ros2_yolo_ws/install/yolo_face_recognition/share/yolo_face_recognition/package.sh'
[20.751s] INFO:colcon.colcon_core.shell:Creating package script '/home/radu28/Documents/YOLO-face-recognition/ros2_yolo_ws/install/yolo_face_recognition/share/yolo_face_recognition/package.bash'
[20.752s] INFO:colcon.colcon_core.shell:Creating package script '/home/radu28/Documents/YOLO-face-recognition/ros2_yolo_ws/install/yolo_face_recognition/share/yolo_face_recognition/package.zsh'
[20.753s] Level 1:colcon.colcon_core.environment:create_file_with_runtime_dependencies(/home/radu28/Documents/YOLO-face-recognition/ros2_yolo_ws/install/yolo_face_recognition/share/colcon-core/packages/yolo_face_recognition)
[20.757s] DEBUG:colcon.colcon_parallel_executor.executor.parallel:closing loop
[20.762s] DEBUG:colcon.colcon_parallel_executor.executor.parallel:loop closed
[20.762s] DEBUG:colcon.colcon_parallel_executor.executor.parallel:run_until_complete finished with '0'
[20.764s] DEBUG:colcon.colcon_core.event_reactor:joining thread
[20.839s] INFO:colcon.colcon_core.plugin_system:Skipping extension 'colcon_notification.desktop_notification.terminal_notifier': Not used on non-Darwin systems
[20.839s] INFO:colcon.colcon_core.plugin_system:Skipping extension 'colcon_notification.desktop_notification.win32': Not used on non-Windows systems
[20.839s] INFO:colcon.colcon_notification.desktop_notification:Sending desktop notification using 'notify2'
[21.045s] DEBUG:colcon.colcon_core.event_reactor:joined thread
[21.047s] INFO:colcon.colcon_core.shell:Creating prefix script '/home/radu28/Documents/YOLO-face-recognition/ros2_yolo_ws/install/local_setup.ps1'
[21.052s] INFO:colcon.colcon_core.shell:Creating prefix util module '/home/radu28/Documents/YOLO-face-recognition/ros2_yolo_ws/install/_local_setup_util_ps1.py'
[21.054s] INFO:colcon.colcon_core.shell:Creating prefix chain script '/home/radu28/Documents/YOLO-face-recognition/ros2_yolo_ws/install/setup.ps1'
[21.057s] INFO:colcon.colcon_core.shell:Creating prefix script '/home/radu28/Documents/YOLO-face-recognition/ros2_yolo_ws/install/local_setup.sh'
[21.058s] INFO:colcon.colcon_core.shell:Creating prefix util module '/home/radu28/Documents/YOLO-face-recognition/ros2_yolo_ws/install/_local_setup_util_sh.py'
[21.060s] INFO:colcon.colcon_core.shell:Creating prefix chain script '/home/radu28/Documents/YOLO-face-recognition/ros2_yolo_ws/install/setup.sh'
[21.062s] INFO:colcon.colcon_core.shell:Creating prefix script '/home/radu28/Documents/YOLO-face-recognition/ros2_yolo_ws/install/local_setup.bash'
[21.062s] INFO:colcon.colcon_core.shell:Creating prefix chain script '/home/radu28/Documents/YOLO-face-recognition/ros2_yolo_ws/install/setup.bash'
[21.064s] INFO:colcon.colcon_core.shell:Creating prefix script '/home/radu28/Documents/YOLO-face-recognition/ros2_yolo_ws/install/local_setup.zsh'
[21.064s] INFO:colcon.colcon_core.shell:Creating prefix chain script '/home/radu28/Documents/YOLO-face-recognition/ros2_yolo_ws/install/setup.zsh'
