running egg_info
writing ../../build/yolo_face_recognition/yolo_face_recognition.egg-info/PKG-INFO
writing dependency_links to ../../build/yolo_face_recognition/yolo_face_recognition.egg-info/dependency_links.txt
writing entry points to ../../build/yolo_face_recognition/yolo_face_recognition.egg-info/entry_points.txt
writing requirements to ../../build/yolo_face_recognition/yolo_face_recognition.egg-info/requires.txt
writing top-level names to ../../build/yolo_face_recognition/yolo_face_recognition.egg-info/top_level.txt
reading manifest file '../../build/yolo_face_recognition/yolo_face_recognition.egg-info/SOURCES.txt'
writing manifest file '../../build/yolo_face_recognition/yolo_face_recognition.egg-info/SOURCES.txt'
running build
running build_py
running install
running install_lib
running install_data
running install_egg_info
removing '/home/radu28/Documents/YOLO-face-recognition/ros2_yolo_ws/install/yolo_face_recognition/lib/python3.12/site-packages/yolo_face_recognition-0.0.0-py3.12.egg-info' (and everything under it)
Copying ../../build/yolo_face_recognition/yolo_face_recognition.egg-info to /home/radu28/Documents/YOLO-face-recognition/ros2_yolo_ws/install/yolo_face_recognition/lib/python3.12/site-packages/yolo_face_recognition-0.0.0-py3.12.egg-info
running install_scripts
Installing camera_node script to /home/radu28/Documents/YOLO-face-recognition/ros2_yolo_ws/install/yolo_face_recognition/lib/yolo_face_recognition
Installing detection_node script to /home/radu28/Documents/YOLO-face-recognition/ros2_yolo_ws/install/yolo_face_recognition/lib/yolo_face_recognition
writing list of installed files to '/home/radu28/Documents/YOLO-face-recognition/ros2_yolo_ws/build/yolo_face_recognition/install.log'
