[0.075s] DEBUG:colcon:Command line arguments: ['/usr/bin/colcon', 'build']
[0.075s] DEBUG:colcon:Parsed command line arguments: Namespace(log_base=None, log_level=None, verb_name='build', build_base='build', install_base='install', merge_install=False, symlink_install=False, test_result_base=None, continue_on_error=False, executor='parallel', parallel_workers=4, event_handlers=None, ignore_user_meta=False, metas=['./colcon.meta'], base_paths=['.'], packages_ignore=None, packages_ignore_regex=None, paths=None, packages_up_to=None, packages_up_to_regex=None, packages_above=None, packages_above_and_dependencies=None, packages_above_depth=None, packages_select_by_dep=None, packages_skip_by_dep=None, packages_skip_up_to=None, packages_select_build_failed=False, packages_skip_build_finished=False, packages_select_test_failures=False, packages_skip_test_passed=False, packages_select=None, packages_skip=None, packages_select_regex=None, packages_skip_regex=None, packages_start=None, packages_end=None, allow_overriding=[], cmake_args=None, cmake_target=None, cmake_target_skip_unavailable=False, cmake_clean_cache=False, cmake_clean_first=False, cmake_force_configure=False, ament_cmake_args=None, catkin_cmake_args=None, catkin_skip_building_tests=False, mixin_files=None, mixin=None, verb_parser=<colcon_mixin.mixin.mixin_argument.MixinArgumentDecorator object at 0xee2109772120>, verb_extension=<colcon_core.verb.build.BuildVerb object at 0xee2109723b30>, main=<bound method BuildVerb.main of <colcon_core.verb.build.BuildVerb object at 0xee2109723b30>>, mixin_verb=('build',))
[0.100s] Level 1:colcon.colcon_core.package_discovery:discover_packages(colcon_meta) check parameters
[0.100s] Level 1:colcon.colcon_core.package_discovery:discover_packages(recursive) check parameters
[0.100s] Level 1:colcon.colcon_core.package_discovery:discover_packages(ignore) check parameters
[0.100s] Level 1:colcon.colcon_core.package_discovery:discover_packages(path) check parameters
[0.100s] Level 1:colcon.colcon_core.package_discovery:discover_packages(colcon_meta) discover
[0.101s] Level 1:colcon.colcon_core.package_discovery:discover_packages(recursive) discover
[0.101s] INFO:colcon.colcon_core.package_discovery:Crawling recursively for packages in '/home/radu28/Documents/YOLO-face-recognition/ros2_yolo_ws'
[0.101s] Level 1:colcon.colcon_core.package_identification:_identify(.) by extensions ['ignore', 'ignore_ament_install']
[0.101s] Level 1:colcon.colcon_core.package_identification:_identify(.) by extension 'ignore'
[0.101s] Level 1:colcon.colcon_core.package_identification:_identify(.) by extension 'ignore_ament_install'
[0.101s] Level 1:colcon.colcon_core.package_identification:_identify(.) by extensions ['colcon_pkg']
[0.101s] Level 1:colcon.colcon_core.package_identification:_identify(.) by extension 'colcon_pkg'
[0.101s] Level 1:colcon.colcon_core.package_identification:_identify(.) by extensions ['colcon_meta']
[0.101s] Level 1:colcon.colcon_core.package_identification:_identify(.) by extension 'colcon_meta'
[0.101s] Level 1:colcon.colcon_core.package_identification:_identify(.) by extensions ['ros']
[0.101s] Level 1:colcon.colcon_core.package_identification:_identify(.) by extension 'ros'
[0.126s] Level 1:colcon.colcon_core.package_identification:_identify(.) by extensions ['cmake', 'python']
[0.126s] Level 1:colcon.colcon_core.package_identification:_identify(.) by extension 'cmake'
[0.126s] Level 1:colcon.colcon_core.package_identification:_identify(.) by extension 'python'
[0.126s] Level 1:colcon.colcon_core.package_identification:_identify(.) by extensions ['python_setup_py']
[0.126s] Level 1:colcon.colcon_core.package_identification:_identify(.) by extension 'python_setup_py'
[0.126s] Level 1:colcon.colcon_core.package_identification:_identify(build) by extensions ['ignore', 'ignore_ament_install']
[0.126s] Level 1:colcon.colcon_core.package_identification:_identify(build) by extension 'ignore'
[0.126s] Level 1:colcon.colcon_core.package_identification:_identify(build) ignored
[0.126s] Level 1:colcon.colcon_core.package_identification:_identify(install) by extensions ['ignore', 'ignore_ament_install']
[0.126s] Level 1:colcon.colcon_core.package_identification:_identify(install) by extension 'ignore'
[0.126s] Level 1:colcon.colcon_core.package_identification:_identify(install) ignored
[0.126s] Level 1:colcon.colcon_core.package_identification:_identify(log) by extensions ['ignore', 'ignore_ament_install']
[0.127s] Level 1:colcon.colcon_core.package_identification:_identify(log) by extension 'ignore'
[0.127s] Level 1:colcon.colcon_core.package_identification:_identify(log) ignored
[0.127s] Level 1:colcon.colcon_core.package_identification:_identify(src) by extensions ['ignore', 'ignore_ament_install']
[0.127s] Level 1:colcon.colcon_core.package_identification:_identify(src) by extension 'ignore'
[0.127s] Level 1:colcon.colcon_core.package_identification:_identify(src) by extension 'ignore_ament_install'
[0.127s] Level 1:colcon.colcon_core.package_identification:_identify(src) by extensions ['colcon_pkg']
[0.127s] Level 1:colcon.colcon_core.package_identification:_identify(src) by extension 'colcon_pkg'
[0.127s] Level 1:colcon.colcon_core.package_identification:_identify(src) by extensions ['colcon_meta']
[0.127s] Level 1:colcon.colcon_core.package_identification:_identify(src) by extension 'colcon_meta'
[0.127s] Level 1:colcon.colcon_core.package_identification:_identify(src) by extensions ['ros']
[0.127s] Level 1:colcon.colcon_core.package_identification:_identify(src) by extension 'ros'
[0.127s] Level 1:colcon.colcon_core.package_identification:_identify(src) by extensions ['cmake', 'python']
[0.127s] Level 1:colcon.colcon_core.package_identification:_identify(src) by extension 'cmake'
[0.127s] Level 1:colcon.colcon_core.package_identification:_identify(src) by extension 'python'
[0.127s] Level 1:colcon.colcon_core.package_identification:_identify(src) by extensions ['python_setup_py']
[0.127s] Level 1:colcon.colcon_core.package_identification:_identify(src) by extension 'python_setup_py'
[0.127s] Level 1:colcon.colcon_core.package_identification:_identify(src/face_msgs) by extensions ['ignore', 'ignore_ament_install']
[0.127s] Level 1:colcon.colcon_core.package_identification:_identify(src/face_msgs) by extension 'ignore'
[0.127s] Level 1:colcon.colcon_core.package_identification:_identify(src/face_msgs) by extension 'ignore_ament_install'
[0.127s] Level 1:colcon.colcon_core.package_identification:_identify(src/face_msgs) by extensions ['colcon_pkg']
[0.127s] Level 1:colcon.colcon_core.package_identification:_identify(src/face_msgs) by extension 'colcon_pkg'
[0.127s] Level 1:colcon.colcon_core.package_identification:_identify(src/face_msgs) by extensions ['colcon_meta']
[0.127s] Level 1:colcon.colcon_core.package_identification:_identify(src/face_msgs) by extension 'colcon_meta'
[0.127s] Level 1:colcon.colcon_core.package_identification:_identify(src/face_msgs) by extensions ['ros']
[0.127s] Level 1:colcon.colcon_core.package_identification:_identify(src/face_msgs) by extension 'ros'
[0.129s] DEBUG:colcon.colcon_core.package_identification:Package 'src/face_msgs' with type 'ros.ament_cmake' and name 'face_msgs'
[0.129s] Level 1:colcon.colcon_core.package_identification:_identify(src/yolo_face_recognition) by extensions ['ignore', 'ignore_ament_install']
[0.129s] Level 1:colcon.colcon_core.package_identification:_identify(src/yolo_face_recognition) by extension 'ignore'
[0.129s] Level 1:colcon.colcon_core.package_identification:_identify(src/yolo_face_recognition) by extension 'ignore_ament_install'
[0.129s] Level 1:colcon.colcon_core.package_identification:_identify(src/yolo_face_recognition) by extensions ['colcon_pkg']
[0.129s] Level 1:colcon.colcon_core.package_identification:_identify(src/yolo_face_recognition) by extension 'colcon_pkg'
[0.129s] Level 1:colcon.colcon_core.package_identification:_identify(src/yolo_face_recognition) by extensions ['colcon_meta']
[0.129s] Level 1:colcon.colcon_core.package_identification:_identify(src/yolo_face_recognition) by extension 'colcon_meta'
[0.129s] Level 1:colcon.colcon_core.package_identification:_identify(src/yolo_face_recognition) by extensions ['ros']
[0.129s] Level 1:colcon.colcon_core.package_identification:_identify(src/yolo_face_recognition) by extension 'ros'
[0.129s] DEBUG:colcon.colcon_core.package_identification:Package 'src/yolo_face_recognition' with type 'ros.ament_python' and name 'yolo_face_recognition'
[0.129s] Level 1:colcon.colcon_core.package_discovery:discover_packages(recursive) using defaults
[0.129s] Level 1:colcon.colcon_core.package_discovery:discover_packages(ignore) discover
[0.129s] Level 1:colcon.colcon_core.package_discovery:discover_packages(ignore) using defaults
[0.129s] Level 1:colcon.colcon_core.package_discovery:discover_packages(path) discover
[0.129s] Level 1:colcon.colcon_core.package_discovery:discover_packages(path) using defaults
[0.142s] Level 1:colcon.colcon_core.package_discovery:discover_packages(prefix_path) check parameters
[0.142s] Level 1:colcon.colcon_core.package_discovery:discover_packages(prefix_path) discover
[0.143s] DEBUG:colcon.colcon_installed_package_information.package_discovery:Found 286 installed packages in /opt/ros/jazzy
[0.144s] Level 1:colcon.colcon_core.package_discovery:discover_packages(prefix_path) using defaults
[0.168s] Level 5:colcon.colcon_core.verb:set package 'face_msgs' build argument 'cmake_args' from command line to 'None'
[0.168s] Level 5:colcon.colcon_core.verb:set package 'face_msgs' build argument 'cmake_target' from command line to 'None'
[0.168s] Level 5:colcon.colcon_core.verb:set package 'face_msgs' build argument 'cmake_target_skip_unavailable' from command line to 'False'
[0.168s] Level 5:colcon.colcon_core.verb:set package 'face_msgs' build argument 'cmake_clean_cache' from command line to 'False'
[0.168s] Level 5:colcon.colcon_core.verb:set package 'face_msgs' build argument 'cmake_clean_first' from command line to 'False'
[0.168s] Level 5:colcon.colcon_core.verb:set package 'face_msgs' build argument 'cmake_force_configure' from command line to 'False'
[0.168s] Level 5:colcon.colcon_core.verb:set package 'face_msgs' build argument 'ament_cmake_args' from command line to 'None'
[0.168s] Level 5:colcon.colcon_core.verb:set package 'face_msgs' build argument 'catkin_cmake_args' from command line to 'None'
[0.168s] Level 5:colcon.colcon_core.verb:set package 'face_msgs' build argument 'catkin_skip_building_tests' from command line to 'False'
[0.168s] DEBUG:colcon.colcon_core.verb:Building package 'face_msgs' with the following arguments: {'ament_cmake_args': None, 'build_base': '/home/radu28/Documents/YOLO-face-recognition/ros2_yolo_ws/build/face_msgs', 'catkin_cmake_args': None, 'catkin_skip_building_tests': False, 'cmake_args': None, 'cmake_clean_cache': False, 'cmake_clean_first': False, 'cmake_force_configure': False, 'cmake_target': None, 'cmake_target_skip_unavailable': False, 'install_base': '/home/radu28/Documents/YOLO-face-recognition/ros2_yolo_ws/install/face_msgs', 'merge_install': False, 'path': '/home/radu28/Documents/YOLO-face-recognition/ros2_yolo_ws/src/face_msgs', 'symlink_install': False, 'test_result_base': None}
[0.168s] Level 5:colcon.colcon_core.verb:set package 'yolo_face_recognition' build argument 'cmake_args' from command line to 'None'
[0.168s] Level 5:colcon.colcon_core.verb:set package 'yolo_face_recognition' build argument 'cmake_target' from command line to 'None'
[0.168s] Level 5:colcon.colcon_core.verb:set package 'yolo_face_recognition' build argument 'cmake_target_skip_unavailable' from command line to 'False'
[0.168s] Level 5:colcon.colcon_core.verb:set package 'yolo_face_recognition' build argument 'cmake_clean_cache' from command line to 'False'
[0.168s] Level 5:colcon.colcon_core.verb:set package 'yolo_face_recognition' build argument 'cmake_clean_first' from command line to 'False'
[0.168s] Level 5:colcon.colcon_core.verb:set package 'yolo_face_recognition' build argument 'cmake_force_configure' from command line to 'False'
[0.168s] Level 5:colcon.colcon_core.verb:set package 'yolo_face_recognition' build argument 'ament_cmake_args' from command line to 'None'
[0.168s] Level 5:colcon.colcon_core.verb:set package 'yolo_face_recognition' build argument 'catkin_cmake_args' from command line to 'None'
[0.168s] Level 5:colcon.colcon_core.verb:set package 'yolo_face_recognition' build argument 'catkin_skip_building_tests' from command line to 'False'
[0.168s] DEBUG:colcon.colcon_core.verb:Building package 'yolo_face_recognition' with the following arguments: {'ament_cmake_args': None, 'build_base': '/home/radu28/Documents/YOLO-face-recognition/ros2_yolo_ws/build/yolo_face_recognition', 'catkin_cmake_args': None, 'catkin_skip_building_tests': False, 'cmake_args': None, 'cmake_clean_cache': False, 'cmake_clean_first': False, 'cmake_force_configure': False, 'cmake_target': None, 'cmake_target_skip_unavailable': False, 'install_base': '/home/radu28/Documents/YOLO-face-recognition/ros2_yolo_ws/install/yolo_face_recognition', 'merge_install': False, 'path': '/home/radu28/Documents/YOLO-face-recognition/ros2_yolo_ws/src/yolo_face_recognition', 'symlink_install': False, 'test_result_base': None}
[0.168s] INFO:colcon.colcon_core.executor:Executing jobs using 'parallel' executor
[0.169s] DEBUG:colcon.colcon_parallel_executor.executor.parallel:run_until_complete
[0.169s] INFO:colcon.colcon_ros.task.ament_cmake.build:Building ROS package in '/home/radu28/Documents/YOLO-face-recognition/ros2_yolo_ws/src/face_msgs' with build type 'ament_cmake'
[0.169s] INFO:colcon.colcon_cmake.task.cmake.build:Building CMake package in '/home/radu28/Documents/YOLO-face-recognition/ros2_yolo_ws/src/face_msgs'
[0.170s] INFO:colcon.colcon_core.plugin_system:Skipping extension 'colcon_core.shell.bat': Not used on non-Windows systems
[0.170s] INFO:colcon.colcon_core.shell:Skip shell extension 'powershell' for command environment: Not usable outside of PowerShell
[0.170s] DEBUG:colcon.colcon_core.shell:Skip shell extension 'dsv' for command environment
[0.176s] DEBUG:colcon.colcon_core.event_handler.log_command:Invoking command in '/home/radu28/Documents/YOLO-face-recognition/ros2_yolo_ws/build/face_msgs': CMAKE_PREFIX_PATH=${CMAKE_PREFIX_PATH}:/opt/ros/jazzy CONDA_PROMPT_MODIFIER=(base) DEBUGINFOD_URLS=https://debuginfod.ubuntu.com /usr/bin/cmake --build /home/radu28/Documents/YOLO-face-recognition/ros2_yolo_ws/build/face_msgs -- -j4 -l4
[0.460s] DEBUG:colcon.colcon_core.event_handler.log_command:Invoked command in '/home/radu28/Documents/YOLO-face-recognition/ros2_yolo_ws/build/face_msgs' returned '0': CMAKE_PREFIX_PATH=${CMAKE_PREFIX_PATH}:/opt/ros/jazzy CONDA_PROMPT_MODIFIER=(base) DEBUGINFOD_URLS=https://debuginfod.ubuntu.com /usr/bin/cmake --build /home/radu28/Documents/YOLO-face-recognition/ros2_yolo_ws/build/face_msgs -- -j4 -l4
[0.466s] DEBUG:colcon.colcon_core.event_handler.log_command:Invoking command in '/home/radu28/Documents/YOLO-face-recognition/ros2_yolo_ws/build/face_msgs': CMAKE_PREFIX_PATH=${CMAKE_PREFIX_PATH}:/opt/ros/jazzy CONDA_PROMPT_MODIFIER=(base) DEBUGINFOD_URLS=https://debuginfod.ubuntu.com /usr/bin/cmake --install /home/radu28/Documents/YOLO-face-recognition/ros2_yolo_ws/build/face_msgs
[0.506s] Level 1:colcon.colcon_core.environment:create_environment_scripts_only(face_msgs)
[0.507s] DEBUG:colcon.colcon_core.event_handler.log_command:Invoked command in '/home/radu28/Documents/YOLO-face-recognition/ros2_yolo_ws/build/face_msgs' returned '0': CMAKE_PREFIX_PATH=${CMAKE_PREFIX_PATH}:/opt/ros/jazzy CONDA_PROMPT_MODIFIER=(base) DEBUGINFOD_URLS=https://debuginfod.ubuntu.com /usr/bin/cmake --install /home/radu28/Documents/YOLO-face-recognition/ros2_yolo_ws/build/face_msgs
[0.507s] Level 1:colcon.colcon_core.environment:checking '/home/radu28/Documents/YOLO-face-recognition/ros2_yolo_ws/install/face_msgs' for CMake module files
[0.508s] Level 1:colcon.colcon_core.environment:checking '/home/radu28/Documents/YOLO-face-recognition/ros2_yolo_ws/install/face_msgs' for CMake config files
[0.508s] Level 1:colcon.colcon_core.shell:create_environment_hook('face_msgs', 'cmake_prefix_path')
[0.508s] INFO:colcon.colcon_core.shell:Creating environment hook '/home/radu28/Documents/YOLO-face-recognition/ros2_yolo_ws/install/face_msgs/share/face_msgs/hook/cmake_prefix_path.ps1'
[0.509s] INFO:colcon.colcon_core.shell:Creating environment descriptor '/home/radu28/Documents/YOLO-face-recognition/ros2_yolo_ws/install/face_msgs/share/face_msgs/hook/cmake_prefix_path.dsv'
[0.509s] INFO:colcon.colcon_core.shell:Creating environment hook '/home/radu28/Documents/YOLO-face-recognition/ros2_yolo_ws/install/face_msgs/share/face_msgs/hook/cmake_prefix_path.sh'
[0.509s] Level 1:colcon.colcon_core.environment:checking '/home/radu28/Documents/YOLO-face-recognition/ros2_yolo_ws/install/face_msgs/lib'
[0.509s] Level 1:colcon.colcon_core.shell:create_environment_hook('face_msgs', 'ld_library_path_lib')
[0.509s] INFO:colcon.colcon_core.shell:Creating environment hook '/home/radu28/Documents/YOLO-face-recognition/ros2_yolo_ws/install/face_msgs/share/face_msgs/hook/ld_library_path_lib.ps1'
[0.510s] INFO:colcon.colcon_core.shell:Creating environment descriptor '/home/radu28/Documents/YOLO-face-recognition/ros2_yolo_ws/install/face_msgs/share/face_msgs/hook/ld_library_path_lib.dsv'
[0.510s] INFO:colcon.colcon_core.shell:Creating environment hook '/home/radu28/Documents/YOLO-face-recognition/ros2_yolo_ws/install/face_msgs/share/face_msgs/hook/ld_library_path_lib.sh'
[0.510s] Level 1:colcon.colcon_core.environment:checking '/home/radu28/Documents/YOLO-face-recognition/ros2_yolo_ws/install/face_msgs/bin'
[0.510s] Level 1:colcon.colcon_core.environment:checking '/home/radu28/Documents/YOLO-face-recognition/ros2_yolo_ws/install/face_msgs/lib/pkgconfig/face_msgs.pc'
[0.510s] Level 1:colcon.colcon_core.environment:checking '/home/radu28/Documents/YOLO-face-recognition/ros2_yolo_ws/install/face_msgs/lib/python3.12/site-packages'
[0.510s] Level 1:colcon.colcon_core.shell:create_environment_hook('face_msgs', 'pythonpath')
[0.510s] INFO:colcon.colcon_core.shell:Creating environment hook '/home/radu28/Documents/YOLO-face-recognition/ros2_yolo_ws/install/face_msgs/share/face_msgs/hook/pythonpath.ps1'
[0.510s] INFO:colcon.colcon_core.shell:Creating environment descriptor '/home/radu28/Documents/YOLO-face-recognition/ros2_yolo_ws/install/face_msgs/share/face_msgs/hook/pythonpath.dsv'
[0.510s] INFO:colcon.colcon_core.shell:Creating environment hook '/home/radu28/Documents/YOLO-face-recognition/ros2_yolo_ws/install/face_msgs/share/face_msgs/hook/pythonpath.sh'
[0.511s] Level 1:colcon.colcon_core.environment:checking '/home/radu28/Documents/YOLO-face-recognition/ros2_yolo_ws/install/face_msgs/bin'
[0.511s] INFO:colcon.colcon_core.shell:Creating package script '/home/radu28/Documents/YOLO-face-recognition/ros2_yolo_ws/install/face_msgs/share/face_msgs/package.ps1'
[0.511s] INFO:colcon.colcon_core.shell:Creating package descriptor '/home/radu28/Documents/YOLO-face-recognition/ros2_yolo_ws/install/face_msgs/share/face_msgs/package.dsv'
[0.511s] INFO:colcon.colcon_core.shell:Creating package script '/home/radu28/Documents/YOLO-face-recognition/ros2_yolo_ws/install/face_msgs/share/face_msgs/package.sh'
[0.512s] INFO:colcon.colcon_core.shell:Creating package script '/home/radu28/Documents/YOLO-face-recognition/ros2_yolo_ws/install/face_msgs/share/face_msgs/package.bash'
[0.512s] INFO:colcon.colcon_core.shell:Creating package script '/home/radu28/Documents/YOLO-face-recognition/ros2_yolo_ws/install/face_msgs/share/face_msgs/package.zsh'
[0.512s] Level 1:colcon.colcon_core.environment:create_file_with_runtime_dependencies(/home/radu28/Documents/YOLO-face-recognition/ros2_yolo_ws/install/face_msgs/share/colcon-core/packages/face_msgs)
[0.512s] Level 1:colcon.colcon_core.environment:create_environment_scripts_only(face_msgs)
[0.513s] Level 1:colcon.colcon_core.environment:checking '/home/radu28/Documents/YOLO-face-recognition/ros2_yolo_ws/install/face_msgs' for CMake module files
[0.513s] Level 1:colcon.colcon_core.environment:checking '/home/radu28/Documents/YOLO-face-recognition/ros2_yolo_ws/install/face_msgs' for CMake config files
[0.513s] Level 1:colcon.colcon_core.shell:create_environment_hook('face_msgs', 'cmake_prefix_path')
[0.513s] INFO:colcon.colcon_core.shell:Creating environment hook '/home/radu28/Documents/YOLO-face-recognition/ros2_yolo_ws/install/face_msgs/share/face_msgs/hook/cmake_prefix_path.ps1'
[0.513s] INFO:colcon.colcon_core.shell:Creating environment descriptor '/home/radu28/Documents/YOLO-face-recognition/ros2_yolo_ws/install/face_msgs/share/face_msgs/hook/cmake_prefix_path.dsv'
[0.513s] INFO:colcon.colcon_core.shell:Creating environment hook '/home/radu28/Documents/YOLO-face-recognition/ros2_yolo_ws/install/face_msgs/share/face_msgs/hook/cmake_prefix_path.sh'
[0.514s] Level 1:colcon.colcon_core.environment:checking '/home/radu28/Documents/YOLO-face-recognition/ros2_yolo_ws/install/face_msgs/lib'
[0.514s] Level 1:colcon.colcon_core.shell:create_environment_hook('face_msgs', 'ld_library_path_lib')
[0.514s] INFO:colcon.colcon_core.shell:Creating environment hook '/home/radu28/Documents/YOLO-face-recognition/ros2_yolo_ws/install/face_msgs/share/face_msgs/hook/ld_library_path_lib.ps1'
[0.514s] INFO:colcon.colcon_core.shell:Creating environment descriptor '/home/radu28/Documents/YOLO-face-recognition/ros2_yolo_ws/install/face_msgs/share/face_msgs/hook/ld_library_path_lib.dsv'
[0.514s] INFO:colcon.colcon_core.shell:Creating environment hook '/home/radu28/Documents/YOLO-face-recognition/ros2_yolo_ws/install/face_msgs/share/face_msgs/hook/ld_library_path_lib.sh'
[0.514s] Level 1:colcon.colcon_core.environment:checking '/home/radu28/Documents/YOLO-face-recognition/ros2_yolo_ws/install/face_msgs/bin'
[0.514s] Level 1:colcon.colcon_core.environment:checking '/home/radu28/Documents/YOLO-face-recognition/ros2_yolo_ws/install/face_msgs/lib/pkgconfig/face_msgs.pc'
[0.514s] Level 1:colcon.colcon_core.environment:checking '/home/radu28/Documents/YOLO-face-recognition/ros2_yolo_ws/install/face_msgs/lib/python3.12/site-packages'
[0.514s] Level 1:colcon.colcon_core.shell:create_environment_hook('face_msgs', 'pythonpath')
[0.514s] INFO:colcon.colcon_core.shell:Creating environment hook '/home/radu28/Documents/YOLO-face-recognition/ros2_yolo_ws/install/face_msgs/share/face_msgs/hook/pythonpath.ps1'
[0.514s] INFO:colcon.colcon_core.shell:Creating environment descriptor '/home/radu28/Documents/YOLO-face-recognition/ros2_yolo_ws/install/face_msgs/share/face_msgs/hook/pythonpath.dsv'
[0.515s] INFO:colcon.colcon_core.shell:Creating environment hook '/home/radu28/Documents/YOLO-face-recognition/ros2_yolo_ws/install/face_msgs/share/face_msgs/hook/pythonpath.sh'
[0.515s] Level 1:colcon.colcon_core.environment:checking '/home/radu28/Documents/YOLO-face-recognition/ros2_yolo_ws/install/face_msgs/bin'
[0.515s] INFO:colcon.colcon_core.shell:Creating package script '/home/radu28/Documents/YOLO-face-recognition/ros2_yolo_ws/install/face_msgs/share/face_msgs/package.ps1'
[0.515s] INFO:colcon.colcon_core.shell:Creating package descriptor '/home/radu28/Documents/YOLO-face-recognition/ros2_yolo_ws/install/face_msgs/share/face_msgs/package.dsv'
[0.516s] INFO:colcon.colcon_core.shell:Creating package script '/home/radu28/Documents/YOLO-face-recognition/ros2_yolo_ws/install/face_msgs/share/face_msgs/package.sh'
[0.516s] INFO:colcon.colcon_core.shell:Creating package script '/home/radu28/Documents/YOLO-face-recognition/ros2_yolo_ws/install/face_msgs/share/face_msgs/package.bash'
[0.516s] INFO:colcon.colcon_core.shell:Creating package script '/home/radu28/Documents/YOLO-face-recognition/ros2_yolo_ws/install/face_msgs/share/face_msgs/package.zsh'
[0.516s] Level 1:colcon.colcon_core.environment:create_file_with_runtime_dependencies(/home/radu28/Documents/YOLO-face-recognition/ros2_yolo_ws/install/face_msgs/share/colcon-core/packages/face_msgs)
[0.516s] INFO:colcon.colcon_ros.task.ament_python.build:Building ROS package in '/home/radu28/Documents/YOLO-face-recognition/ros2_yolo_ws/src/yolo_face_recognition' with build type 'ament_python'
[0.516s] Level 1:colcon.colcon_core.shell:create_environment_hook('yolo_face_recognition', 'ament_prefix_path')
[0.516s] INFO:colcon.colcon_core.shell:Creating environment hook '/home/radu28/Documents/YOLO-face-recognition/ros2_yolo_ws/install/yolo_face_recognition/share/yolo_face_recognition/hook/ament_prefix_path.ps1'
[0.517s] INFO:colcon.colcon_core.shell:Creating environment descriptor '/home/radu28/Documents/YOLO-face-recognition/ros2_yolo_ws/install/yolo_face_recognition/share/yolo_face_recognition/hook/ament_prefix_path.dsv'
[0.517s] INFO:colcon.colcon_core.shell:Creating environment hook '/home/radu28/Documents/YOLO-face-recognition/ros2_yolo_ws/install/yolo_face_recognition/share/yolo_face_recognition/hook/ament_prefix_path.sh'
[0.517s] INFO:colcon.colcon_core.shell:Skip shell extension 'powershell' for command environment: Not usable outside of PowerShell
[0.517s] DEBUG:colcon.colcon_core.shell:Skip shell extension 'dsv' for command environment
[0.640s] INFO:colcon.colcon_core.task.python.build:Building Python package in '/home/radu28/Documents/YOLO-face-recognition/ros2_yolo_ws/src/yolo_face_recognition'
[0.640s] INFO:colcon.colcon_core.shell:Skip shell extension 'powershell' for command environment: Not usable outside of PowerShell
[0.640s] DEBUG:colcon.colcon_core.shell:Skip shell extension 'dsv' for command environment
[0.986s] DEBUG:colcon.colcon_core.event_handler.log_command:Invoking command in '/home/radu28/Documents/YOLO-face-recognition/ros2_yolo_ws/src/yolo_face_recognition': AMENT_PREFIX_PATH=/home/radu28/Documents/YOLO-face-recognition/ros2_yolo_ws/install/face_msgs:${AMENT_PREFIX_PATH} CMAKE_PREFIX_PATH=/home/radu28/Documents/YOLO-face-recognition/ros2_yolo_ws/install/face_msgs:${CMAKE_PREFIX_PATH} CONDA_PROMPT_MODIFIER=(base) DEBUGINFOD_URLS=https://debuginfod.ubuntu.com LD_LIBRARY_PATH=/home/radu28/Documents/YOLO-face-recognition/ros2_yolo_ws/install/face_msgs/lib:${LD_LIBRARY_PATH} PYTHONPATH=/home/radu28/Documents/YOLO-face-recognition/ros2_yolo_ws/build/yolo_face_recognition/prefix_override:/usr/lib/python3/dist-packages/colcon_core/task/python/colcon_distutils_commands:/home/radu28/Documents/YOLO-face-recognition/ros2_yolo_ws/install/yolo_face_recognition/lib/python3.12/site-packages:/home/radu28/Documents/YOLO-face-recognition/ros2_yolo_ws/install/face_msgs/lib/python3.12/site-packages:${PYTHONPATH} /usr/bin/python3 -W ignore:setup.py install is deprecated -W ignore:easy_install command is deprecated setup.py egg_info --egg-base ../../build/yolo_face_recognition build --build-base /home/radu28/Documents/YOLO-face-recognition/ros2_yolo_ws/build/yolo_face_recognition/build install --record /home/radu28/Documents/YOLO-face-recognition/ros2_yolo_ws/build/yolo_face_recognition/install.log --single-version-externally-managed install_data
[1.248s] Level 1:colcon.colcon_core.environment:checking '/home/radu28/Documents/YOLO-face-recognition/ros2_yolo_ws/install/yolo_face_recognition' for CMake module files
[1.249s] DEBUG:colcon.colcon_core.event_handler.log_command:Invoked command in '/home/radu28/Documents/YOLO-face-recognition/ros2_yolo_ws/src/yolo_face_recognition' returned '0': AMENT_PREFIX_PATH=/home/radu28/Documents/YOLO-face-recognition/ros2_yolo_ws/install/face_msgs:${AMENT_PREFIX_PATH} CMAKE_PREFIX_PATH=/home/radu28/Documents/YOLO-face-recognition/ros2_yolo_ws/install/face_msgs:${CMAKE_PREFIX_PATH} CONDA_PROMPT_MODIFIER=(base) DEBUGINFOD_URLS=https://debuginfod.ubuntu.com LD_LIBRARY_PATH=/home/radu28/Documents/YOLO-face-recognition/ros2_yolo_ws/install/face_msgs/lib:${LD_LIBRARY_PATH} PYTHONPATH=/home/radu28/Documents/YOLO-face-recognition/ros2_yolo_ws/build/yolo_face_recognition/prefix_override:/usr/lib/python3/dist-packages/colcon_core/task/python/colcon_distutils_commands:/home/radu28/Documents/YOLO-face-recognition/ros2_yolo_ws/install/yolo_face_recognition/lib/python3.12/site-packages:/home/radu28/Documents/YOLO-face-recognition/ros2_yolo_ws/install/face_msgs/lib/python3.12/site-packages:${PYTHONPATH} /usr/bin/python3 -W ignore:setup.py install is deprecated -W ignore:easy_install command is deprecated setup.py egg_info --egg-base ../../build/yolo_face_recognition build --build-base /home/radu28/Documents/YOLO-face-recognition/ros2_yolo_ws/build/yolo_face_recognition/build install --record /home/radu28/Documents/YOLO-face-recognition/ros2_yolo_ws/build/yolo_face_recognition/install.log --single-version-externally-managed install_data
[1.249s] Level 1:colcon.colcon_core.environment:checking '/home/radu28/Documents/YOLO-face-recognition/ros2_yolo_ws/install/yolo_face_recognition' for CMake config files
[1.249s] Level 1:colcon.colcon_core.environment:checking '/home/radu28/Documents/YOLO-face-recognition/ros2_yolo_ws/install/yolo_face_recognition/lib'
[1.249s] Level 1:colcon.colcon_core.environment:checking '/home/radu28/Documents/YOLO-face-recognition/ros2_yolo_ws/install/yolo_face_recognition/bin'
[1.249s] Level 1:colcon.colcon_core.environment:checking '/home/radu28/Documents/YOLO-face-recognition/ros2_yolo_ws/install/yolo_face_recognition/lib/pkgconfig/yolo_face_recognition.pc'
[1.250s] Level 1:colcon.colcon_core.environment:checking '/home/radu28/Documents/YOLO-face-recognition/ros2_yolo_ws/install/yolo_face_recognition/lib/python3.12/site-packages'
[1.250s] Level 1:colcon.colcon_core.shell:create_environment_hook('yolo_face_recognition', 'pythonpath')
[1.250s] INFO:colcon.colcon_core.shell:Creating environment hook '/home/radu28/Documents/YOLO-face-recognition/ros2_yolo_ws/install/yolo_face_recognition/share/yolo_face_recognition/hook/pythonpath.ps1'
[1.250s] INFO:colcon.colcon_core.shell:Creating environment descriptor '/home/radu28/Documents/YOLO-face-recognition/ros2_yolo_ws/install/yolo_face_recognition/share/yolo_face_recognition/hook/pythonpath.dsv'
[1.250s] INFO:colcon.colcon_core.shell:Creating environment hook '/home/radu28/Documents/YOLO-face-recognition/ros2_yolo_ws/install/yolo_face_recognition/share/yolo_face_recognition/hook/pythonpath.sh'
[1.251s] Level 1:colcon.colcon_core.environment:checking '/home/radu28/Documents/YOLO-face-recognition/ros2_yolo_ws/install/yolo_face_recognition/bin'
[1.251s] Level 1:colcon.colcon_core.environment:create_environment_scripts_only(yolo_face_recognition)
[1.251s] INFO:colcon.colcon_core.shell:Creating package script '/home/radu28/Documents/YOLO-face-recognition/ros2_yolo_ws/install/yolo_face_recognition/share/yolo_face_recognition/package.ps1'
[1.251s] INFO:colcon.colcon_core.shell:Creating package descriptor '/home/radu28/Documents/YOLO-face-recognition/ros2_yolo_ws/install/yolo_face_recognition/share/yolo_face_recognition/package.dsv'
[1.251s] INFO:colcon.colcon_core.shell:Creating package script '/home/radu28/Documents/YOLO-face-recognition/ros2_yolo_ws/install/yolo_face_recognition/share/yolo_face_recognition/package.sh'
[1.251s] INFO:colcon.colcon_core.shell:Creating package script '/home/radu28/Documents/YOLO-face-recognition/ros2_yolo_ws/install/yolo_face_recognition/share/yolo_face_recognition/package.bash'
[1.251s] INFO:colcon.colcon_core.shell:Creating package script '/home/radu28/Documents/YOLO-face-recognition/ros2_yolo_ws/install/yolo_face_recognition/share/yolo_face_recognition/package.zsh'
[1.252s] Level 1:colcon.colcon_core.environment:create_file_with_runtime_dependencies(/home/radu28/Documents/YOLO-face-recognition/ros2_yolo_ws/install/yolo_face_recognition/share/colcon-core/packages/yolo_face_recognition)
[1.252s] DEBUG:colcon.colcon_parallel_executor.executor.parallel:closing loop
[1.252s] DEBUG:colcon.colcon_parallel_executor.executor.parallel:loop closed
[1.252s] DEBUG:colcon.colcon_parallel_executor.executor.parallel:run_until_complete finished with '0'
[1.252s] DEBUG:colcon.colcon_core.event_reactor:joining thread
[1.256s] INFO:colcon.colcon_core.plugin_system:Skipping extension 'colcon_notification.desktop_notification.terminal_notifier': Not used on non-Darwin systems
[1.256s] INFO:colcon.colcon_core.plugin_system:Skipping extension 'colcon_notification.desktop_notification.win32': Not used on non-Windows systems
[1.256s] INFO:colcon.colcon_notification.desktop_notification:Sending desktop notification using 'notify2'
[1.298s] DEBUG:colcon.colcon_core.event_reactor:joined thread
[1.298s] INFO:colcon.colcon_core.shell:Creating prefix script '/home/radu28/Documents/YOLO-face-recognition/ros2_yolo_ws/install/local_setup.ps1'
[1.299s] INFO:colcon.colcon_core.shell:Creating prefix util module '/home/radu28/Documents/YOLO-face-recognition/ros2_yolo_ws/install/_local_setup_util_ps1.py'
[1.299s] INFO:colcon.colcon_core.shell:Creating prefix chain script '/home/radu28/Documents/YOLO-face-recognition/ros2_yolo_ws/install/setup.ps1'
[1.300s] INFO:colcon.colcon_core.shell:Creating prefix script '/home/radu28/Documents/YOLO-face-recognition/ros2_yolo_ws/install/local_setup.sh'
[1.300s] INFO:colcon.colcon_core.shell:Creating prefix util module '/home/radu28/Documents/YOLO-face-recognition/ros2_yolo_ws/install/_local_setup_util_sh.py'
[1.301s] INFO:colcon.colcon_core.shell:Creating prefix chain script '/home/radu28/Documents/YOLO-face-recognition/ros2_yolo_ws/install/setup.sh'
[1.301s] INFO:colcon.colcon_core.shell:Creating prefix script '/home/radu28/Documents/YOLO-face-recognition/ros2_yolo_ws/install/local_setup.bash'
[1.302s] INFO:colcon.colcon_core.shell:Creating prefix chain script '/home/radu28/Documents/YOLO-face-recognition/ros2_yolo_ws/install/setup.bash'
[1.302s] INFO:colcon.colcon_core.shell:Creating prefix script '/home/radu28/Documents/YOLO-face-recognition/ros2_yolo_ws/install/local_setup.zsh'
[1.302s] INFO:colcon.colcon_core.shell:Creating prefix chain script '/home/radu28/Documents/YOLO-face-recognition/ros2_yolo_ws/install/setup.zsh'
