[0.014s] Invoking command in '/home/radu28/Documents/YOLO-face-recognition/build/face_msgs': CMAKE_PREFIX_PATH=${CMAKE_PREFIX_PATH}:/opt/ros/jazzy CONDA_PROMPT_MODIFIER=(base) DEBUGINFOD_URLS=https://debuginfod.ubuntu.com PS1=(venv_yolo_py312) \u@\h:\w$ VIRTUAL_ENV_PROMPT=(venv_yolo_py312) /usr/bin/cmake --build /home/radu28/Documents/YOLO-face-recognition/build/face_msgs -- -j4 -l4
[0.070s] [  1%] Built target face_msgs__rosidl_generator_type_description
[0.083s] [  1%] Built target ament_cmake_python_copy_face_msgs
[0.085s] [  3%] Built target face_msgs__cpp
[0.092s] [ 24%] Built target face_msgs__rosidl_generator_c
[0.124s] [ 33%] Built target face_msgs__rosidl_typesupport_cpp
[0.135s] [ 42%] Built target face_msgs__rosidl_typesupport_introspection_cpp
[0.150s] [ 51%] Built target face_msgs__rosidl_typesupport_fastrtps_cpp
[0.163s] [ 68%] Built target face_msgs__rosidl_typesupport_fastrtps_c
[0.166s] [ 70%] Built target face_msgs__rosidl_typesupport_introspection_c
[0.178s] [ 79%] Built target face_msgs__rosidl_typesupport_c
[0.191s] [ 79%] Built target face_msgs
[0.223s] [ 81%] Built target face_msgs__py
[0.247s] [ 88%] Built target face_msgs__rosidl_generator_py
[0.264s] [100%] Built target face_msgs_s__rosidl_typesupport_introspection_c
[0.264s] [100%] Built target face_msgs_s__rosidl_typesupport_fastrtps_c
[0.264s] [100%] Built target face_msgs_s__rosidl_typesupport_c
[0.289s] running egg_info
[0.297s] writing face_msgs.egg-info/PKG-INFO
[0.298s] writing dependency_links to face_msgs.egg-info/dependency_links.txt
[0.298s] writing top-level names to face_msgs.egg-info/top_level.txt
[0.337s] reading manifest file 'face_msgs.egg-info/SOURCES.txt'
[0.338s] writing manifest file 'face_msgs.egg-info/SOURCES.txt'
[0.357s] [100%] Built target ament_cmake_python_build_face_msgs_egg
[0.365s] Invoked command in '/home/radu28/Documents/YOLO-face-recognition/build/face_msgs' returned '0': CMAKE_PREFIX_PATH=${CMAKE_PREFIX_PATH}:/opt/ros/jazzy CONDA_PROMPT_MODIFIER=(base) DEBUGINFOD_URLS=https://debuginfod.ubuntu.com PS1=(venv_yolo_py312) \u@\h:\w$ VIRTUAL_ENV_PROMPT=(venv_yolo_py312) /usr/bin/cmake --build /home/radu28/Documents/YOLO-face-recognition/build/face_msgs -- -j4 -l4
[0.373s] Invoking command in '/home/radu28/Documents/YOLO-face-recognition/build/face_msgs': CMAKE_PREFIX_PATH=${CMAKE_PREFIX_PATH}:/opt/ros/jazzy CONDA_PROMPT_MODIFIER=(base) DEBUGINFOD_URLS=https://debuginfod.ubuntu.com PS1=(venv_yolo_py312) \u@\h:\w$ VIRTUAL_ENV_PROMPT=(venv_yolo_py312) /usr/bin/cmake --install /home/radu28/Documents/YOLO-face-recognition/build/face_msgs
[0.379s] -- Install configuration: ""
[0.379s] -- Up-to-date: /home/radu28/Documents/YOLO-face-recognition/install/face_msgs/share/ament_index/resource_index/rosidl_interfaces/face_msgs
[0.379s] -- Up-to-date: /home/radu28/Documents/YOLO-face-recognition/install/face_msgs/share/face_msgs/msg/FaceDetections.json
[0.379s] -- Up-to-date: /home/radu28/Documents/YOLO-face-recognition/install/face_msgs/share/face_msgs/msg/Face.json
[0.379s] -- Up-to-date: /home/radu28/Documents/YOLO-face-recognition/install/face_msgs/share/face_msgs/msg/FaceEmbeddingArray.json
[0.379s] -- Up-to-date: /home/radu28/Documents/YOLO-face-recognition/install/face_msgs/include/face_msgs/face_msgs
[0.379s] -- Up-to-date: /home/radu28/Documents/YOLO-face-recognition/install/face_msgs/include/face_msgs/face_msgs/msg
[0.380s] -- Up-to-date: /home/radu28/Documents/YOLO-face-recognition/install/face_msgs/include/face_msgs/face_msgs/msg/rosidl_generator_c__visibility_control.h
[0.380s] -- Up-to-date: /home/radu28/Documents/YOLO-face-recognition/install/face_msgs/include/face_msgs/face_msgs/msg/face_embedding_array.h
[0.380s] -- Up-to-date: /home/radu28/Documents/YOLO-face-recognition/install/face_msgs/include/face_msgs/face_msgs/msg/detail
[0.380s] -- Up-to-date: /home/radu28/Documents/YOLO-face-recognition/install/face_msgs/include/face_msgs/face_msgs/msg/detail/face_embedding_array__type_support.h
[0.380s] -- Up-to-date: /home/radu28/Documents/YOLO-face-recognition/install/face_msgs/include/face_msgs/face_msgs/msg/detail/face_detections__type_support.h
[0.380s] -- Installing: /home/radu28/Documents/YOLO-face-recognition/install/face_msgs/include/face_msgs/face_msgs/msg/detail/face_embedding_array__type_support.c
[0.380s] -- Up-to-date: /home/radu28/Documents/YOLO-face-recognition/install/face_msgs/include/face_msgs/face_msgs/msg/detail/face_detections__description.c
[0.380s] -- Up-to-date: /home/radu28/Documents/YOLO-face-recognition/install/face_msgs/include/face_msgs/face_msgs/msg/detail/face_detections__functions.c
[0.380s] -- Up-to-date: /home/radu28/Documents/YOLO-face-recognition/install/face_msgs/include/face_msgs/face_msgs/msg/detail/face__functions.h
[0.380s] -- Up-to-date: /home/radu28/Documents/YOLO-face-recognition/install/face_msgs/include/face_msgs/face_msgs/msg/detail/face__type_support.h
[0.380s] -- Up-to-date: /home/radu28/Documents/YOLO-face-recognition/install/face_msgs/include/face_msgs/face_msgs/msg/detail/face_embedding_array__description.c
[0.380s] -- Up-to-date: /home/radu28/Documents/YOLO-face-recognition/install/face_msgs/include/face_msgs/face_msgs/msg/detail/face_embedding_array__functions.h
[0.380s] -- Up-to-date: /home/radu28/Documents/YOLO-face-recognition/install/face_msgs/include/face_msgs/face_msgs/msg/detail/face_detections__functions.h
[0.380s] -- Installing: /home/radu28/Documents/YOLO-face-recognition/install/face_msgs/include/face_msgs/face_msgs/msg/detail/face__type_support.c
[0.381s] -- Installing: /home/radu28/Documents/YOLO-face-recognition/install/face_msgs/include/face_msgs/face_msgs/msg/detail/face_detections__type_support.c
[0.381s] -- Up-to-date: /home/radu28/Documents/YOLO-face-recognition/install/face_msgs/include/face_msgs/face_msgs/msg/detail/face_embedding_array__struct.h
[0.381s] -- Up-to-date: /home/radu28/Documents/YOLO-face-recognition/install/face_msgs/include/face_msgs/face_msgs/msg/detail/face__description.c
[0.381s] -- Up-to-date: /home/radu28/Documents/YOLO-face-recognition/install/face_msgs/include/face_msgs/face_msgs/msg/detail/face__struct.h
[0.381s] -- Up-to-date: /home/radu28/Documents/YOLO-face-recognition/install/face_msgs/include/face_msgs/face_msgs/msg/detail/face__functions.c
[0.381s] -- Up-to-date: /home/radu28/Documents/YOLO-face-recognition/install/face_msgs/include/face_msgs/face_msgs/msg/detail/face_embedding_array__functions.c
[0.381s] -- Up-to-date: /home/radu28/Documents/YOLO-face-recognition/install/face_msgs/include/face_msgs/face_msgs/msg/detail/face_detections__struct.h
[0.381s] -- Up-to-date: /home/radu28/Documents/YOLO-face-recognition/install/face_msgs/include/face_msgs/face_msgs/msg/face_detections.h
[0.381s] -- Up-to-date: /home/radu28/Documents/YOLO-face-recognition/install/face_msgs/include/face_msgs/face_msgs/msg/face.h
[0.381s] -- Up-to-date: /home/radu28/Documents/YOLO-face-recognition/install/face_msgs/share/face_msgs/environment/library_path.sh
[0.381s] -- Up-to-date: /home/radu28/Documents/YOLO-face-recognition/install/face_msgs/share/face_msgs/environment/library_path.dsv
[0.382s] -- Up-to-date: /home/radu28/Documents/YOLO-face-recognition/install/face_msgs/lib/libface_msgs__rosidl_generator_c.so
[0.382s] -- Up-to-date: /home/radu28/Documents/YOLO-face-recognition/install/face_msgs/include/face_msgs/face_msgs
[0.382s] -- Up-to-date: /home/radu28/Documents/YOLO-face-recognition/install/face_msgs/include/face_msgs/face_msgs/msg
[0.383s] -- Up-to-date: /home/radu28/Documents/YOLO-face-recognition/install/face_msgs/include/face_msgs/face_msgs/msg/rosidl_typesupport_fastrtps_c__visibility_control.h
[0.383s] -- Up-to-date: /home/radu28/Documents/YOLO-face-recognition/install/face_msgs/include/face_msgs/face_msgs/msg/detail
[0.383s] -- Up-to-date: /home/radu28/Documents/YOLO-face-recognition/install/face_msgs/include/face_msgs/face_msgs/msg/detail/face_embedding_array__rosidl_typesupport_fastrtps_c.h
[0.383s] -- Up-to-date: /home/radu28/Documents/YOLO-face-recognition/install/face_msgs/include/face_msgs/face_msgs/msg/detail/face_detections__rosidl_typesupport_fastrtps_c.h
[0.383s] -- Up-to-date: /home/radu28/Documents/YOLO-face-recognition/install/face_msgs/include/face_msgs/face_msgs/msg/detail/face__rosidl_typesupport_fastrtps_c.h
[0.384s] -- Up-to-date: /home/radu28/Documents/YOLO-face-recognition/install/face_msgs/lib/libface_msgs__rosidl_typesupport_fastrtps_c.so
[0.384s] -- Up-to-date: /home/radu28/Documents/YOLO-face-recognition/install/face_msgs/include/face_msgs/face_msgs
[0.384s] -- Up-to-date: /home/radu28/Documents/YOLO-face-recognition/install/face_msgs/include/face_msgs/face_msgs/msg
[0.384s] -- Up-to-date: /home/radu28/Documents/YOLO-face-recognition/install/face_msgs/include/face_msgs/face_msgs/msg/rosidl_typesupport_introspection_c__visibility_control.h
[0.384s] -- Up-to-date: /home/radu28/Documents/YOLO-face-recognition/install/face_msgs/include/face_msgs/face_msgs/msg/detail
[0.384s] -- Installing: /home/radu28/Documents/YOLO-face-recognition/install/face_msgs/include/face_msgs/face_msgs/msg/detail/face_embedding_array__type_support.c
[0.384s] -- Up-to-date: /home/radu28/Documents/YOLO-face-recognition/install/face_msgs/include/face_msgs/face_msgs/msg/detail/face__rosidl_typesupport_introspection_c.h
[0.384s] -- Installing: /home/radu28/Documents/YOLO-face-recognition/install/face_msgs/include/face_msgs/face_msgs/msg/detail/face__type_support.c
[0.384s] -- Installing: /home/radu28/Documents/YOLO-face-recognition/install/face_msgs/include/face_msgs/face_msgs/msg/detail/face_detections__type_support.c
[0.385s] -- Up-to-date: /home/radu28/Documents/YOLO-face-recognition/install/face_msgs/include/face_msgs/face_msgs/msg/detail/face_embedding_array__rosidl_typesupport_introspection_c.h
[0.385s] -- Up-to-date: /home/radu28/Documents/YOLO-face-recognition/install/face_msgs/include/face_msgs/face_msgs/msg/detail/face_detections__rosidl_typesupport_introspection_c.h
[0.385s] -- Up-to-date: /home/radu28/Documents/YOLO-face-recognition/install/face_msgs/lib/libface_msgs__rosidl_typesupport_introspection_c.so
[0.385s] -- Up-to-date: /home/radu28/Documents/YOLO-face-recognition/install/face_msgs/lib/libface_msgs__rosidl_typesupport_c.so
[0.385s] -- Up-to-date: /home/radu28/Documents/YOLO-face-recognition/install/face_msgs/include/face_msgs/face_msgs
[0.386s] -- Up-to-date: /home/radu28/Documents/YOLO-face-recognition/install/face_msgs/include/face_msgs/face_msgs/msg
[0.386s] -- Up-to-date: /home/radu28/Documents/YOLO-face-recognition/install/face_msgs/include/face_msgs/face_msgs/msg/face_detections.hpp
[0.386s] -- Up-to-date: /home/radu28/Documents/YOLO-face-recognition/install/face_msgs/include/face_msgs/face_msgs/msg/face.hpp
[0.386s] -- Up-to-date: /home/radu28/Documents/YOLO-face-recognition/install/face_msgs/include/face_msgs/face_msgs/msg/rosidl_generator_cpp__visibility_control.hpp
[0.386s] -- Up-to-date: /home/radu28/Documents/YOLO-face-recognition/install/face_msgs/include/face_msgs/face_msgs/msg/detail
[0.386s] -- Up-to-date: /home/radu28/Documents/YOLO-face-recognition/install/face_msgs/include/face_msgs/face_msgs/msg/detail/face__traits.hpp
[0.386s] -- Up-to-date: /home/radu28/Documents/YOLO-face-recognition/install/face_msgs/include/face_msgs/face_msgs/msg/detail/face_detections__traits.hpp
[0.386s] -- Up-to-date: /home/radu28/Documents/YOLO-face-recognition/install/face_msgs/include/face_msgs/face_msgs/msg/detail/face__type_support.hpp
[0.386s] -- Up-to-date: /home/radu28/Documents/YOLO-face-recognition/install/face_msgs/include/face_msgs/face_msgs/msg/detail/face_detections__struct.hpp
[0.386s] -- Up-to-date: /home/radu28/Documents/YOLO-face-recognition/install/face_msgs/include/face_msgs/face_msgs/msg/detail/face_embedding_array__type_support.hpp
[0.386s] -- Up-to-date: /home/radu28/Documents/YOLO-face-recognition/install/face_msgs/include/face_msgs/face_msgs/msg/detail/face_embedding_array__struct.hpp
[0.386s] -- Up-to-date: /home/radu28/Documents/YOLO-face-recognition/install/face_msgs/include/face_msgs/face_msgs/msg/detail/face__struct.hpp
[0.386s] -- Up-to-date: /home/radu28/Documents/YOLO-face-recognition/install/face_msgs/include/face_msgs/face_msgs/msg/detail/face_detections__type_support.hpp
[0.386s] -- Up-to-date: /home/radu28/Documents/YOLO-face-recognition/install/face_msgs/include/face_msgs/face_msgs/msg/detail/face_detections__builder.hpp
[0.386s] -- Up-to-date: /home/radu28/Documents/YOLO-face-recognition/install/face_msgs/include/face_msgs/face_msgs/msg/detail/face_embedding_array__traits.hpp
[0.386s] -- Up-to-date: /home/radu28/Documents/YOLO-face-recognition/install/face_msgs/include/face_msgs/face_msgs/msg/detail/face__builder.hpp
[0.386s] -- Up-to-date: /home/radu28/Documents/YOLO-face-recognition/install/face_msgs/include/face_msgs/face_msgs/msg/detail/face_embedding_array__builder.hpp
[0.386s] -- Up-to-date: /home/radu28/Documents/YOLO-face-recognition/install/face_msgs/include/face_msgs/face_msgs/msg/face_embedding_array.hpp
[0.386s] -- Up-to-date: /home/radu28/Documents/YOLO-face-recognition/install/face_msgs/include/face_msgs/face_msgs
[0.387s] -- Up-to-date: /home/radu28/Documents/YOLO-face-recognition/install/face_msgs/include/face_msgs/face_msgs/msg
[0.387s] -- Up-to-date: /home/radu28/Documents/YOLO-face-recognition/install/face_msgs/include/face_msgs/face_msgs/msg/rosidl_typesupport_fastrtps_cpp__visibility_control.h
[0.387s] -- Up-to-date: /home/radu28/Documents/YOLO-face-recognition/install/face_msgs/include/face_msgs/face_msgs/msg/detail
[0.387s] -- Up-to-date: /home/radu28/Documents/YOLO-face-recognition/install/face_msgs/include/face_msgs/face_msgs/msg/detail/face_embedding_array__rosidl_typesupport_fastrtps_cpp.hpp
[0.387s] -- Up-to-date: /home/radu28/Documents/YOLO-face-recognition/install/face_msgs/include/face_msgs/face_msgs/msg/detail/face_detections__rosidl_typesupport_fastrtps_cpp.hpp
[0.387s] -- Up-to-date: /home/radu28/Documents/YOLO-face-recognition/install/face_msgs/include/face_msgs/face_msgs/msg/detail/dds_fastrtps
[0.387s] -- Up-to-date: /home/radu28/Documents/YOLO-face-recognition/install/face_msgs/include/face_msgs/face_msgs/msg/detail/face__rosidl_typesupport_fastrtps_cpp.hpp
[0.387s] -- Up-to-date: /home/radu28/Documents/YOLO-face-recognition/install/face_msgs/lib/libface_msgs__rosidl_typesupport_fastrtps_cpp.so
[0.387s] -- Up-to-date: /home/radu28/Documents/YOLO-face-recognition/install/face_msgs/include/face_msgs/face_msgs
[0.388s] -- Up-to-date: /home/radu28/Documents/YOLO-face-recognition/install/face_msgs/include/face_msgs/face_msgs/msg
[0.388s] -- Up-to-date: /home/radu28/Documents/YOLO-face-recognition/install/face_msgs/include/face_msgs/face_msgs/msg/detail
[0.388s] -- Up-to-date: /home/radu28/Documents/YOLO-face-recognition/install/face_msgs/include/face_msgs/face_msgs/msg/detail/face_detections__type_support.cpp
[0.388s] -- Up-to-date: /home/radu28/Documents/YOLO-face-recognition/install/face_msgs/include/face_msgs/face_msgs/msg/detail/face__type_support.cpp
[0.388s] -- Up-to-date: /home/radu28/Documents/YOLO-face-recognition/install/face_msgs/include/face_msgs/face_msgs/msg/detail/face_embedding_array__type_support.cpp
[0.388s] -- Up-to-date: /home/radu28/Documents/YOLO-face-recognition/install/face_msgs/include/face_msgs/face_msgs/msg/detail/face_embedding_array__rosidl_typesupport_introspection_cpp.hpp
[0.388s] -- Up-to-date: /home/radu28/Documents/YOLO-face-recognition/install/face_msgs/include/face_msgs/face_msgs/msg/detail/face__rosidl_typesupport_introspection_cpp.hpp
[0.388s] -- Up-to-date: /home/radu28/Documents/YOLO-face-recognition/install/face_msgs/include/face_msgs/face_msgs/msg/detail/face_detections__rosidl_typesupport_introspection_cpp.hpp
[0.389s] -- Up-to-date: /home/radu28/Documents/YOLO-face-recognition/install/face_msgs/lib/libface_msgs__rosidl_typesupport_introspection_cpp.so
[0.390s] -- Up-to-date: /home/radu28/Documents/YOLO-face-recognition/install/face_msgs/lib/libface_msgs__rosidl_typesupport_cpp.so
[0.390s] -- Up-to-date: /home/radu28/Documents/YOLO-face-recognition/install/face_msgs/share/face_msgs/environment/pythonpath.sh
[0.390s] -- Up-to-date: /home/radu28/Documents/YOLO-face-recognition/install/face_msgs/share/face_msgs/environment/pythonpath.dsv
[0.390s] -- Up-to-date: /home/radu28/Documents/YOLO-face-recognition/install/face_msgs/lib/python3.12/site-packages/face_msgs-0.0.0-py3.12.egg-info
[0.390s] -- Installing: /home/radu28/Documents/YOLO-face-recognition/install/face_msgs/lib/python3.12/site-packages/face_msgs-0.0.0-py3.12.egg-info/PKG-INFO
[0.390s] -- Installing: /home/radu28/Documents/YOLO-face-recognition/install/face_msgs/lib/python3.12/site-packages/face_msgs-0.0.0-py3.12.egg-info/SOURCES.txt
[0.390s] -- Installing: /home/radu28/Documents/YOLO-face-recognition/install/face_msgs/lib/python3.12/site-packages/face_msgs-0.0.0-py3.12.egg-info/top_level.txt
[0.390s] -- Installing: /home/radu28/Documents/YOLO-face-recognition/install/face_msgs/lib/python3.12/site-packages/face_msgs-0.0.0-py3.12.egg-info/dependency_links.txt
[0.390s] -- Up-to-date: /home/radu28/Documents/YOLO-face-recognition/install/face_msgs/lib/python3.12/site-packages/face_msgs
[0.391s] -- Up-to-date: /home/radu28/Documents/YOLO-face-recognition/install/face_msgs/lib/python3.12/site-packages/face_msgs/_face_msgs_s.ep.rosidl_typesupport_fastrtps_c.c
[0.391s] -- Up-to-date: /home/radu28/Documents/YOLO-face-recognition/install/face_msgs/lib/python3.12/site-packages/face_msgs/_face_msgs_s.ep.rosidl_typesupport_introspection_c.c
[0.391s] -- Up-to-date: /home/radu28/Documents/YOLO-face-recognition/install/face_msgs/lib/python3.12/site-packages/face_msgs/_face_msgs_s.ep.rosidl_typesupport_c.c
[0.391s] -- Up-to-date: /home/radu28/Documents/YOLO-face-recognition/install/face_msgs/lib/python3.12/site-packages/face_msgs/face_msgs_s__rosidl_typesupport_introspection_c.so
[0.391s] -- Up-to-date: /home/radu28/Documents/YOLO-face-recognition/install/face_msgs/lib/python3.12/site-packages/face_msgs/face_msgs_s__rosidl_typesupport_fastrtps_c.so
[0.391s] -- Up-to-date: /home/radu28/Documents/YOLO-face-recognition/install/face_msgs/lib/python3.12/site-packages/face_msgs/msg
[0.391s] -- Up-to-date: /home/radu28/Documents/YOLO-face-recognition/install/face_msgs/lib/python3.12/site-packages/face_msgs/msg/_face_embedding_array.py
[0.391s] -- Up-to-date: /home/radu28/Documents/YOLO-face-recognition/install/face_msgs/lib/python3.12/site-packages/face_msgs/msg/_face_embedding_array_s.c
[0.391s] -- Up-to-date: /home/radu28/Documents/YOLO-face-recognition/install/face_msgs/lib/python3.12/site-packages/face_msgs/msg/_face_detections_s.c
[0.391s] -- Up-to-date: /home/radu28/Documents/YOLO-face-recognition/install/face_msgs/lib/python3.12/site-packages/face_msgs/msg/_face_s.c
[0.391s] -- Up-to-date: /home/radu28/Documents/YOLO-face-recognition/install/face_msgs/lib/python3.12/site-packages/face_msgs/msg/_face.py
[0.391s] -- Up-to-date: /home/radu28/Documents/YOLO-face-recognition/install/face_msgs/lib/python3.12/site-packages/face_msgs/msg/__init__.py
[0.391s] -- Up-to-date: /home/radu28/Documents/YOLO-face-recognition/install/face_msgs/lib/python3.12/site-packages/face_msgs/msg/_face_detections.py
[0.391s] -- Up-to-date: /home/radu28/Documents/YOLO-face-recognition/install/face_msgs/lib/python3.12/site-packages/face_msgs/__init__.py
[0.391s] -- Up-to-date: /home/radu28/Documents/YOLO-face-recognition/install/face_msgs/lib/python3.12/site-packages/face_msgs/face_msgs_s__rosidl_typesupport_c.so
[0.420s] Listing '/home/radu28/Documents/YOLO-face-recognition/install/face_msgs/lib/python3.12/site-packages/face_msgs'...
[0.420s] Listing '/home/radu28/Documents/YOLO-face-recognition/install/face_msgs/lib/python3.12/site-packages/face_msgs/msg'...
[0.425s] -- Up-to-date: /home/radu28/Documents/YOLO-face-recognition/install/face_msgs/lib/python3.12/site-packages/face_msgs/face_msgs_s__rosidl_typesupport_fastrtps_c.so
[0.426s] -- Up-to-date: /home/radu28/Documents/YOLO-face-recognition/install/face_msgs/lib/python3.12/site-packages/face_msgs/face_msgs_s__rosidl_typesupport_introspection_c.so
[0.427s] -- Up-to-date: /home/radu28/Documents/YOLO-face-recognition/install/face_msgs/lib/python3.12/site-packages/face_msgs/face_msgs_s__rosidl_typesupport_c.so
[0.428s] -- Up-to-date: /home/radu28/Documents/YOLO-face-recognition/install/face_msgs/lib/libface_msgs__rosidl_generator_py.so
[0.428s] -- Up-to-date: /home/radu28/Documents/YOLO-face-recognition/install/face_msgs/share/face_msgs/msg/FaceDetections.idl
[0.428s] -- Up-to-date: /home/radu28/Documents/YOLO-face-recognition/install/face_msgs/share/face_msgs/msg/Face.idl
[0.428s] -- Up-to-date: /home/radu28/Documents/YOLO-face-recognition/install/face_msgs/share/face_msgs/msg/FaceEmbeddingArray.idl
[0.428s] -- Up-to-date: /home/radu28/Documents/YOLO-face-recognition/install/face_msgs/share/face_msgs/msg/FaceDetections.msg
[0.428s] -- Up-to-date: /home/radu28/Documents/YOLO-face-recognition/install/face_msgs/share/face_msgs/msg/Face.msg
[0.428s] -- Up-to-date: /home/radu28/Documents/YOLO-face-recognition/install/face_msgs/share/face_msgs/msg/FaceEmbeddingArray.msg
[0.428s] -- Up-to-date: /home/radu28/Documents/YOLO-face-recognition/install/face_msgs/share/ament_index/resource_index/package_run_dependencies/face_msgs
[0.428s] -- Up-to-date: /home/radu28/Documents/YOLO-face-recognition/install/face_msgs/share/ament_index/resource_index/parent_prefix_path/face_msgs
[0.429s] -- Up-to-date: /home/radu28/Documents/YOLO-face-recognition/install/face_msgs/share/face_msgs/environment/ament_prefix_path.sh
[0.429s] -- Up-to-date: /home/radu28/Documents/YOLO-face-recognition/install/face_msgs/share/face_msgs/environment/ament_prefix_path.dsv
[0.429s] -- Up-to-date: /home/radu28/Documents/YOLO-face-recognition/install/face_msgs/share/face_msgs/environment/path.sh
[0.429s] -- Up-to-date: /home/radu28/Documents/YOLO-face-recognition/install/face_msgs/share/face_msgs/environment/path.dsv
[0.429s] -- Up-to-date: /home/radu28/Documents/YOLO-face-recognition/install/face_msgs/share/face_msgs/local_setup.bash
[0.429s] -- Up-to-date: /home/radu28/Documents/YOLO-face-recognition/install/face_msgs/share/face_msgs/local_setup.sh
[0.429s] -- Up-to-date: /home/radu28/Documents/YOLO-face-recognition/install/face_msgs/share/face_msgs/local_setup.zsh
[0.429s] -- Up-to-date: /home/radu28/Documents/YOLO-face-recognition/install/face_msgs/share/face_msgs/local_setup.dsv
[0.429s] -- Installing: /home/radu28/Documents/YOLO-face-recognition/install/face_msgs/share/face_msgs/package.dsv
[0.429s] -- Up-to-date: /home/radu28/Documents/YOLO-face-recognition/install/face_msgs/share/ament_index/resource_index/packages/face_msgs
[0.429s] -- Up-to-date: /home/radu28/Documents/YOLO-face-recognition/install/face_msgs/share/face_msgs/cmake/export_face_msgs__rosidl_generator_cExport.cmake
[0.429s] -- Up-to-date: /home/radu28/Documents/YOLO-face-recognition/install/face_msgs/share/face_msgs/cmake/export_face_msgs__rosidl_generator_cExport-noconfig.cmake
[0.430s] -- Up-to-date: /home/radu28/Documents/YOLO-face-recognition/install/face_msgs/share/face_msgs/cmake/export_face_msgs__rosidl_typesupport_fastrtps_cExport.cmake
[0.430s] -- Up-to-date: /home/radu28/Documents/YOLO-face-recognition/install/face_msgs/share/face_msgs/cmake/export_face_msgs__rosidl_typesupport_fastrtps_cExport-noconfig.cmake
[0.430s] -- Up-to-date: /home/radu28/Documents/YOLO-face-recognition/install/face_msgs/share/face_msgs/cmake/face_msgs__rosidl_typesupport_introspection_cExport.cmake
[0.430s] -- Up-to-date: /home/radu28/Documents/YOLO-face-recognition/install/face_msgs/share/face_msgs/cmake/face_msgs__rosidl_typesupport_introspection_cExport-noconfig.cmake
[0.430s] -- Up-to-date: /home/radu28/Documents/YOLO-face-recognition/install/face_msgs/share/face_msgs/cmake/face_msgs__rosidl_typesupport_cExport.cmake
[0.430s] -- Up-to-date: /home/radu28/Documents/YOLO-face-recognition/install/face_msgs/share/face_msgs/cmake/face_msgs__rosidl_typesupport_cExport-noconfig.cmake
[0.431s] -- Up-to-date: /home/radu28/Documents/YOLO-face-recognition/install/face_msgs/share/face_msgs/cmake/export_face_msgs__rosidl_generator_cppExport.cmake
[0.431s] -- Up-to-date: /home/radu28/Documents/YOLO-face-recognition/install/face_msgs/share/face_msgs/cmake/export_face_msgs__rosidl_typesupport_fastrtps_cppExport.cmake
[0.431s] -- Up-to-date: /home/radu28/Documents/YOLO-face-recognition/install/face_msgs/share/face_msgs/cmake/export_face_msgs__rosidl_typesupport_fastrtps_cppExport-noconfig.cmake
[0.431s] -- Up-to-date: /home/radu28/Documents/YOLO-face-recognition/install/face_msgs/share/face_msgs/cmake/face_msgs__rosidl_typesupport_introspection_cppExport.cmake
[0.431s] -- Up-to-date: /home/radu28/Documents/YOLO-face-recognition/install/face_msgs/share/face_msgs/cmake/face_msgs__rosidl_typesupport_introspection_cppExport-noconfig.cmake
[0.432s] -- Up-to-date: /home/radu28/Documents/YOLO-face-recognition/install/face_msgs/share/face_msgs/cmake/face_msgs__rosidl_typesupport_cppExport.cmake
[0.432s] -- Up-to-date: /home/radu28/Documents/YOLO-face-recognition/install/face_msgs/share/face_msgs/cmake/face_msgs__rosidl_typesupport_cppExport-noconfig.cmake
[0.432s] -- Up-to-date: /home/radu28/Documents/YOLO-face-recognition/install/face_msgs/share/face_msgs/cmake/export_face_msgs__rosidl_generator_pyExport.cmake
[0.432s] -- Up-to-date: /home/radu28/Documents/YOLO-face-recognition/install/face_msgs/share/face_msgs/cmake/export_face_msgs__rosidl_generator_pyExport-noconfig.cmake
[0.432s] -- Up-to-date: /home/radu28/Documents/YOLO-face-recognition/install/face_msgs/share/face_msgs/cmake/rosidl_cmake-extras.cmake
[0.432s] -- Up-to-date: /home/radu28/Documents/YOLO-face-recognition/install/face_msgs/share/face_msgs/cmake/ament_cmake_export_dependencies-extras.cmake
[0.432s] -- Up-to-date: /home/radu28/Documents/YOLO-face-recognition/install/face_msgs/share/face_msgs/cmake/ament_cmake_export_include_directories-extras.cmake
[0.432s] -- Up-to-date: /home/radu28/Documents/YOLO-face-recognition/install/face_msgs/share/face_msgs/cmake/ament_cmake_export_libraries-extras.cmake
[0.432s] -- Up-to-date: /home/radu28/Documents/YOLO-face-recognition/install/face_msgs/share/face_msgs/cmake/ament_cmake_export_targets-extras.cmake
[0.432s] -- Up-to-date: /home/radu28/Documents/YOLO-face-recognition/install/face_msgs/share/face_msgs/cmake/rosidl_cmake_export_typesupport_targets-extras.cmake
[0.432s] -- Up-to-date: /home/radu28/Documents/YOLO-face-recognition/install/face_msgs/share/face_msgs/cmake/rosidl_cmake_export_typesupport_libraries-extras.cmake
[0.432s] -- Up-to-date: /home/radu28/Documents/YOLO-face-recognition/install/face_msgs/share/face_msgs/cmake/face_msgsConfig.cmake
[0.432s] -- Up-to-date: /home/radu28/Documents/YOLO-face-recognition/install/face_msgs/share/face_msgs/cmake/face_msgsConfig-version.cmake
[0.432s] -- Up-to-date: /home/radu28/Documents/YOLO-face-recognition/install/face_msgs/share/face_msgs/package.xml
[0.434s] Invoked command in '/home/radu28/Documents/YOLO-face-recognition/build/face_msgs' returned '0': CMAKE_PREFIX_PATH=${CMAKE_PREFIX_PATH}:/opt/ros/jazzy CONDA_PROMPT_MODIFIER=(base) DEBUGINFOD_URLS=https://debuginfod.ubuntu.com PS1=(venv_yolo_py312) \u@\h:\w$ VIRTUAL_ENV_PROMPT=(venv_yolo_py312) /usr/bin/cmake --install /home/radu28/Documents/YOLO-face-recognition/build/face_msgs
