[0.462s] Invoking command in '/home/radu28/Documents/YOLO-face-recognition/build/yolo_face_recognition': DEBUGINFOD_URLS=https://debuginfod.ubuntu.com PYTHONPATH=/home/radu28/Documents/YOLO-face-recognition/build/yolo_face_recognition/prefix_override:/usr/lib/python3/dist-packages/colcon_core/task/python/colcon_distutils_commands:/home/radu28/Documents/YOLO-face-recognition/install/yolo_face_recognition/lib/python3.12/site-packages:${PYTHONPATH} /usr/bin/python3 -W ignore:setup.py install is deprecated -W ignore:easy_install command is deprecated setup.py develop --editable --build-directory /home/radu28/Documents/YOLO-face-recognition/build/yolo_face_recognition/build --no-deps symlink_data --force
[0.626s] running develop
[0.714s] running egg_info
[0.727s] writing yolo_face_recognition.egg-info/PKG-INFO
[0.727s] writing dependency_links to yolo_face_recognition.egg-info/dependency_links.txt
[0.727s] writing entry points to yolo_face_recognition.egg-info/entry_points.txt
[0.727s] writing requirements to yolo_face_recognition.egg-info/requires.txt
[0.727s] writing top-level names to yolo_face_recognition.egg-info/top_level.txt
[0.742s] reading manifest file 'yolo_face_recognition.egg-info/SOURCES.txt'
[0.743s] writing manifest file 'yolo_face_recognition.egg-info/SOURCES.txt'
[0.752s] running build_ext
[0.755s] Creating /home/radu28/Documents/YOLO-face-recognition/install/yolo_face_recognition/lib/python3.12/site-packages/yolo-face-recognition.egg-link (link to .)
[0.755s] Installing camera_node script to /home/radu28/Documents/YOLO-face-recognition/install/yolo_face_recognition/lib/yolo_face_recognition
[0.755s] Installing detection_node script to /home/radu28/Documents/YOLO-face-recognition/install/yolo_face_recognition/lib/yolo_face_recognition
[0.755s] 
[0.756s] Installed /home/radu28/Documents/YOLO-face-recognition/build/yolo_face_recognition
[0.756s] running symlink_data
[0.756s] symbolically linking /home/radu28/Documents/YOLO-face-recognition/build/yolo_face_recognition/resource/yolo_face_recognition -> /home/radu28/Documents/YOLO-face-recognition/install/yolo_face_recognition/share/ament_index/resource_index/packages
[0.756s] symbolically linking /home/radu28/Documents/YOLO-face-recognition/build/yolo_face_recognition/package.xml -> /home/radu28/Documents/YOLO-face-recognition/install/yolo_face_recognition/share/yolo_face_recognition
[0.774s] Invoked command in '/home/radu28/Documents/YOLO-face-recognition/build/yolo_face_recognition' returned '0': DEBUGINFOD_URLS=https://debuginfod.ubuntu.com PYTHONPATH=/home/radu28/Documents/YOLO-face-recognition/build/yolo_face_recognition/prefix_override:/usr/lib/python3/dist-packages/colcon_core/task/python/colcon_distutils_commands:/home/radu28/Documents/YOLO-face-recognition/install/yolo_face_recognition/lib/python3.12/site-packages:${PYTHONPATH} /usr/bin/python3 -W ignore:setup.py install is deprecated -W ignore:easy_install command is deprecated setup.py develop --editable --build-directory /home/radu28/Documents/YOLO-face-recognition/build/yolo_face_recognition/build --no-deps symlink_data --force
