[0.019s] Invoking command in '/home/radu28/Documents/YOLO-face-recognition/ros2_yolo_ws/build/face_msgs': CMAKE_PREFIX_PATH=${CMAKE_PREFIX_PATH}:/home/radu28/Documents/YOLO-face-recognition/ros2_yolo_ws/install/yolo_face_recognition:/opt/ros/jazzy DEBUGINFOD_URLS=https://debuginfod.ubuntu.com PS1=(venv_yolo_py312) \u@\h:\w$ VIRTUAL_ENV_PROMPT=(venv_yolo_py312) /usr/bin/cmake --build /home/radu28/Documents/YOLO-face-recognition/ros2_yolo_ws/build/face_msgs -- -j4 -l4
[0.199s] [  1%] Built target face_msgs__rosidl_generator_type_description
[0.238s] [  1%] Built target ament_cmake_python_copy_face_msgs
[0.270s] [ 22%] Built target face_msgs__rosidl_generator_c
[0.914s] running egg_info
[0.934s] writing face_msgs.egg-info/PKG-INFO
[1.046s] writing dependency_links to face_msgs.egg-info/dependency_links.txt
[1.046s] writing top-level names to face_msgs.egg-info/top_level.txt
[1.106s] reading manifest file 'face_msgs.egg-info/SOURCES.txt'
[1.107s] writing manifest file 'face_msgs.egg-info/SOURCES.txt'
[1.171s] [ 22%] Built target ament_cmake_python_build_face_msgs_egg
[1.200s] [ 31%] Built target face_msgs__rosidl_typesupport_introspection_c
[1.247s] [ 40%] Built target face_msgs__rosidl_typesupport_c
[1.289s] [ 50%] Built target face_msgs__rosidl_typesupport_fastrtps_c
[1.314s] [ 51%] Built target face_msgs__cpp
[1.361s] [ 61%] Built target face_msgs__rosidl_typesupport_cpp
[1.395s] [ 70%] Built target face_msgs__rosidl_typesupport_introspection_cpp
[1.429s] [ 79%] Built target face_msgs__rosidl_typesupport_fastrtps_cpp
[1.477s] [ 79%] Built target face_msgs
[1.542s] [ 81%] Built target face_msgs__py
[1.651s] [ 88%] Built target face_msgs__rosidl_generator_py
[1.822s] [ 92%] Built target face_msgs_s__rosidl_typesupport_fastrtps_c
[1.893s] [ 96%] Built target face_msgs_s__rosidl_typesupport_c
[2.039s] [100%] Built target face_msgs_s__rosidl_typesupport_introspection_c
[2.074s] Invoked command in '/home/radu28/Documents/YOLO-face-recognition/ros2_yolo_ws/build/face_msgs' returned '0': CMAKE_PREFIX_PATH=${CMAKE_PREFIX_PATH}:/home/radu28/Documents/YOLO-face-recognition/ros2_yolo_ws/install/yolo_face_recognition:/opt/ros/jazzy DEBUGINFOD_URLS=https://debuginfod.ubuntu.com PS1=(venv_yolo_py312) \u@\h:\w$ VIRTUAL_ENV_PROMPT=(venv_yolo_py312) /usr/bin/cmake --build /home/radu28/Documents/YOLO-face-recognition/ros2_yolo_ws/build/face_msgs -- -j4 -l4
[2.114s] Invoking command in '/home/radu28/Documents/YOLO-face-recognition/ros2_yolo_ws/build/face_msgs': CMAKE_PREFIX_PATH=${CMAKE_PREFIX_PATH}:/home/radu28/Documents/YOLO-face-recognition/ros2_yolo_ws/install/yolo_face_recognition:/opt/ros/jazzy DEBUGINFOD_URLS=https://debuginfod.ubuntu.com PS1=(venv_yolo_py312) \u@\h:\w$ VIRTUAL_ENV_PROMPT=(venv_yolo_py312) /usr/bin/cmake --install /home/radu28/Documents/YOLO-face-recognition/ros2_yolo_ws/build/face_msgs
[2.135s] -- Install configuration: ""
[2.135s] -- Up-to-date: /home/radu28/Documents/YOLO-face-recognition/ros2_yolo_ws/install/face_msgs/share/ament_index/resource_index/rosidl_interfaces/face_msgs
[2.135s] -- Up-to-date: /home/radu28/Documents/YOLO-face-recognition/ros2_yolo_ws/install/face_msgs/share/face_msgs/msg/FaceDetections.json
[2.135s] -- Up-to-date: /home/radu28/Documents/YOLO-face-recognition/ros2_yolo_ws/install/face_msgs/share/face_msgs/msg/Face.json
[2.135s] -- Up-to-date: /home/radu28/Documents/YOLO-face-recognition/ros2_yolo_ws/install/face_msgs/share/face_msgs/msg/FaceEmbeddingArray.json
[2.135s] -- Up-to-date: /home/radu28/Documents/YOLO-face-recognition/ros2_yolo_ws/install/face_msgs/include/face_msgs/face_msgs
[2.135s] -- Up-to-date: /home/radu28/Documents/YOLO-face-recognition/ros2_yolo_ws/install/face_msgs/include/face_msgs/face_msgs/msg
[2.135s] -- Up-to-date: /home/radu28/Documents/YOLO-face-recognition/ros2_yolo_ws/install/face_msgs/include/face_msgs/face_msgs/msg/rosidl_generator_c__visibility_control.h
[2.135s] -- Up-to-date: /home/radu28/Documents/YOLO-face-recognition/ros2_yolo_ws/install/face_msgs/include/face_msgs/face_msgs/msg/face_embedding_array.h
[2.135s] -- Up-to-date: /home/radu28/Documents/YOLO-face-recognition/ros2_yolo_ws/install/face_msgs/include/face_msgs/face_msgs/msg/detail
[2.135s] -- Up-to-date: /home/radu28/Documents/YOLO-face-recognition/ros2_yolo_ws/install/face_msgs/include/face_msgs/face_msgs/msg/detail/face_embedding_array__type_support.h
[2.135s] -- Up-to-date: /home/radu28/Documents/YOLO-face-recognition/ros2_yolo_ws/install/face_msgs/include/face_msgs/face_msgs/msg/detail/face_detections__type_support.h
[2.135s] -- Up-to-date: /home/radu28/Documents/YOLO-face-recognition/ros2_yolo_ws/install/face_msgs/include/face_msgs/face_msgs/msg/detail/face_embedding_array__type_support.c
[2.135s] -- Up-to-date: /home/radu28/Documents/YOLO-face-recognition/ros2_yolo_ws/install/face_msgs/include/face_msgs/face_msgs/msg/detail/face_detections__description.c
[2.135s] -- Up-to-date: /home/radu28/Documents/YOLO-face-recognition/ros2_yolo_ws/install/face_msgs/include/face_msgs/face_msgs/msg/detail/face_detections__functions.c
[2.135s] -- Up-to-date: /home/radu28/Documents/YOLO-face-recognition/ros2_yolo_ws/install/face_msgs/include/face_msgs/face_msgs/msg/detail/face__functions.h
[2.135s] -- Up-to-date: /home/radu28/Documents/YOLO-face-recognition/ros2_yolo_ws/install/face_msgs/include/face_msgs/face_msgs/msg/detail/face__type_support.h
[2.136s] -- Up-to-date: /home/radu28/Documents/YOLO-face-recognition/ros2_yolo_ws/install/face_msgs/include/face_msgs/face_msgs/msg/detail/face_embedding_array__description.c
[2.136s] -- Up-to-date: /home/radu28/Documents/YOLO-face-recognition/ros2_yolo_ws/install/face_msgs/include/face_msgs/face_msgs/msg/detail/face_embedding_array__functions.h
[2.136s] -- Up-to-date: /home/radu28/Documents/YOLO-face-recognition/ros2_yolo_ws/install/face_msgs/include/face_msgs/face_msgs/msg/detail/face_detections__functions.h
[2.136s] -- Up-to-date: /home/radu28/Documents/YOLO-face-recognition/ros2_yolo_ws/install/face_msgs/include/face_msgs/face_msgs/msg/detail/face__type_support.c
[2.136s] -- Up-to-date: /home/radu28/Documents/YOLO-face-recognition/ros2_yolo_ws/install/face_msgs/include/face_msgs/face_msgs/msg/detail/face_detections__type_support.c
[2.136s] -- Up-to-date: /home/radu28/Documents/YOLO-face-recognition/ros2_yolo_ws/install/face_msgs/include/face_msgs/face_msgs/msg/detail/face_embedding_array__struct.h
[2.136s] -- Up-to-date: /home/radu28/Documents/YOLO-face-recognition/ros2_yolo_ws/install/face_msgs/include/face_msgs/face_msgs/msg/detail/face__description.c
[2.136s] -- Up-to-date: /home/radu28/Documents/YOLO-face-recognition/ros2_yolo_ws/install/face_msgs/include/face_msgs/face_msgs/msg/detail/face__struct.h
[2.136s] -- Up-to-date: /home/radu28/Documents/YOLO-face-recognition/ros2_yolo_ws/install/face_msgs/include/face_msgs/face_msgs/msg/detail/face__functions.c
[2.136s] -- Up-to-date: /home/radu28/Documents/YOLO-face-recognition/ros2_yolo_ws/install/face_msgs/include/face_msgs/face_msgs/msg/detail/face_embedding_array__functions.c
[2.136s] -- Up-to-date: /home/radu28/Documents/YOLO-face-recognition/ros2_yolo_ws/install/face_msgs/include/face_msgs/face_msgs/msg/detail/face_detections__struct.h
[2.136s] -- Up-to-date: /home/radu28/Documents/YOLO-face-recognition/ros2_yolo_ws/install/face_msgs/include/face_msgs/face_msgs/msg/face_detections.h
[2.136s] -- Up-to-date: /home/radu28/Documents/YOLO-face-recognition/ros2_yolo_ws/install/face_msgs/include/face_msgs/face_msgs/msg/face.h
[2.136s] -- Up-to-date: /home/radu28/Documents/YOLO-face-recognition/ros2_yolo_ws/install/face_msgs/share/face_msgs/environment/library_path.sh
[2.136s] -- Up-to-date: /home/radu28/Documents/YOLO-face-recognition/ros2_yolo_ws/install/face_msgs/share/face_msgs/environment/library_path.dsv
[2.142s] -- Up-to-date: /home/radu28/Documents/YOLO-face-recognition/ros2_yolo_ws/install/face_msgs/lib/libface_msgs__rosidl_generator_c.so
[2.142s] -- Up-to-date: /home/radu28/Documents/YOLO-face-recognition/ros2_yolo_ws/install/face_msgs/include/face_msgs/face_msgs
[2.142s] -- Up-to-date: /home/radu28/Documents/YOLO-face-recognition/ros2_yolo_ws/install/face_msgs/include/face_msgs/face_msgs/msg
[2.142s] -- Up-to-date: /home/radu28/Documents/YOLO-face-recognition/ros2_yolo_ws/install/face_msgs/include/face_msgs/face_msgs/msg/rosidl_typesupport_fastrtps_c__visibility_control.h
[2.142s] -- Up-to-date: /home/radu28/Documents/YOLO-face-recognition/ros2_yolo_ws/install/face_msgs/include/face_msgs/face_msgs/msg/detail
[2.142s] -- Up-to-date: /home/radu28/Documents/YOLO-face-recognition/ros2_yolo_ws/install/face_msgs/include/face_msgs/face_msgs/msg/detail/face_embedding_array__rosidl_typesupport_fastrtps_c.h
[2.142s] -- Up-to-date: /home/radu28/Documents/YOLO-face-recognition/ros2_yolo_ws/install/face_msgs/include/face_msgs/face_msgs/msg/detail/face_detections__rosidl_typesupport_fastrtps_c.h
[2.142s] -- Up-to-date: /home/radu28/Documents/YOLO-face-recognition/ros2_yolo_ws/install/face_msgs/include/face_msgs/face_msgs/msg/detail/face__rosidl_typesupport_fastrtps_c.h
[2.146s] -- Up-to-date: /home/radu28/Documents/YOLO-face-recognition/ros2_yolo_ws/install/face_msgs/lib/libface_msgs__rosidl_typesupport_fastrtps_c.so
[2.147s] -- Up-to-date: /home/radu28/Documents/YOLO-face-recognition/ros2_yolo_ws/install/face_msgs/include/face_msgs/face_msgs
[2.147s] -- Up-to-date: /home/radu28/Documents/YOLO-face-recognition/ros2_yolo_ws/install/face_msgs/include/face_msgs/face_msgs/msg
[2.147s] -- Up-to-date: /home/radu28/Documents/YOLO-face-recognition/ros2_yolo_ws/install/face_msgs/include/face_msgs/face_msgs/msg/rosidl_typesupport_introspection_c__visibility_control.h
[2.147s] -- Up-to-date: /home/radu28/Documents/YOLO-face-recognition/ros2_yolo_ws/install/face_msgs/include/face_msgs/face_msgs/msg/detail
[2.149s] -- Up-to-date: /home/radu28/Documents/YOLO-face-recognition/ros2_yolo_ws/install/face_msgs/include/face_msgs/face_msgs/msg/detail/face_embedding_array__type_support.c
[2.149s] -- Up-to-date: /home/radu28/Documents/YOLO-face-recognition/ros2_yolo_ws/install/face_msgs/include/face_msgs/face_msgs/msg/detail/face__rosidl_typesupport_introspection_c.h
[2.149s] -- Up-to-date: /home/radu28/Documents/YOLO-face-recognition/ros2_yolo_ws/install/face_msgs/include/face_msgs/face_msgs/msg/detail/face__type_support.c
[2.150s] -- Up-to-date: /home/radu28/Documents/YOLO-face-recognition/ros2_yolo_ws/install/face_msgs/include/face_msgs/face_msgs/msg/detail/face_detections__type_support.c
[2.152s] -- Up-to-date: /home/radu28/Documents/YOLO-face-recognition/ros2_yolo_ws/install/face_msgs/include/face_msgs/face_msgs/msg/detail/face_embedding_array__rosidl_typesupport_introspection_c.h
[2.152s] -- Up-to-date: /home/radu28/Documents/YOLO-face-recognition/ros2_yolo_ws/install/face_msgs/include/face_msgs/face_msgs/msg/detail/face_detections__rosidl_typesupport_introspection_c.h
[2.155s] -- Up-to-date: /home/radu28/Documents/YOLO-face-recognition/ros2_yolo_ws/install/face_msgs/lib/libface_msgs__rosidl_typesupport_introspection_c.so
[2.157s] -- Up-to-date: /home/radu28/Documents/YOLO-face-recognition/ros2_yolo_ws/install/face_msgs/lib/libface_msgs__rosidl_typesupport_c.so
[2.166s] -- Up-to-date: /home/radu28/Documents/YOLO-face-recognition/ros2_yolo_ws/install/face_msgs/include/face_msgs/face_msgs
[2.166s] -- Up-to-date: /home/radu28/Documents/YOLO-face-recognition/ros2_yolo_ws/install/face_msgs/include/face_msgs/face_msgs/msg
[2.166s] -- Up-to-date: /home/radu28/Documents/YOLO-face-recognition/ros2_yolo_ws/install/face_msgs/include/face_msgs/face_msgs/msg/face_detections.hpp
[2.167s] -- Up-to-date: /home/radu28/Documents/YOLO-face-recognition/ros2_yolo_ws/install/face_msgs/include/face_msgs/face_msgs/msg/face.hpp
[2.167s] -- Up-to-date: /home/radu28/Documents/YOLO-face-recognition/ros2_yolo_ws/install/face_msgs/include/face_msgs/face_msgs/msg/rosidl_generator_cpp__visibility_control.hpp
[2.167s] -- Up-to-date: /home/radu28/Documents/YOLO-face-recognition/ros2_yolo_ws/install/face_msgs/include/face_msgs/face_msgs/msg/detail
[2.167s] -- Up-to-date: /home/radu28/Documents/YOLO-face-recognition/ros2_yolo_ws/install/face_msgs/include/face_msgs/face_msgs/msg/detail/face__traits.hpp
[2.167s] -- Up-to-date: /home/radu28/Documents/YOLO-face-recognition/ros2_yolo_ws/install/face_msgs/include/face_msgs/face_msgs/msg/detail/face_detections__traits.hpp
[2.168s] -- Up-to-date: /home/radu28/Documents/YOLO-face-recognition/ros2_yolo_ws/install/face_msgs/include/face_msgs/face_msgs/msg/detail/face__type_support.hpp
[2.168s] -- Up-to-date: /home/radu28/Documents/YOLO-face-recognition/ros2_yolo_ws/install/face_msgs/include/face_msgs/face_msgs/msg/detail/face_detections__struct.hpp
[2.174s] -- Up-to-date: /home/radu28/Documents/YOLO-face-recognition/ros2_yolo_ws/install/face_msgs/include/face_msgs/face_msgs/msg/detail/face_embedding_array__type_support.hpp
[2.174s] -- Up-to-date: /home/radu28/Documents/YOLO-face-recognition/ros2_yolo_ws/install/face_msgs/include/face_msgs/face_msgs/msg/detail/face_embedding_array__struct.hpp
[2.174s] -- Up-to-date: /home/radu28/Documents/YOLO-face-recognition/ros2_yolo_ws/install/face_msgs/include/face_msgs/face_msgs/msg/detail/face__struct.hpp
[2.174s] -- Up-to-date: /home/radu28/Documents/YOLO-face-recognition/ros2_yolo_ws/install/face_msgs/include/face_msgs/face_msgs/msg/detail/face_detections__type_support.hpp
[2.174s] -- Up-to-date: /home/radu28/Documents/YOLO-face-recognition/ros2_yolo_ws/install/face_msgs/include/face_msgs/face_msgs/msg/detail/face_detections__builder.hpp
[2.175s] -- Up-to-date: /home/radu28/Documents/YOLO-face-recognition/ros2_yolo_ws/install/face_msgs/include/face_msgs/face_msgs/msg/detail/face_embedding_array__traits.hpp
[2.175s] -- Up-to-date: /home/radu28/Documents/YOLO-face-recognition/ros2_yolo_ws/install/face_msgs/include/face_msgs/face_msgs/msg/detail/face__builder.hpp
[2.175s] -- Up-to-date: /home/radu28/Documents/YOLO-face-recognition/ros2_yolo_ws/install/face_msgs/include/face_msgs/face_msgs/msg/detail/face_embedding_array__builder.hpp
[2.175s] -- Up-to-date: /home/radu28/Documents/YOLO-face-recognition/ros2_yolo_ws/install/face_msgs/include/face_msgs/face_msgs/msg/face_embedding_array.hpp
[2.175s] -- Up-to-date: /home/radu28/Documents/YOLO-face-recognition/ros2_yolo_ws/install/face_msgs/include/face_msgs/face_msgs
[2.175s] -- Up-to-date: /home/radu28/Documents/YOLO-face-recognition/ros2_yolo_ws/install/face_msgs/include/face_msgs/face_msgs/msg
[2.175s] -- Up-to-date: /home/radu28/Documents/YOLO-face-recognition/ros2_yolo_ws/install/face_msgs/include/face_msgs/face_msgs/msg/rosidl_typesupport_fastrtps_cpp__visibility_control.h
[2.175s] -- Up-to-date: /home/radu28/Documents/YOLO-face-recognition/ros2_yolo_ws/install/face_msgs/include/face_msgs/face_msgs/msg/detail
[2.175s] -- Up-to-date: /home/radu28/Documents/YOLO-face-recognition/ros2_yolo_ws/install/face_msgs/include/face_msgs/face_msgs/msg/detail/face_embedding_array__rosidl_typesupport_fastrtps_cpp.hpp
[2.175s] -- Up-to-date: /home/radu28/Documents/YOLO-face-recognition/ros2_yolo_ws/install/face_msgs/include/face_msgs/face_msgs/msg/detail/face_detections__rosidl_typesupport_fastrtps_cpp.hpp
[2.175s] -- Up-to-date: /home/radu28/Documents/YOLO-face-recognition/ros2_yolo_ws/install/face_msgs/include/face_msgs/face_msgs/msg/detail/dds_fastrtps
[2.176s] -- Up-to-date: /home/radu28/Documents/YOLO-face-recognition/ros2_yolo_ws/install/face_msgs/include/face_msgs/face_msgs/msg/detail/face__rosidl_typesupport_fastrtps_cpp.hpp
[2.176s] -- Up-to-date: /home/radu28/Documents/YOLO-face-recognition/ros2_yolo_ws/install/face_msgs/lib/libface_msgs__rosidl_typesupport_fastrtps_cpp.so
[2.176s] -- Up-to-date: /home/radu28/Documents/YOLO-face-recognition/ros2_yolo_ws/install/face_msgs/include/face_msgs/face_msgs
[2.176s] -- Up-to-date: /home/radu28/Documents/YOLO-face-recognition/ros2_yolo_ws/install/face_msgs/include/face_msgs/face_msgs/msg
[2.187s] -- Up-to-date: /home/radu28/Documents/YOLO-face-recognition/ros2_yolo_ws/install/face_msgs/include/face_msgs/face_msgs/msg/detail
[2.187s] -- Up-to-date: /home/radu28/Documents/YOLO-face-recognition/ros2_yolo_ws/install/face_msgs/include/face_msgs/face_msgs/msg/detail/face_detections__type_support.cpp
[2.187s] -- Up-to-date: /home/radu28/Documents/YOLO-face-recognition/ros2_yolo_ws/install/face_msgs/include/face_msgs/face_msgs/msg/detail/face__type_support.cpp
[2.187s] -- Up-to-date: /home/radu28/Documents/YOLO-face-recognition/ros2_yolo_ws/install/face_msgs/include/face_msgs/face_msgs/msg/detail/face_embedding_array__type_support.cpp
[2.187s] -- Up-to-date: /home/radu28/Documents/YOLO-face-recognition/ros2_yolo_ws/install/face_msgs/include/face_msgs/face_msgs/msg/detail/face_embedding_array__rosidl_typesupport_introspection_cpp.hpp
[2.187s] -- Up-to-date: /home/radu28/Documents/YOLO-face-recognition/ros2_yolo_ws/install/face_msgs/include/face_msgs/face_msgs/msg/detail/face__rosidl_typesupport_introspection_cpp.hpp
[2.188s] -- Up-to-date: /home/radu28/Documents/YOLO-face-recognition/ros2_yolo_ws/install/face_msgs/include/face_msgs/face_msgs/msg/detail/face_detections__rosidl_typesupport_introspection_cpp.hpp
[2.188s] -- Up-to-date: /home/radu28/Documents/YOLO-face-recognition/ros2_yolo_ws/install/face_msgs/lib/libface_msgs__rosidl_typesupport_introspection_cpp.so
[2.188s] -- Up-to-date: /home/radu28/Documents/YOLO-face-recognition/ros2_yolo_ws/install/face_msgs/lib/libface_msgs__rosidl_typesupport_cpp.so
[2.188s] -- Up-to-date: /home/radu28/Documents/YOLO-face-recognition/ros2_yolo_ws/install/face_msgs/share/face_msgs/environment/pythonpath.sh
[2.188s] -- Up-to-date: /home/radu28/Documents/YOLO-face-recognition/ros2_yolo_ws/install/face_msgs/share/face_msgs/environment/pythonpath.dsv
[2.188s] -- Up-to-date: /home/radu28/Documents/YOLO-face-recognition/ros2_yolo_ws/install/face_msgs/lib/python3.12/site-packages/face_msgs-0.0.0-py3.12.egg-info
[2.188s] -- Installing: /home/radu28/Documents/YOLO-face-recognition/ros2_yolo_ws/install/face_msgs/lib/python3.12/site-packages/face_msgs-0.0.0-py3.12.egg-info/PKG-INFO
[2.188s] -- Installing: /home/radu28/Documents/YOLO-face-recognition/ros2_yolo_ws/install/face_msgs/lib/python3.12/site-packages/face_msgs-0.0.0-py3.12.egg-info/SOURCES.txt
[2.191s] -- Installing: /home/radu28/Documents/YOLO-face-recognition/ros2_yolo_ws/install/face_msgs/lib/python3.12/site-packages/face_msgs-0.0.0-py3.12.egg-info/top_level.txt
[2.191s] -- Installing: /home/radu28/Documents/YOLO-face-recognition/ros2_yolo_ws/install/face_msgs/lib/python3.12/site-packages/face_msgs-0.0.0-py3.12.egg-info/dependency_links.txt
[2.191s] -- Up-to-date: /home/radu28/Documents/YOLO-face-recognition/ros2_yolo_ws/install/face_msgs/lib/python3.12/site-packages/face_msgs
[2.191s] -- Up-to-date: /home/radu28/Documents/YOLO-face-recognition/ros2_yolo_ws/install/face_msgs/lib/python3.12/site-packages/face_msgs/_face_msgs_s.ep.rosidl_typesupport_fastrtps_c.c
[2.191s] -- Up-to-date: /home/radu28/Documents/YOLO-face-recognition/ros2_yolo_ws/install/face_msgs/lib/python3.12/site-packages/face_msgs/_face_msgs_s.ep.rosidl_typesupport_introspection_c.c
[2.191s] -- Up-to-date: /home/radu28/Documents/YOLO-face-recognition/ros2_yolo_ws/install/face_msgs/lib/python3.12/site-packages/face_msgs/_face_msgs_s.ep.rosidl_typesupport_c.c
[2.191s] -- Up-to-date: /home/radu28/Documents/YOLO-face-recognition/ros2_yolo_ws/install/face_msgs/lib/python3.12/site-packages/face_msgs/face_msgs_s__rosidl_typesupport_introspection_c.so
[2.191s] -- Up-to-date: /home/radu28/Documents/YOLO-face-recognition/ros2_yolo_ws/install/face_msgs/lib/python3.12/site-packages/face_msgs/face_msgs_s__rosidl_typesupport_fastrtps_c.so
[2.191s] -- Up-to-date: /home/radu28/Documents/YOLO-face-recognition/ros2_yolo_ws/install/face_msgs/lib/python3.12/site-packages/face_msgs/msg
[2.191s] -- Up-to-date: /home/radu28/Documents/YOLO-face-recognition/ros2_yolo_ws/install/face_msgs/lib/python3.12/site-packages/face_msgs/msg/_face_embedding_array.py
[2.192s] -- Up-to-date: /home/radu28/Documents/YOLO-face-recognition/ros2_yolo_ws/install/face_msgs/lib/python3.12/site-packages/face_msgs/msg/_face_embedding_array_s.c
[2.192s] -- Up-to-date: /home/radu28/Documents/YOLO-face-recognition/ros2_yolo_ws/install/face_msgs/lib/python3.12/site-packages/face_msgs/msg/_face_detections_s.c
[2.192s] -- Up-to-date: /home/radu28/Documents/YOLO-face-recognition/ros2_yolo_ws/install/face_msgs/lib/python3.12/site-packages/face_msgs/msg/_face_s.c
[2.192s] -- Up-to-date: /home/radu28/Documents/YOLO-face-recognition/ros2_yolo_ws/install/face_msgs/lib/python3.12/site-packages/face_msgs/msg/_face.py
[2.192s] -- Up-to-date: /home/radu28/Documents/YOLO-face-recognition/ros2_yolo_ws/install/face_msgs/lib/python3.12/site-packages/face_msgs/msg/__init__.py
[2.194s] -- Up-to-date: /home/radu28/Documents/YOLO-face-recognition/ros2_yolo_ws/install/face_msgs/lib/python3.12/site-packages/face_msgs/msg/_face_detections.py
[2.194s] -- Up-to-date: /home/radu28/Documents/YOLO-face-recognition/ros2_yolo_ws/install/face_msgs/lib/python3.12/site-packages/face_msgs/__init__.py
[2.194s] -- Up-to-date: /home/radu28/Documents/YOLO-face-recognition/ros2_yolo_ws/install/face_msgs/lib/python3.12/site-packages/face_msgs/face_msgs_s__rosidl_typesupport_c.so
[2.335s] Listing '/home/radu28/Documents/YOLO-face-recognition/ros2_yolo_ws/install/face_msgs/lib/python3.12/site-packages/face_msgs'...
[2.336s] Listing '/home/radu28/Documents/YOLO-face-recognition/ros2_yolo_ws/install/face_msgs/lib/python3.12/site-packages/face_msgs/msg'...
[2.362s] -- Up-to-date: /home/radu28/Documents/YOLO-face-recognition/ros2_yolo_ws/install/face_msgs/lib/python3.12/site-packages/face_msgs/face_msgs_s__rosidl_typesupport_fastrtps_c.so
[2.363s] -- Up-to-date: /home/radu28/Documents/YOLO-face-recognition/ros2_yolo_ws/install/face_msgs/lib/python3.12/site-packages/face_msgs/face_msgs_s__rosidl_typesupport_introspection_c.so
[2.363s] -- Up-to-date: /home/radu28/Documents/YOLO-face-recognition/ros2_yolo_ws/install/face_msgs/lib/python3.12/site-packages/face_msgs/face_msgs_s__rosidl_typesupport_c.so
[2.363s] -- Up-to-date: /home/radu28/Documents/YOLO-face-recognition/ros2_yolo_ws/install/face_msgs/lib/libface_msgs__rosidl_generator_py.so
[2.363s] -- Up-to-date: /home/radu28/Documents/YOLO-face-recognition/ros2_yolo_ws/install/face_msgs/share/face_msgs/msg/FaceDetections.idl
[2.381s] -- Up-to-date: /home/radu28/Documents/YOLO-face-recognition/ros2_yolo_ws/install/face_msgs/share/face_msgs/msg/Face.idl
[2.394s] -- Up-to-date: /home/radu28/Documents/YOLO-face-recognition/ros2_yolo_ws/install/face_msgs/share/face_msgs/msg/FaceEmbeddingArray.idl
[2.394s] -- Up-to-date: /home/radu28/Documents/YOLO-face-recognition/ros2_yolo_ws/install/face_msgs/share/face_msgs/msg/FaceDetections.msg
[2.394s] -- Up-to-date: /home/radu28/Documents/YOLO-face-recognition/ros2_yolo_ws/install/face_msgs/share/face_msgs/msg/Face.msg
[2.394s] -- Up-to-date: /home/radu28/Documents/YOLO-face-recognition/ros2_yolo_ws/install/face_msgs/share/face_msgs/msg/FaceEmbeddingArray.msg
[2.394s] -- Up-to-date: /home/radu28/Documents/YOLO-face-recognition/ros2_yolo_ws/install/face_msgs/share/ament_index/resource_index/package_run_dependencies/face_msgs
[2.428s] -- Up-to-date: /home/radu28/Documents/YOLO-face-recognition/ros2_yolo_ws/install/face_msgs/share/ament_index/resource_index/parent_prefix_path/face_msgs
[2.428s] -- Up-to-date: /home/radu28/Documents/YOLO-face-recognition/ros2_yolo_ws/install/face_msgs/share/face_msgs/environment/ament_prefix_path.sh
[2.428s] -- Up-to-date: /home/radu28/Documents/YOLO-face-recognition/ros2_yolo_ws/install/face_msgs/share/face_msgs/environment/ament_prefix_path.dsv
[2.428s] -- Up-to-date: /home/radu28/Documents/YOLO-face-recognition/ros2_yolo_ws/install/face_msgs/share/face_msgs/environment/path.sh
[2.428s] -- Up-to-date: /home/radu28/Documents/YOLO-face-recognition/ros2_yolo_ws/install/face_msgs/share/face_msgs/environment/path.dsv
[2.429s] -- Up-to-date: /home/radu28/Documents/YOLO-face-recognition/ros2_yolo_ws/install/face_msgs/share/face_msgs/local_setup.bash
[2.429s] -- Up-to-date: /home/radu28/Documents/YOLO-face-recognition/ros2_yolo_ws/install/face_msgs/share/face_msgs/local_setup.sh
[2.429s] -- Up-to-date: /home/radu28/Documents/YOLO-face-recognition/ros2_yolo_ws/install/face_msgs/share/face_msgs/local_setup.zsh
[2.429s] -- Up-to-date: /home/radu28/Documents/YOLO-face-recognition/ros2_yolo_ws/install/face_msgs/share/face_msgs/local_setup.dsv
[2.431s] -- Installing: /home/radu28/Documents/YOLO-face-recognition/ros2_yolo_ws/install/face_msgs/share/face_msgs/package.dsv
[2.431s] -- Up-to-date: /home/radu28/Documents/YOLO-face-recognition/ros2_yolo_ws/install/face_msgs/share/ament_index/resource_index/packages/face_msgs
[2.431s] -- Up-to-date: /home/radu28/Documents/YOLO-face-recognition/ros2_yolo_ws/install/face_msgs/share/face_msgs/cmake/export_face_msgs__rosidl_generator_cExport.cmake
[2.431s] -- Up-to-date: /home/radu28/Documents/YOLO-face-recognition/ros2_yolo_ws/install/face_msgs/share/face_msgs/cmake/export_face_msgs__rosidl_generator_cExport-noconfig.cmake
[2.431s] -- Up-to-date: /home/radu28/Documents/YOLO-face-recognition/ros2_yolo_ws/install/face_msgs/share/face_msgs/cmake/export_face_msgs__rosidl_typesupport_fastrtps_cExport.cmake
[2.432s] -- Up-to-date: /home/radu28/Documents/YOLO-face-recognition/ros2_yolo_ws/install/face_msgs/share/face_msgs/cmake/export_face_msgs__rosidl_typesupport_fastrtps_cExport-noconfig.cmake
[2.432s] -- Up-to-date: /home/radu28/Documents/YOLO-face-recognition/ros2_yolo_ws/install/face_msgs/share/face_msgs/cmake/face_msgs__rosidl_typesupport_introspection_cExport.cmake
[2.432s] -- Up-to-date: /home/radu28/Documents/YOLO-face-recognition/ros2_yolo_ws/install/face_msgs/share/face_msgs/cmake/face_msgs__rosidl_typesupport_introspection_cExport-noconfig.cmake
[2.432s] -- Up-to-date: /home/radu28/Documents/YOLO-face-recognition/ros2_yolo_ws/install/face_msgs/share/face_msgs/cmake/face_msgs__rosidl_typesupport_cExport.cmake
[2.432s] -- Up-to-date: /home/radu28/Documents/YOLO-face-recognition/ros2_yolo_ws/install/face_msgs/share/face_msgs/cmake/face_msgs__rosidl_typesupport_cExport-noconfig.cmake
[2.433s] -- Up-to-date: /home/radu28/Documents/YOLO-face-recognition/ros2_yolo_ws/install/face_msgs/share/face_msgs/cmake/export_face_msgs__rosidl_generator_cppExport.cmake
[2.436s] -- Up-to-date: /home/radu28/Documents/YOLO-face-recognition/ros2_yolo_ws/install/face_msgs/share/face_msgs/cmake/export_face_msgs__rosidl_typesupport_fastrtps_cppExport.cmake
[2.436s] -- Up-to-date: /home/radu28/Documents/YOLO-face-recognition/ros2_yolo_ws/install/face_msgs/share/face_msgs/cmake/export_face_msgs__rosidl_typesupport_fastrtps_cppExport-noconfig.cmake
[2.436s] -- Up-to-date: /home/radu28/Documents/YOLO-face-recognition/ros2_yolo_ws/install/face_msgs/share/face_msgs/cmake/face_msgs__rosidl_typesupport_introspection_cppExport.cmake
[2.436s] -- Up-to-date: /home/radu28/Documents/YOLO-face-recognition/ros2_yolo_ws/install/face_msgs/share/face_msgs/cmake/face_msgs__rosidl_typesupport_introspection_cppExport-noconfig.cmake
[2.436s] -- Up-to-date: /home/radu28/Documents/YOLO-face-recognition/ros2_yolo_ws/install/face_msgs/share/face_msgs/cmake/face_msgs__rosidl_typesupport_cppExport.cmake
[2.436s] -- Up-to-date: /home/radu28/Documents/YOLO-face-recognition/ros2_yolo_ws/install/face_msgs/share/face_msgs/cmake/face_msgs__rosidl_typesupport_cppExport-noconfig.cmake
[2.436s] -- Up-to-date: /home/radu28/Documents/YOLO-face-recognition/ros2_yolo_ws/install/face_msgs/share/face_msgs/cmake/export_face_msgs__rosidl_generator_pyExport.cmake
[2.437s] -- Up-to-date: /home/radu28/Documents/YOLO-face-recognition/ros2_yolo_ws/install/face_msgs/share/face_msgs/cmake/export_face_msgs__rosidl_generator_pyExport-noconfig.cmake
[2.437s] -- Up-to-date: /home/radu28/Documents/YOLO-face-recognition/ros2_yolo_ws/install/face_msgs/share/face_msgs/cmake/rosidl_cmake-extras.cmake
[2.437s] -- Up-to-date: /home/radu28/Documents/YOLO-face-recognition/ros2_yolo_ws/install/face_msgs/share/face_msgs/cmake/ament_cmake_export_dependencies-extras.cmake
[2.437s] -- Up-to-date: /home/radu28/Documents/YOLO-face-recognition/ros2_yolo_ws/install/face_msgs/share/face_msgs/cmake/ament_cmake_export_include_directories-extras.cmake
[2.437s] -- Up-to-date: /home/radu28/Documents/YOLO-face-recognition/ros2_yolo_ws/install/face_msgs/share/face_msgs/cmake/ament_cmake_export_libraries-extras.cmake
[2.437s] -- Up-to-date: /home/radu28/Documents/YOLO-face-recognition/ros2_yolo_ws/install/face_msgs/share/face_msgs/cmake/ament_cmake_export_targets-extras.cmake
[2.437s] -- Up-to-date: /home/radu28/Documents/YOLO-face-recognition/ros2_yolo_ws/install/face_msgs/share/face_msgs/cmake/rosidl_cmake_export_typesupport_targets-extras.cmake
[2.437s] -- Up-to-date: /home/radu28/Documents/YOLO-face-recognition/ros2_yolo_ws/install/face_msgs/share/face_msgs/cmake/rosidl_cmake_export_typesupport_libraries-extras.cmake
[2.437s] -- Up-to-date: /home/radu28/Documents/YOLO-face-recognition/ros2_yolo_ws/install/face_msgs/share/face_msgs/cmake/face_msgsConfig.cmake
[2.438s] -- Up-to-date: /home/radu28/Documents/YOLO-face-recognition/ros2_yolo_ws/install/face_msgs/share/face_msgs/cmake/face_msgsConfig-version.cmake
[2.438s] -- Up-to-date: /home/radu28/Documents/YOLO-face-recognition/ros2_yolo_ws/install/face_msgs/share/face_msgs/package.xml
[2.440s] Invoked command in '/home/radu28/Documents/YOLO-face-recognition/ros2_yolo_ws/build/face_msgs' returned '0': CMAKE_PREFIX_PATH=${CMAKE_PREFIX_PATH}:/home/radu28/Documents/YOLO-face-recognition/ros2_yolo_ws/install/yolo_face_recognition:/opt/ros/jazzy DEBUGINFOD_URLS=https://debuginfod.ubuntu.com PS1=(venv_yolo_py312) \u@\h:\w$ VIRTUAL_ENV_PROMPT=(venv_yolo_py312) /usr/bin/cmake --install /home/radu28/Documents/YOLO-face-recognition/ros2_yolo_ws/build/face_msgs
