-- Found ament_cmake: 2.5.4 (/opt/ros/jazzy/share/ament_cmake/cmake)
-- Found rosidl_default_generators: 1.6.0 (/opt/ros/jazzy/share/rosidl_default_generators/cmake)
-- Using all available rosidl_typesupport_c: rosidl_typesupport_fastrtps_c;rosidl_typesupport_introspection_c
-- Using all available rosidl_typesupport_cpp: rosidl_typesupport_fastrtps_cpp;rosidl_typesupport_introspection_cpp
-- Found rosidl_adapter: 4.6.6 (/opt/ros/jazzy/share/rosidl_adapter/cmake)
-- Found std_msgs: 5.3.6 (/opt/ros/jazzy/share/std_msgs/cmake)
-- Found sensor_msgs: 5.3.6 (/opt/ros/jazzy/share/sensor_msgs/cmake)
-- Found vision_msgs: 4.1.1 (/opt/ros/jazzy/share/vision_msgs/cmake)
-- Found ament_cmake_ros: 0.12.0 (/opt/ros/jazzy/share/ament_cmake_ros/cmake)
-- Using all available rosidl_typesupport_c: rosidl_typesupport_fastrtps_c;rosidl_typesupport_introspection_c
-- Using all available rosidl_typesupport_cpp: rosidl_typesupport_fastrtps_cpp;rosidl_typesupport_introspection_cpp
-- Found python_cmake_module: 0.11.1 (/opt/ros/jazzy/share/python_cmake_module/cmake)
-- Found PythonExtra: /home/radu28/miniforge3/bin/python3  
-- Found Python3: /home/radu28/miniforge3/bin/python3 (found version "3.12.12") found components: Interpreter Development NumPy Development.Module Development.Embed 
-- Configuring done (2.5s)
-- Generating done (0.0s)
-- Build files have been written to: /home/radu28/Documents/YOLO-face-recognition/build/face_msgs
[  1%] [34m[1mGenerating type hashes for ROS interfaces[0m
[  1%] Built target ament_cmake_python_copy_face_msgs
running egg_info
creating face_msgs.egg-info
writing face_msgs.egg-info/PKG-INFO
writing dependency_links to face_msgs.egg-info/dependency_links.txt
writing top-level names to face_msgs.egg-info/top_level.txt
writing manifest file 'face_msgs.egg-info/SOURCES.txt'
[  1%] Built target face_msgs__rosidl_generator_type_description
reading manifest file 'face_msgs.egg-info/SOURCES.txt'
[  3%] [34m[1mGenerating C code for ROS interfaces[0m
writing manifest file 'face_msgs.egg-info/SOURCES.txt'
[  5%] [34m[1mGenerating C++ code for ROS interfaces[0m
[  5%] Built target ament_cmake_python_build_face_msgs_egg
[  5%] Built target face_msgs__cpp
[ 12%] [32mBuilding C object CMakeFiles/face_msgs__rosidl_generator_c.dir/rosidl_generator_c/face_msgs/msg/detail/face__description.c.o[0m
[ 12%] [32mBuilding C object CMakeFiles/face_msgs__rosidl_generator_c.dir/rosidl_generator_c/face_msgs/msg/detail/face_detections__functions.c.o[0m
[ 12%] [32mBuilding C object CMakeFiles/face_msgs__rosidl_generator_c.dir/rosidl_generator_c/face_msgs/msg/detail/face_detections__description.c.o[0m
[ 12%] [32mBuilding C object CMakeFiles/face_msgs__rosidl_generator_c.dir/rosidl_generator_c/face_msgs/msg/detail/face_detections__type_support.c.o[0m
[ 14%] [32mBuilding C object CMakeFiles/face_msgs__rosidl_generator_c.dir/rosidl_generator_c/face_msgs/msg/detail/face__functions.c.o[0m
[ 16%] [32mBuilding C object CMakeFiles/face_msgs__rosidl_generator_c.dir/rosidl_generator_c/face_msgs/msg/detail/face__type_support.c.o[0m
[ 18%] [32mBuilding C object CMakeFiles/face_msgs__rosidl_generator_c.dir/rosidl_generator_c/face_msgs/msg/detail/face_embedding_array__description.c.o[0m
[ 20%] [32mBuilding C object CMakeFiles/face_msgs__rosidl_generator_c.dir/rosidl_generator_c/face_msgs/msg/detail/face_embedding_array__functions.c.o[0m
[ 22%] [32mBuilding C object CMakeFiles/face_msgs__rosidl_generator_c.dir/rosidl_generator_c/face_msgs/msg/detail/face_embedding_array__type_support.c.o[0m
[ 24%] [32m[1mLinking C shared library libface_msgs__rosidl_generator_c.so[0m
[ 24%] Built target face_msgs__rosidl_generator_c
[ 31%] [34m[1mGenerating C++ type support dispatch for ROS interfaces[0m
[ 31%] [34m[1mGenerating C++ introspection for ROS interfaces[0m
[ 31%] [34m[1mGenerating C type support for eProsima Fast-RTPS[0m
[ 31%] [34m[1mGenerating C++ type support for eProsima Fast-RTPS[0m
[ 33%] [32mBuilding CXX object CMakeFiles/face_msgs__rosidl_typesupport_cpp.dir/rosidl_typesupport_cpp/face_msgs/msg/face_detections__type_support.cpp.o[0m
[ 35%] [32mBuilding CXX object CMakeFiles/face_msgs__rosidl_typesupport_introspection_cpp.dir/rosidl_typesupport_introspection_cpp/face_msgs/msg/detail/face_detections__type_support.cpp.o[0m
[ 37%] [32mBuilding CXX object CMakeFiles/face_msgs__rosidl_typesupport_fastrtps_cpp.dir/rosidl_typesupport_fastrtps_cpp/face_msgs/msg/detail/dds_fastrtps/face_detections__type_support.cpp.o[0m
[ 38%] [32mBuilding CXX object CMakeFiles/face_msgs__rosidl_typesupport_fastrtps_c.dir/rosidl_typesupport_fastrtps_c/face_msgs/msg/detail/face_detections__type_support_c.cpp.o[0m
[ 40%] [32mBuilding CXX object CMakeFiles/face_msgs__rosidl_typesupport_cpp.dir/rosidl_typesupport_cpp/face_msgs/msg/face__type_support.cpp.o[0m
[ 42%] [32mBuilding CXX object CMakeFiles/face_msgs__rosidl_typesupport_introspection_cpp.dir/rosidl_typesupport_introspection_cpp/face_msgs/msg/detail/face__type_support.cpp.o[0m
[ 44%] [32mBuilding CXX object CMakeFiles/face_msgs__rosidl_typesupport_cpp.dir/rosidl_typesupport_cpp/face_msgs/msg/face_embedding_array__type_support.cpp.o[0m
[ 46%] [32mBuilding CXX object CMakeFiles/face_msgs__rosidl_typesupport_fastrtps_c.dir/rosidl_typesupport_fastrtps_c/face_msgs/msg/detail/face__type_support_c.cpp.o[0m
[ 48%] [32mBuilding CXX object CMakeFiles/face_msgs__rosidl_typesupport_fastrtps_cpp.dir/rosidl_typesupport_fastrtps_cpp/face_msgs/msg/detail/dds_fastrtps/face__type_support.cpp.o[0m
[ 51%] [32m[1mLinking CXX shared library libface_msgs__rosidl_typesupport_cpp.so[0m
[ 51%] [32mBuilding CXX object CMakeFiles/face_msgs__rosidl_typesupport_introspection_cpp.dir/rosidl_typesupport_introspection_cpp/face_msgs/msg/detail/face_embedding_array__type_support.cpp.o[0m
[ 51%] Built target face_msgs__rosidl_typesupport_cpp
[ 53%] [32mBuilding CXX object CMakeFiles/face_msgs__rosidl_typesupport_fastrtps_c.dir/rosidl_typesupport_fastrtps_c/face_msgs/msg/detail/face_embedding_array__type_support_c.cpp.o[0m
[ 55%] [32mBuilding CXX object CMakeFiles/face_msgs__rosidl_typesupport_fastrtps_cpp.dir/rosidl_typesupport_fastrtps_cpp/face_msgs/msg/detail/dds_fastrtps/face_embedding_array__type_support.cpp.o[0m
[ 57%] [34m[1mGenerating C introspection for ROS interfaces[0m
[ 59%] [32m[1mLinking CXX shared library libface_msgs__rosidl_typesupport_introspection_cpp.so[0m
[ 59%] Built target face_msgs__rosidl_typesupport_introspection_cpp
[ 61%] [34m[1mGenerating C type support dispatch for ROS interfaces[0m
[ 62%] [32m[1mLinking CXX shared library libface_msgs__rosidl_typesupport_fastrtps_c.so[0m
[ 62%] Built target face_msgs__rosidl_typesupport_fastrtps_c
[ 64%] [32mBuilding C object CMakeFiles/face_msgs__rosidl_typesupport_introspection_c.dir/rosidl_typesupport_introspection_c/face_msgs/msg/detail/face_detections__type_support.c.o[0m
[ 66%] [32mBuilding C object CMakeFiles/face_msgs__rosidl_typesupport_introspection_c.dir/rosidl_typesupport_introspection_c/face_msgs/msg/detail/face__type_support.c.o[0m
[ 68%] [32mBuilding C object CMakeFiles/face_msgs__rosidl_typesupport_introspection_c.dir/rosidl_typesupport_introspection_c/face_msgs/msg/detail/face_embedding_array__type_support.c.o[0m
[ 70%] [32mBuilding CXX object CMakeFiles/face_msgs__rosidl_typesupport_c.dir/rosidl_typesupport_c/face_msgs/msg/face_detections__type_support.cpp.o[0m
[ 72%] [32mBuilding CXX object CMakeFiles/face_msgs__rosidl_typesupport_c.dir/rosidl_typesupport_c/face_msgs/msg/face__type_support.cpp.o[0m
[ 74%] [32m[1mLinking CXX shared library libface_msgs__rosidl_typesupport_fastrtps_cpp.so[0m
[ 75%] [32m[1mLinking C shared library libface_msgs__rosidl_typesupport_introspection_c.so[0m
[ 77%] [32mBuilding CXX object CMakeFiles/face_msgs__rosidl_typesupport_c.dir/rosidl_typesupport_c/face_msgs/msg/face_embedding_array__type_support.cpp.o[0m
[ 77%] Built target face_msgs__rosidl_typesupport_introspection_c
[ 79%] [32m[1mLinking CXX shared library libface_msgs__rosidl_typesupport_c.so[0m
[ 79%] Built target face_msgs__rosidl_typesupport_fastrtps_cpp
[ 79%] Built target face_msgs__rosidl_typesupport_c
[ 79%] Built target face_msgs
[ 81%] [34m[1mGenerating Python code for ROS interfaces[0m
[ 81%] Built target face_msgs__py
[ 87%] [32mBuilding C object CMakeFiles/face_msgs__rosidl_generator_py.dir/rosidl_generator_py/face_msgs/msg/_face_detections_s.c.o[0m
[ 87%] [32mBuilding C object CMakeFiles/face_msgs__rosidl_generator_py.dir/rosidl_generator_py/face_msgs/msg/_face_embedding_array_s.c.o[0m
[ 87%] [32mBuilding C object CMakeFiles/face_msgs__rosidl_generator_py.dir/rosidl_generator_py/face_msgs/msg/_face_s.c.o[0m
[ 88%] [32m[1mLinking C shared library libface_msgs__rosidl_generator_py.so[0m
[ 88%] Built target face_msgs__rosidl_generator_py
[ 92%] [32mBuilding C object CMakeFiles/face_msgs_s__rosidl_typesupport_c.dir/rosidl_generator_py/face_msgs/_face_msgs_s.ep.rosidl_typesupport_c.c.o[0m
[ 92%] [32mBuilding C object CMakeFiles/face_msgs_s__rosidl_typesupport_introspection_c.dir/rosidl_generator_py/face_msgs/_face_msgs_s.ep.rosidl_typesupport_introspection_c.c.o[0m
[ 94%] [32mBuilding C object CMakeFiles/face_msgs_s__rosidl_typesupport_fastrtps_c.dir/rosidl_generator_py/face_msgs/_face_msgs_s.ep.rosidl_typesupport_fastrtps_c.c.o[0m
[ 96%] [32m[1mLinking C shared module rosidl_generator_py/face_msgs/face_msgs_s__rosidl_typesupport_introspection_c.so[0m
[ 98%] [32m[1mLinking C shared module rosidl_generator_py/face_msgs/face_msgs_s__rosidl_typesupport_c.so[0m
[100%] [32m[1mLinking C shared module rosidl_generator_py/face_msgs/face_msgs_s__rosidl_typesupport_fastrtps_c.so[0m
[100%] Built target face_msgs_s__rosidl_typesupport_introspection_c
[100%] Built target face_msgs_s__rosidl_typesupport_c
[100%] Built target face_msgs_s__rosidl_typesupport_fastrtps_c
-- Install configuration: ""
-- Installing: /home/radu28/Documents/YOLO-face-recognition/install/face_msgs/share/ament_index/resource_index/rosidl_interfaces/face_msgs
-- Installing: /home/radu28/Documents/YOLO-face-recognition/install/face_msgs/share/face_msgs/msg/FaceDetections.json
-- Installing: /home/radu28/Documents/YOLO-face-recognition/install/face_msgs/share/face_msgs/msg/Face.json
-- Installing: /home/radu28/Documents/YOLO-face-recognition/install/face_msgs/share/face_msgs/msg/FaceEmbeddingArray.json
-- Installing: /home/radu28/Documents/YOLO-face-recognition/install/face_msgs/include/face_msgs/face_msgs
-- Installing: /home/radu28/Documents/YOLO-face-recognition/install/face_msgs/include/face_msgs/face_msgs/msg
-- Installing: /home/radu28/Documents/YOLO-face-recognition/install/face_msgs/include/face_msgs/face_msgs/msg/rosidl_generator_c__visibility_control.h
-- Installing: /home/radu28/Documents/YOLO-face-recognition/install/face_msgs/include/face_msgs/face_msgs/msg/face_embedding_array.h
-- Installing: /home/radu28/Documents/YOLO-face-recognition/install/face_msgs/include/face_msgs/face_msgs/msg/detail
-- Installing: /home/radu28/Documents/YOLO-face-recognition/install/face_msgs/include/face_msgs/face_msgs/msg/detail/face_embedding_array__type_support.h
-- Installing: /home/radu28/Documents/YOLO-face-recognition/install/face_msgs/include/face_msgs/face_msgs/msg/detail/face_detections__type_support.h
-- Installing: /home/radu28/Documents/YOLO-face-recognition/install/face_msgs/include/face_msgs/face_msgs/msg/detail/face_embedding_array__type_support.c
-- Installing: /home/radu28/Documents/YOLO-face-recognition/install/face_msgs/include/face_msgs/face_msgs/msg/detail/face_detections__description.c
-- Installing: /home/radu28/Documents/YOLO-face-recognition/install/face_msgs/include/face_msgs/face_msgs/msg/detail/face_detections__functions.c
-- Installing: /home/radu28/Documents/YOLO-face-recognition/install/face_msgs/include/face_msgs/face_msgs/msg/detail/face__functions.h
-- Installing: /home/radu28/Documents/YOLO-face-recognition/install/face_msgs/include/face_msgs/face_msgs/msg/detail/face__type_support.h
-- Installing: /home/radu28/Documents/YOLO-face-recognition/install/face_msgs/include/face_msgs/face_msgs/msg/detail/face_embedding_array__description.c
-- Installing: /home/radu28/Documents/YOLO-face-recognition/install/face_msgs/include/face_msgs/face_msgs/msg/detail/face_embedding_array__functions.h
-- Installing: /home/radu28/Documents/YOLO-face-recognition/install/face_msgs/include/face_msgs/face_msgs/msg/detail/face_detections__functions.h
-- Installing: /home/radu28/Documents/YOLO-face-recognition/install/face_msgs/include/face_msgs/face_msgs/msg/detail/face__type_support.c
-- Installing: /home/radu28/Documents/YOLO-face-recognition/install/face_msgs/include/face_msgs/face_msgs/msg/detail/face_detections__type_support.c
-- Installing: /home/radu28/Documents/YOLO-face-recognition/install/face_msgs/include/face_msgs/face_msgs/msg/detail/face_embedding_array__struct.h
-- Installing: /home/radu28/Documents/YOLO-face-recognition/install/face_msgs/include/face_msgs/face_msgs/msg/detail/face__description.c
-- Installing: /home/radu28/Documents/YOLO-face-recognition/install/face_msgs/include/face_msgs/face_msgs/msg/detail/face__struct.h
-- Installing: /home/radu28/Documents/YOLO-face-recognition/install/face_msgs/include/face_msgs/face_msgs/msg/detail/face__functions.c
-- Installing: /home/radu28/Documents/YOLO-face-recognition/install/face_msgs/include/face_msgs/face_msgs/msg/detail/face_embedding_array__functions.c
-- Installing: /home/radu28/Documents/YOLO-face-recognition/install/face_msgs/include/face_msgs/face_msgs/msg/detail/face_detections__struct.h
-- Installing: /home/radu28/Documents/YOLO-face-recognition/install/face_msgs/include/face_msgs/face_msgs/msg/face_detections.h
-- Installing: /home/radu28/Documents/YOLO-face-recognition/install/face_msgs/include/face_msgs/face_msgs/msg/face.h
-- Installing: /home/radu28/Documents/YOLO-face-recognition/install/face_msgs/share/face_msgs/environment/library_path.sh
-- Installing: /home/radu28/Documents/YOLO-face-recognition/install/face_msgs/share/face_msgs/environment/library_path.dsv
-- Installing: /home/radu28/Documents/YOLO-face-recognition/install/face_msgs/lib/libface_msgs__rosidl_generator_c.so
-- Set non-toolchain portion of runtime path of "/home/radu28/Documents/YOLO-face-recognition/install/face_msgs/lib/libface_msgs__rosidl_generator_c.so" to ""
-- Up-to-date: /home/radu28/Documents/YOLO-face-recognition/install/face_msgs/include/face_msgs/face_msgs
-- Up-to-date: /home/radu28/Documents/YOLO-face-recognition/install/face_msgs/include/face_msgs/face_msgs/msg
-- Installing: /home/radu28/Documents/YOLO-face-recognition/install/face_msgs/include/face_msgs/face_msgs/msg/rosidl_typesupport_fastrtps_c__visibility_control.h
-- Up-to-date: /home/radu28/Documents/YOLO-face-recognition/install/face_msgs/include/face_msgs/face_msgs/msg/detail
-- Installing: /home/radu28/Documents/YOLO-face-recognition/install/face_msgs/include/face_msgs/face_msgs/msg/detail/face_embedding_array__rosidl_typesupport_fastrtps_c.h
-- Installing: /home/radu28/Documents/YOLO-face-recognition/install/face_msgs/include/face_msgs/face_msgs/msg/detail/face_detections__rosidl_typesupport_fastrtps_c.h
-- Installing: /home/radu28/Documents/YOLO-face-recognition/install/face_msgs/include/face_msgs/face_msgs/msg/detail/face__rosidl_typesupport_fastrtps_c.h
-- Installing: /home/radu28/Documents/YOLO-face-recognition/install/face_msgs/lib/libface_msgs__rosidl_typesupport_fastrtps_c.so
-- Set non-toolchain portion of runtime path of "/home/radu28/Documents/YOLO-face-recognition/install/face_msgs/lib/libface_msgs__rosidl_typesupport_fastrtps_c.so" to ""
-- Up-to-date: /home/radu28/Documents/YOLO-face-recognition/install/face_msgs/include/face_msgs/face_msgs
-- Up-to-date: /home/radu28/Documents/YOLO-face-recognition/install/face_msgs/include/face_msgs/face_msgs/msg
-- Installing: /home/radu28/Documents/YOLO-face-recognition/install/face_msgs/include/face_msgs/face_msgs/msg/rosidl_typesupport_introspection_c__visibility_control.h
-- Up-to-date: /home/radu28/Documents/YOLO-face-recognition/install/face_msgs/include/face_msgs/face_msgs/msg/detail
-- Installing: /home/radu28/Documents/YOLO-face-recognition/install/face_msgs/include/face_msgs/face_msgs/msg/detail/face_embedding_array__type_support.c
-- Installing: /home/radu28/Documents/YOLO-face-recognition/install/face_msgs/include/face_msgs/face_msgs/msg/detail/face__rosidl_typesupport_introspection_c.h
-- Installing: /home/radu28/Documents/YOLO-face-recognition/install/face_msgs/include/face_msgs/face_msgs/msg/detail/face__type_support.c
-- Installing: /home/radu28/Documents/YOLO-face-recognition/install/face_msgs/include/face_msgs/face_msgs/msg/detail/face_detections__type_support.c
-- Installing: /home/radu28/Documents/YOLO-face-recognition/install/face_msgs/include/face_msgs/face_msgs/msg/detail/face_embedding_array__rosidl_typesupport_introspection_c.h
-- Installing: /home/radu28/Documents/YOLO-face-recognition/install/face_msgs/include/face_msgs/face_msgs/msg/detail/face_detections__rosidl_typesupport_introspection_c.h
-- Installing: /home/radu28/Documents/YOLO-face-recognition/install/face_msgs/lib/libface_msgs__rosidl_typesupport_introspection_c.so
-- Set non-toolchain portion of runtime path of "/home/radu28/Documents/YOLO-face-recognition/install/face_msgs/lib/libface_msgs__rosidl_typesupport_introspection_c.so" to ""
-- Installing: /home/radu28/Documents/YOLO-face-recognition/install/face_msgs/lib/libface_msgs__rosidl_typesupport_c.so
-- Set non-toolchain portion of runtime path of "/home/radu28/Documents/YOLO-face-recognition/install/face_msgs/lib/libface_msgs__rosidl_typesupport_c.so" to ""
-- Up-to-date: /home/radu28/Documents/YOLO-face-recognition/install/face_msgs/include/face_msgs/face_msgs
-- Up-to-date: /home/radu28/Documents/YOLO-face-recognition/install/face_msgs/include/face_msgs/face_msgs/msg
-- Installing: /home/radu28/Documents/YOLO-face-recognition/install/face_msgs/include/face_msgs/face_msgs/msg/face_detections.hpp
-- Installing: /home/radu28/Documents/YOLO-face-recognition/install/face_msgs/include/face_msgs/face_msgs/msg/face.hpp
-- Installing: /home/radu28/Documents/YOLO-face-recognition/install/face_msgs/include/face_msgs/face_msgs/msg/rosidl_generator_cpp__visibility_control.hpp
-- Up-to-date: /home/radu28/Documents/YOLO-face-recognition/install/face_msgs/include/face_msgs/face_msgs/msg/detail
-- Installing: /home/radu28/Documents/YOLO-face-recognition/install/face_msgs/include/face_msgs/face_msgs/msg/detail/face__traits.hpp
-- Installing: /home/radu28/Documents/YOLO-face-recognition/install/face_msgs/include/face_msgs/face_msgs/msg/detail/face_detections__traits.hpp
-- Installing: /home/radu28/Documents/YOLO-face-recognition/install/face_msgs/include/face_msgs/face_msgs/msg/detail/face__type_support.hpp
-- Installing: /home/radu28/Documents/YOLO-face-recognition/install/face_msgs/include/face_msgs/face_msgs/msg/detail/face_detections__struct.hpp
-- Installing: /home/radu28/Documents/YOLO-face-recognition/install/face_msgs/include/face_msgs/face_msgs/msg/detail/face_embedding_array__type_support.hpp
-- Installing: /home/radu28/Documents/YOLO-face-recognition/install/face_msgs/include/face_msgs/face_msgs/msg/detail/face_embedding_array__struct.hpp
-- Installing: /home/radu28/Documents/YOLO-face-recognition/install/face_msgs/include/face_msgs/face_msgs/msg/detail/face__struct.hpp
-- Installing: /home/radu28/Documents/YOLO-face-recognition/install/face_msgs/include/face_msgs/face_msgs/msg/detail/face_detections__type_support.hpp
-- Installing: /home/radu28/Documents/YOLO-face-recognition/install/face_msgs/include/face_msgs/face_msgs/msg/detail/face_detections__builder.hpp
-- Installing: /home/radu28/Documents/YOLO-face-recognition/install/face_msgs/include/face_msgs/face_msgs/msg/detail/face_embedding_array__traits.hpp
-- Installing: /home/radu28/Documents/YOLO-face-recognition/install/face_msgs/include/face_msgs/face_msgs/msg/detail/face__builder.hpp
-- Installing: /home/radu28/Documents/YOLO-face-recognition/install/face_msgs/include/face_msgs/face_msgs/msg/detail/face_embedding_array__builder.hpp
-- Installing: /home/radu28/Documents/YOLO-face-recognition/install/face_msgs/include/face_msgs/face_msgs/msg/face_embedding_array.hpp
-- Up-to-date: /home/radu28/Documents/YOLO-face-recognition/install/face_msgs/include/face_msgs/face_msgs
-- Up-to-date: /home/radu28/Documents/YOLO-face-recognition/install/face_msgs/include/face_msgs/face_msgs/msg
-- Installing: /home/radu28/Documents/YOLO-face-recognition/install/face_msgs/include/face_msgs/face_msgs/msg/rosidl_typesupport_fastrtps_cpp__visibility_control.h
-- Up-to-date: /home/radu28/Documents/YOLO-face-recognition/install/face_msgs/include/face_msgs/face_msgs/msg/detail
-- Installing: /home/radu28/Documents/YOLO-face-recognition/install/face_msgs/include/face_msgs/face_msgs/msg/detail/face_embedding_array__rosidl_typesupport_fastrtps_cpp.hpp
-- Installing: /home/radu28/Documents/YOLO-face-recognition/install/face_msgs/include/face_msgs/face_msgs/msg/detail/face_detections__rosidl_typesupport_fastrtps_cpp.hpp
-- Installing: /home/radu28/Documents/YOLO-face-recognition/install/face_msgs/include/face_msgs/face_msgs/msg/detail/dds_fastrtps
-- Installing: /home/radu28/Documents/YOLO-face-recognition/install/face_msgs/include/face_msgs/face_msgs/msg/detail/face__rosidl_typesupport_fastrtps_cpp.hpp
-- Installing: /home/radu28/Documents/YOLO-face-recognition/install/face_msgs/lib/libface_msgs__rosidl_typesupport_fastrtps_cpp.so
-- Set non-toolchain portion of runtime path of "/home/radu28/Documents/YOLO-face-recognition/install/face_msgs/lib/libface_msgs__rosidl_typesupport_fastrtps_cpp.so" to ""
-- Up-to-date: /home/radu28/Documents/YOLO-face-recognition/install/face_msgs/include/face_msgs/face_msgs
-- Up-to-date: /home/radu28/Documents/YOLO-face-recognition/install/face_msgs/include/face_msgs/face_msgs/msg
-- Up-to-date: /home/radu28/Documents/YOLO-face-recognition/install/face_msgs/include/face_msgs/face_msgs/msg/detail
-- Installing: /home/radu28/Documents/YOLO-face-recognition/install/face_msgs/include/face_msgs/face_msgs/msg/detail/face_detections__type_support.cpp
-- Installing: /home/radu28/Documents/YOLO-face-recognition/install/face_msgs/include/face_msgs/face_msgs/msg/detail/face__type_support.cpp
-- Installing: /home/radu28/Documents/YOLO-face-recognition/install/face_msgs/include/face_msgs/face_msgs/msg/detail/face_embedding_array__type_support.cpp
-- Installing: /home/radu28/Documents/YOLO-face-recognition/install/face_msgs/include/face_msgs/face_msgs/msg/detail/face_embedding_array__rosidl_typesupport_introspection_cpp.hpp
-- Installing: /home/radu28/Documents/YOLO-face-recognition/install/face_msgs/include/face_msgs/face_msgs/msg/detail/face__rosidl_typesupport_introspection_cpp.hpp
-- Installing: /home/radu28/Documents/YOLO-face-recognition/install/face_msgs/include/face_msgs/face_msgs/msg/detail/face_detections__rosidl_typesupport_introspection_cpp.hpp
-- Installing: /home/radu28/Documents/YOLO-face-recognition/install/face_msgs/lib/libface_msgs__rosidl_typesupport_introspection_cpp.so
-- Set non-toolchain portion of runtime path of "/home/radu28/Documents/YOLO-face-recognition/install/face_msgs/lib/libface_msgs__rosidl_typesupport_introspection_cpp.so" to ""
-- Installing: /home/radu28/Documents/YOLO-face-recognition/install/face_msgs/lib/libface_msgs__rosidl_typesupport_cpp.so
-- Set non-toolchain portion of runtime path of "/home/radu28/Documents/YOLO-face-recognition/install/face_msgs/lib/libface_msgs__rosidl_typesupport_cpp.so" to ""
-- Installing: /home/radu28/Documents/YOLO-face-recognition/install/face_msgs/share/face_msgs/environment/pythonpath.sh
-- Installing: /home/radu28/Documents/YOLO-face-recognition/install/face_msgs/share/face_msgs/environment/pythonpath.dsv
-- Installing: /home/radu28/Documents/YOLO-face-recognition/install/face_msgs/lib/python3.12/site-packages/face_msgs-0.0.0-py3.12.egg-info
-- Installing: /home/radu28/Documents/YOLO-face-recognition/install/face_msgs/lib/python3.12/site-packages/face_msgs-0.0.0-py3.12.egg-info/PKG-INFO
-- Installing: /home/radu28/Documents/YOLO-face-recognition/install/face_msgs/lib/python3.12/site-packages/face_msgs-0.0.0-py3.12.egg-info/SOURCES.txt
-- Installing: /home/radu28/Documents/YOLO-face-recognition/install/face_msgs/lib/python3.12/site-packages/face_msgs-0.0.0-py3.12.egg-info/top_level.txt
-- Installing: /home/radu28/Documents/YOLO-face-recognition/install/face_msgs/lib/python3.12/site-packages/face_msgs-0.0.0-py3.12.egg-info/dependency_links.txt
-- Installing: /home/radu28/Documents/YOLO-face-recognition/install/face_msgs/lib/python3.12/site-packages/face_msgs
-- Installing: /home/radu28/Documents/YOLO-face-recognition/install/face_msgs/lib/python3.12/site-packages/face_msgs/_face_msgs_s.ep.rosidl_typesupport_fastrtps_c.c
-- Installing: /home/radu28/Documents/YOLO-face-recognition/install/face_msgs/lib/python3.12/site-packages/face_msgs/_face_msgs_s.ep.rosidl_typesupport_introspection_c.c
-- Installing: /home/radu28/Documents/YOLO-face-recognition/install/face_msgs/lib/python3.12/site-packages/face_msgs/_face_msgs_s.ep.rosidl_typesupport_c.c
-- Installing: /home/radu28/Documents/YOLO-face-recognition/install/face_msgs/lib/python3.12/site-packages/face_msgs/face_msgs_s__rosidl_typesupport_introspection_c.so
-- Installing: /home/radu28/Documents/YOLO-face-recognition/install/face_msgs/lib/python3.12/site-packages/face_msgs/face_msgs_s__rosidl_typesupport_fastrtps_c.so
-- Installing: /home/radu28/Documents/YOLO-face-recognition/install/face_msgs/lib/python3.12/site-packages/face_msgs/msg
-- Installing: /home/radu28/Documents/YOLO-face-recognition/install/face_msgs/lib/python3.12/site-packages/face_msgs/msg/_face_embedding_array.py
-- Installing: /home/radu28/Documents/YOLO-face-recognition/install/face_msgs/lib/python3.12/site-packages/face_msgs/msg/_face_embedding_array_s.c
-- Installing: /home/radu28/Documents/YOLO-face-recognition/install/face_msgs/lib/python3.12/site-packages/face_msgs/msg/_face_detections_s.c
-- Installing: /home/radu28/Documents/YOLO-face-recognition/install/face_msgs/lib/python3.12/site-packages/face_msgs/msg/_face_s.c
-- Installing: /home/radu28/Documents/YOLO-face-recognition/install/face_msgs/lib/python3.12/site-packages/face_msgs/msg/_face.py
-- Installing: /home/radu28/Documents/YOLO-face-recognition/install/face_msgs/lib/python3.12/site-packages/face_msgs/msg/__init__.py
-- Installing: /home/radu28/Documents/YOLO-face-recognition/install/face_msgs/lib/python3.12/site-packages/face_msgs/msg/_face_detections.py
-- Installing: /home/radu28/Documents/YOLO-face-recognition/install/face_msgs/lib/python3.12/site-packages/face_msgs/__init__.py
-- Installing: /home/radu28/Documents/YOLO-face-recognition/install/face_msgs/lib/python3.12/site-packages/face_msgs/face_msgs_s__rosidl_typesupport_c.so
Listing '/home/radu28/Documents/YOLO-face-recognition/install/face_msgs/lib/python3.12/site-packages/face_msgs'...
Compiling '/home/radu28/Documents/YOLO-face-recognition/install/face_msgs/lib/python3.12/site-packages/face_msgs/__init__.py'...
Listing '/home/radu28/Documents/YOLO-face-recognition/install/face_msgs/lib/python3.12/site-packages/face_msgs/msg'...
Compiling '/home/radu28/Documents/YOLO-face-recognition/install/face_msgs/lib/python3.12/site-packages/face_msgs/msg/__init__.py'...
Compiling '/home/radu28/Documents/YOLO-face-recognition/install/face_msgs/lib/python3.12/site-packages/face_msgs/msg/_face.py'...
Compiling '/home/radu28/Documents/YOLO-face-recognition/install/face_msgs/lib/python3.12/site-packages/face_msgs/msg/_face_detections.py'...
Compiling '/home/radu28/Documents/YOLO-face-recognition/install/face_msgs/lib/python3.12/site-packages/face_msgs/msg/_face_embedding_array.py'...
-- Installing: /home/radu28/Documents/YOLO-face-recognition/install/face_msgs/lib/python3.12/site-packages/face_msgs/face_msgs_s__rosidl_typesupport_fastrtps_c.so
-- Set non-toolchain portion of runtime path of "/home/radu28/Documents/YOLO-face-recognition/install/face_msgs/lib/python3.12/site-packages/face_msgs/face_msgs_s__rosidl_typesupport_fastrtps_c.so" to ""
-- Installing: /home/radu28/Documents/YOLO-face-recognition/install/face_msgs/lib/python3.12/site-packages/face_msgs/face_msgs_s__rosidl_typesupport_introspection_c.so
-- Set non-toolchain portion of runtime path of "/home/radu28/Documents/YOLO-face-recognition/install/face_msgs/lib/python3.12/site-packages/face_msgs/face_msgs_s__rosidl_typesupport_introspection_c.so" to ""
-- Installing: /home/radu28/Documents/YOLO-face-recognition/install/face_msgs/lib/python3.12/site-packages/face_msgs/face_msgs_s__rosidl_typesupport_c.so
-- Set non-toolchain portion of runtime path of "/home/radu28/Documents/YOLO-face-recognition/install/face_msgs/lib/python3.12/site-packages/face_msgs/face_msgs_s__rosidl_typesupport_c.so" to ""
-- Installing: /home/radu28/Documents/YOLO-face-recognition/install/face_msgs/lib/libface_msgs__rosidl_generator_py.so
-- Set non-toolchain portion of runtime path of "/home/radu28/Documents/YOLO-face-recognition/install/face_msgs/lib/libface_msgs__rosidl_generator_py.so" to ""
-- Installing: /home/radu28/Documents/YOLO-face-recognition/install/face_msgs/share/face_msgs/msg/FaceDetections.idl
-- Installing: /home/radu28/Documents/YOLO-face-recognition/install/face_msgs/share/face_msgs/msg/Face.idl
-- Installing: /home/radu28/Documents/YOLO-face-recognition/install/face_msgs/share/face_msgs/msg/FaceEmbeddingArray.idl
-- Installing: /home/radu28/Documents/YOLO-face-recognition/install/face_msgs/share/face_msgs/msg/FaceDetections.msg
-- Installing: /home/radu28/Documents/YOLO-face-recognition/install/face_msgs/share/face_msgs/msg/Face.msg
-- Installing: /home/radu28/Documents/YOLO-face-recognition/install/face_msgs/share/face_msgs/msg/FaceEmbeddingArray.msg
-- Installing: /home/radu28/Documents/YOLO-face-recognition/install/face_msgs/share/ament_index/resource_index/package_run_dependencies/face_msgs
-- Installing: /home/radu28/Documents/YOLO-face-recognition/install/face_msgs/share/ament_index/resource_index/parent_prefix_path/face_msgs
-- Installing: /home/radu28/Documents/YOLO-face-recognition/install/face_msgs/share/face_msgs/environment/ament_prefix_path.sh
-- Installing: /home/radu28/Documents/YOLO-face-recognition/install/face_msgs/share/face_msgs/environment/ament_prefix_path.dsv
-- Installing: /home/radu28/Documents/YOLO-face-recognition/install/face_msgs/share/face_msgs/environment/path.sh
-- Installing: /home/radu28/Documents/YOLO-face-recognition/install/face_msgs/share/face_msgs/environment/path.dsv
-- Installing: /home/radu28/Documents/YOLO-face-recognition/install/face_msgs/share/face_msgs/local_setup.bash
-- Installing: /home/radu28/Documents/YOLO-face-recognition/install/face_msgs/share/face_msgs/local_setup.sh
-- Installing: /home/radu28/Documents/YOLO-face-recognition/install/face_msgs/share/face_msgs/local_setup.zsh
-- Installing: /home/radu28/Documents/YOLO-face-recognition/install/face_msgs/share/face_msgs/local_setup.dsv
-- Installing: /home/radu28/Documents/YOLO-face-recognition/install/face_msgs/share/face_msgs/package.dsv
-- Installing: /home/radu28/Documents/YOLO-face-recognition/install/face_msgs/share/ament_index/resource_index/packages/face_msgs
-- Installing: /home/radu28/Documents/YOLO-face-recognition/install/face_msgs/share/face_msgs/cmake/export_face_msgs__rosidl_generator_cExport.cmake
-- Installing: /home/radu28/Documents/YOLO-face-recognition/install/face_msgs/share/face_msgs/cmake/export_face_msgs__rosidl_generator_cExport-noconfig.cmake
-- Installing: /home/radu28/Documents/YOLO-face-recognition/install/face_msgs/share/face_msgs/cmake/export_face_msgs__rosidl_typesupport_fastrtps_cExport.cmake
-- Installing: /home/radu28/Documents/YOLO-face-recognition/install/face_msgs/share/face_msgs/cmake/export_face_msgs__rosidl_typesupport_fastrtps_cExport-noconfig.cmake
-- Installing: /home/radu28/Documents/YOLO-face-recognition/install/face_msgs/share/face_msgs/cmake/face_msgs__rosidl_typesupport_introspection_cExport.cmake
-- Installing: /home/radu28/Documents/YOLO-face-recognition/install/face_msgs/share/face_msgs/cmake/face_msgs__rosidl_typesupport_introspection_cExport-noconfig.cmake
-- Installing: /home/radu28/Documents/YOLO-face-recognition/install/face_msgs/share/face_msgs/cmake/face_msgs__rosidl_typesupport_cExport.cmake
-- Installing: /home/radu28/Documents/YOLO-face-recognition/install/face_msgs/share/face_msgs/cmake/face_msgs__rosidl_typesupport_cExport-noconfig.cmake
-- Installing: /home/radu28/Documents/YOLO-face-recognition/install/face_msgs/share/face_msgs/cmake/export_face_msgs__rosidl_generator_cppExport.cmake
-- Installing: /home/radu28/Documents/YOLO-face-recognition/install/face_msgs/share/face_msgs/cmake/export_face_msgs__rosidl_typesupport_fastrtps_cppExport.cmake
-- Installing: /home/radu28/Documents/YOLO-face-recognition/install/face_msgs/share/face_msgs/cmake/export_face_msgs__rosidl_typesupport_fastrtps_cppExport-noconfig.cmake
-- Installing: /home/radu28/Documents/YOLO-face-recognition/install/face_msgs/share/face_msgs/cmake/face_msgs__rosidl_typesupport_introspection_cppExport.cmake
-- Installing: /home/radu28/Documents/YOLO-face-recognition/install/face_msgs/share/face_msgs/cmake/face_msgs__rosidl_typesupport_introspection_cppExport-noconfig.cmake
-- Installing: /home/radu28/Documents/YOLO-face-recognition/install/face_msgs/share/face_msgs/cmake/face_msgs__rosidl_typesupport_cppExport.cmake
-- Installing: /home/radu28/Documents/YOLO-face-recognition/install/face_msgs/share/face_msgs/cmake/face_msgs__rosidl_typesupport_cppExport-noconfig.cmake
-- Installing: /home/radu28/Documents/YOLO-face-recognition/install/face_msgs/share/face_msgs/cmake/export_face_msgs__rosidl_generator_pyExport.cmake
-- Installing: /home/radu28/Documents/YOLO-face-recognition/install/face_msgs/share/face_msgs/cmake/export_face_msgs__rosidl_generator_pyExport-noconfig.cmake
-- Installing: /home/radu28/Documents/YOLO-face-recognition/install/face_msgs/share/face_msgs/cmake/rosidl_cmake-extras.cmake
-- Installing: /home/radu28/Documents/YOLO-face-recognition/install/face_msgs/share/face_msgs/cmake/ament_cmake_export_dependencies-extras.cmake
-- Installing: /home/radu28/Documents/YOLO-face-recognition/install/face_msgs/share/face_msgs/cmake/ament_cmake_export_include_directories-extras.cmake
-- Installing: /home/radu28/Documents/YOLO-face-recognition/install/face_msgs/share/face_msgs/cmake/ament_cmake_export_libraries-extras.cmake
-- Installing: /home/radu28/Documents/YOLO-face-recognition/install/face_msgs/share/face_msgs/cmake/ament_cmake_export_targets-extras.cmake
-- Installing: /home/radu28/Documents/YOLO-face-recognition/install/face_msgs/share/face_msgs/cmake/rosidl_cmake_export_typesupport_targets-extras.cmake
-- Installing: /home/radu28/Documents/YOLO-face-recognition/install/face_msgs/share/face_msgs/cmake/rosidl_cmake_export_typesupport_libraries-extras.cmake
-- Installing: /home/radu28/Documents/YOLO-face-recognition/install/face_msgs/share/face_msgs/cmake/face_msgsConfig.cmake
-- Installing: /home/radu28/Documents/YOLO-face-recognition/install/face_msgs/share/face_msgs/cmake/face_msgsConfig-version.cmake
-- Installing: /home/radu28/Documents/YOLO-face-recognition/install/face_msgs/share/face_msgs/package.xml
