running develop
running egg_info
creating yolo_face_recognition.egg-info
writing yolo_face_recognition.egg-info/PKG-INFO
writing dependency_links to yolo_face_recognition.egg-info/dependency_links.txt
writing entry points to yolo_face_recognition.egg-info/entry_points.txt
writing requirements to yolo_face_recognition.egg-info/requires.txt
writing top-level names to yolo_face_recognition.egg-info/top_level.txt
writing manifest file 'yolo_face_recognition.egg-info/SOURCES.txt'
reading manifest file 'yolo_face_recognition.egg-info/SOURCES.txt'
writing manifest file 'yolo_face_recognition.egg-info/SOURCES.txt'
running build_ext
Creating /home/radu28/Documents/YOLO-face-recognition/ros2_yolo_ws/install/yolo_face_recognition/lib/python3.12/site-packages/yolo-face-recognition.egg-link (link to .)
Installing camera_node script to /home/radu28/Documents/YOLO-face-recognition/ros2_yolo_ws/install/yolo_face_recognition/lib/yolo_face_recognition
Installing detection_node script to /home/radu28/Documents/YOLO-face-recognition/ros2_yolo_ws/install/yolo_face_recognition/lib/yolo_face_recognition

Installed /home/radu28/Documents/YOLO-face-recognition/ros2_yolo_ws/build/yolo_face_recognition
running symlink_data
creating /home/radu28/Documents/YOLO-face-recognition/ros2_yolo_ws/install/yolo_face_recognition/share/ament_index
creating /home/radu28/Documents/YOLO-face-recognition/ros2_yolo_ws/install/yolo_face_recognition/share/ament_index/resource_index
creating /home/radu28/Documents/YOLO-face-recognition/ros2_yolo_ws/install/yolo_face_recognition/share/ament_index/resource_index/packages
symbolically linking /home/radu28/Documents/YOLO-face-recognition/ros2_yolo_ws/build/yolo_face_recognition/resource/yolo_face_recognition -> /home/radu28/Documents/YOLO-face-recognition/ros2_yolo_ws/install/yolo_face_recognition/share/ament_index/resource_index/packages
symbolically linking /home/radu28/Documents/YOLO-face-recognition/ros2_yolo_ws/build/yolo_face_recognition/package.xml -> /home/radu28/Documents/YOLO-face-recognition/ros2_yolo_ws/install/yolo_face_recognition/share/yolo_face_recognition
