[1.307s] Invoking command in '/home/radu28/Documents/YOLO-face-recognition/ros2_yolo_ws/src/yolo_face_recognition': AMENT_PREFIX_PATH=/home/radu28/Documents/YOLO-face-recognition/install/face_msgs:${AMENT_PREFIX_PATH} CMAKE_PREFIX_PATH=/home/radu28/Documents/YOLO-face-recognition/install/face_msgs:${CMAKE_PREFIX_PATH} CONDA_PROMPT_MODIFIER=(base) DEBUGINFOD_URLS=https://debuginfod.ubuntu.com LD_LIBRARY_PATH=/home/radu28/Documents/YOLO-face-recognition/install/face_msgs/lib:${LD_LIBRARY_PATH} PS1=(venv_yolo_py312) \u@\h:\w$ PYTHONPATH=/home/radu28/Documents/YOLO-face-recognition/build/yolo_face_recognition/prefix_override:/usr/lib/python3/dist-packages/colcon_core/task/python/colcon_distutils_commands:/home/radu28/Documents/YOLO-face-recognition/install/yolo_face_recognition/lib/python3.12/site-packages:/home/radu28/Documents/YOLO-face-recognition/install/face_msgs/lib/python3.12/site-packages:${PYTHONPATH} VIRTUAL_ENV_PROMPT=(venv_yolo_py312) /usr/bin/python3 -W ignore:setup.py install is deprecated -W ignore:easy_install command is deprecated setup.py egg_info --egg-base ../../../build/yolo_face_recognition build --build-base /home/radu28/Documents/YOLO-face-recognition/build/yolo_face_recognition/build install --record /home/radu28/Documents/YOLO-face-recognition/build/yolo_face_recognition/install.log --single-version-externally-managed install_data
[1.844s] running egg_info
[1.871s] writing ../../../build/yolo_face_recognition/yolo_face_recognition.egg-info/PKG-INFO
[1.872s] writing dependency_links to ../../../build/yolo_face_recognition/yolo_face_recognition.egg-info/dependency_links.txt
[1.872s] writing entry points to ../../../build/yolo_face_recognition/yolo_face_recognition.egg-info/entry_points.txt
[1.872s] writing requirements to ../../../build/yolo_face_recognition/yolo_face_recognition.egg-info/requires.txt
[1.872s] writing top-level names to ../../../build/yolo_face_recognition/yolo_face_recognition.egg-info/top_level.txt
[1.972s] reading manifest file '../../../build/yolo_face_recognition/yolo_face_recognition.egg-info/SOURCES.txt'
[1.973s] writing manifest file '../../../build/yolo_face_recognition/yolo_face_recognition.egg-info/SOURCES.txt'
[1.973s] running build
[1.977s] running build_py
[1.977s] copying yolo_face_recognition/__init__.py -> /home/radu28/Documents/YOLO-face-recognition/build/yolo_face_recognition/build/lib/yolo_face_recognition
[1.977s] copying yolo_face_recognition/nodes/camera_publisher_node.py -> /home/radu28/Documents/YOLO-face-recognition/build/yolo_face_recognition/build/lib/yolo_face_recognition/nodes
[1.977s] copying yolo_face_recognition/nodes/embedding_node.py -> /home/radu28/Documents/YOLO-face-recognition/build/yolo_face_recognition/build/lib/yolo_face_recognition/nodes
[1.978s] copying yolo_face_recognition/nodes/detector_node.py -> /home/radu28/Documents/YOLO-face-recognition/build/yolo_face_recognition/build/lib/yolo_face_recognition/nodes
[1.978s] copying yolo_face_recognition/nodes/tracking_node.py -> /home/radu28/Documents/YOLO-face-recognition/build/yolo_face_recognition/build/lib/yolo_face_recognition/nodes
[1.978s] copying yolo_face_recognition/nodes/__init__.py -> /home/radu28/Documents/YOLO-face-recognition/build/yolo_face_recognition/build/lib/yolo_face_recognition/nodes
[1.979s] running install
[2.004s] running install_lib
[2.078s] running install_data
[2.078s] copying resource/yolo_face_recognition -> /home/radu28/Documents/YOLO-face-recognition/install/yolo_face_recognition/share/ament_index/resource_index/packages
[2.078s] copying package.xml -> /home/radu28/Documents/YOLO-face-recognition/install/yolo_face_recognition/share/yolo_face_recognition
[2.078s] copying yolo_face_recognition/config/config.yaml -> /home/radu28/Documents/YOLO-face-recognition/install/yolo_face_recognition/share/yolo_face_recognition/config
[2.079s] copying yolo_face_recognition/models/yolov12n-face.pt -> /home/radu28/Documents/YOLO-face-recognition/install/yolo_face_recognition/share/yolo_face_recognition/models
[2.103s] running install_egg_info
[2.203s] removing '/home/radu28/Documents/YOLO-face-recognition/install/yolo_face_recognition/lib/python3.12/site-packages/yolo_face_recognition-0.0.0-py3.12.egg-info' (and everything under it)
[2.203s] Copying ../../../build/yolo_face_recognition/yolo_face_recognition.egg-info to /home/radu28/Documents/YOLO-face-recognition/install/yolo_face_recognition/lib/python3.12/site-packages/yolo_face_recognition-0.0.0-py3.12.egg-info
[2.203s] running install_scripts
[2.236s] Installing camera_node script to /home/radu28/Documents/YOLO-face-recognition/install/yolo_face_recognition/lib/yolo_face_recognition
[2.236s] Installing detection_node script to /home/radu28/Documents/YOLO-face-recognition/install/yolo_face_recognition/lib/yolo_face_recognition
[2.236s] Installing embedding_node script to /home/radu28/Documents/YOLO-face-recognition/install/yolo_face_recognition/lib/yolo_face_recognition
[2.236s] Installing tracking_node script to /home/radu28/Documents/YOLO-face-recognition/install/yolo_face_recognition/lib/yolo_face_recognition
[2.236s] writing list of installed files to '/home/radu28/Documents/YOLO-face-recognition/build/yolo_face_recognition/install.log'
[2.294s] Invoked command in '/home/radu28/Documents/YOLO-face-recognition/ros2_yolo_ws/src/yolo_face_recognition' returned '0': AMENT_PREFIX_PATH=/home/radu28/Documents/YOLO-face-recognition/install/face_msgs:${AMENT_PREFIX_PATH} CMAKE_PREFIX_PATH=/home/radu28/Documents/YOLO-face-recognition/install/face_msgs:${CMAKE_PREFIX_PATH} CONDA_PROMPT_MODIFIER=(base) DEBUGINFOD_URLS=https://debuginfod.ubuntu.com LD_LIBRARY_PATH=/home/radu28/Documents/YOLO-face-recognition/install/face_msgs/lib:${LD_LIBRARY_PATH} PS1=(venv_yolo_py312) \u@\h:\w$ PYTHONPATH=/home/radu28/Documents/YOLO-face-recognition/build/yolo_face_recognition/prefix_override:/usr/lib/python3/dist-packages/colcon_core/task/python/colcon_distutils_commands:/home/radu28/Documents/YOLO-face-recognition/install/yolo_face_recognition/lib/python3.12/site-packages:/home/radu28/Documents/YOLO-face-recognition/install/face_msgs/lib/python3.12/site-packages:${PYTHONPATH} VIRTUAL_ENV_PROMPT=(venv_yolo_py312) /usr/bin/python3 -W ignore:setup.py install is deprecated -W ignore:easy_install command is deprecated setup.py egg_info --egg-base ../../../build/yolo_face_recognition build --build-base /home/radu28/Documents/YOLO-face-recognition/build/yolo_face_recognition/build install --record /home/radu28/Documents/YOLO-face-recognition/build/yolo_face_recognition/install.log --single-version-externally-managed install_data
