[0.607s] Invoking command in '/home/radu28/Documents/YOLO-face-recognition/ros2_yolo_ws/src/yolo_face_recognition': CONDA_PROMPT_MODIFIER=(base) DEBUGINFOD_URLS=https://debuginfod.ubuntu.com PYTHONPATH=/home/radu28/Documents/YOLO-face-recognition/ros2_yolo_ws/build/yolo_face_recognition/prefix_override:/usr/lib/python3/dist-packages/colcon_core/task/python/colcon_distutils_commands:/home/radu28/Documents/YOLO-face-recognition/ros2_yolo_ws/install/yolo_face_recognition/lib/python3.12/site-packages:/home/radu28/Documents/YOLO-face-recognition/ros2_yolo_ws/install/face_msgs/lib/python3.12/site-packages:/home/radu28/Documents/YOLO-face-recognition/ros2_yolo_ws/install/yolo_face_recognition/lib/python3.12/site-packages:/opt/ros/jazzy/lib/python3.12/site-packages /usr/bin/python3 -W ignore:setup.py install is deprecated -W ignore:easy_install command is deprecated setup.py egg_info --egg-base ../../build/yolo_face_recognition build --build-base /home/radu28/Documents/YOLO-face-recognition/ros2_yolo_ws/build/yolo_face_recognition/build install --record /home/radu28/Documents/YOLO-face-recognition/ros2_yolo_ws/build/yolo_face_recognition/install.log --single-version-externally-managed install_data
[0.729s] running egg_info
[0.729s] creating ../../build/yolo_face_recognition/yolo_face_recognition.egg-info
[0.738s] writing ../../build/yolo_face_recognition/yolo_face_recognition.egg-info/PKG-INFO
[0.738s] writing dependency_links to ../../build/yolo_face_recognition/yolo_face_recognition.egg-info/dependency_links.txt
[0.738s] writing entry points to ../../build/yolo_face_recognition/yolo_face_recognition.egg-info/entry_points.txt
[0.738s] writing requirements to ../../build/yolo_face_recognition/yolo_face_recognition.egg-info/requires.txt
[0.738s] writing top-level names to ../../build/yolo_face_recognition/yolo_face_recognition.egg-info/top_level.txt
[0.738s] writing manifest file '../../build/yolo_face_recognition/yolo_face_recognition.egg-info/SOURCES.txt'
[0.757s] reading manifest file '../../build/yolo_face_recognition/yolo_face_recognition.egg-info/SOURCES.txt'
[0.758s] writing manifest file '../../build/yolo_face_recognition/yolo_face_recognition.egg-info/SOURCES.txt'
[0.758s] running build
[0.758s] running build_py
[0.758s] creating /home/radu28/Documents/YOLO-face-recognition/ros2_yolo_ws/build/yolo_face_recognition/build
[0.758s] creating /home/radu28/Documents/YOLO-face-recognition/ros2_yolo_ws/build/yolo_face_recognition/build/lib
[0.758s] creating /home/radu28/Documents/YOLO-face-recognition/ros2_yolo_ws/build/yolo_face_recognition/build/lib/yolo_face_recognition
[0.758s] copying yolo_face_recognition/__init__.py -> /home/radu28/Documents/YOLO-face-recognition/ros2_yolo_ws/build/yolo_face_recognition/build/lib/yolo_face_recognition
[0.758s] creating /home/radu28/Documents/YOLO-face-recognition/ros2_yolo_ws/build/yolo_face_recognition/build/lib/yolo_face_recognition/nodes
[0.758s] copying yolo_face_recognition/nodes/camera_publisher_node.py -> /home/radu28/Documents/YOLO-face-recognition/ros2_yolo_ws/build/yolo_face_recognition/build/lib/yolo_face_recognition/nodes
[0.759s] copying yolo_face_recognition/nodes/embedding_node.py -> /home/radu28/Documents/YOLO-face-recognition/ros2_yolo_ws/build/yolo_face_recognition/build/lib/yolo_face_recognition/nodes
[0.759s] copying yolo_face_recognition/nodes/detector_node.py -> /home/radu28/Documents/YOLO-face-recognition/ros2_yolo_ws/build/yolo_face_recognition/build/lib/yolo_face_recognition/nodes
[0.759s] copying yolo_face_recognition/nodes/__init__.py -> /home/radu28/Documents/YOLO-face-recognition/ros2_yolo_ws/build/yolo_face_recognition/build/lib/yolo_face_recognition/nodes
[0.760s] running install
[0.763s] running install_lib
[0.772s] creating /home/radu28/Documents/YOLO-face-recognition/ros2_yolo_ws/install/yolo_face_recognition/lib/python3.12/site-packages/yolo_face_recognition
[0.772s] creating /home/radu28/Documents/YOLO-face-recognition/ros2_yolo_ws/install/yolo_face_recognition/lib/python3.12/site-packages/yolo_face_recognition/nodes
[0.772s] copying /home/radu28/Documents/YOLO-face-recognition/ros2_yolo_ws/build/yolo_face_recognition/build/lib/yolo_face_recognition/nodes/camera_publisher_node.py -> /home/radu28/Documents/YOLO-face-recognition/ros2_yolo_ws/install/yolo_face_recognition/lib/python3.12/site-packages/yolo_face_recognition/nodes
[0.772s] copying /home/radu28/Documents/YOLO-face-recognition/ros2_yolo_ws/build/yolo_face_recognition/build/lib/yolo_face_recognition/nodes/embedding_node.py -> /home/radu28/Documents/YOLO-face-recognition/ros2_yolo_ws/install/yolo_face_recognition/lib/python3.12/site-packages/yolo_face_recognition/nodes
[0.772s] copying /home/radu28/Documents/YOLO-face-recognition/ros2_yolo_ws/build/yolo_face_recognition/build/lib/yolo_face_recognition/nodes/detector_node.py -> /home/radu28/Documents/YOLO-face-recognition/ros2_yolo_ws/install/yolo_face_recognition/lib/python3.12/site-packages/yolo_face_recognition/nodes
[0.772s] copying /home/radu28/Documents/YOLO-face-recognition/ros2_yolo_ws/build/yolo_face_recognition/build/lib/yolo_face_recognition/nodes/__init__.py -> /home/radu28/Documents/YOLO-face-recognition/ros2_yolo_ws/install/yolo_face_recognition/lib/python3.12/site-packages/yolo_face_recognition/nodes
[0.772s] copying /home/radu28/Documents/YOLO-face-recognition/ros2_yolo_ws/build/yolo_face_recognition/build/lib/yolo_face_recognition/__init__.py -> /home/radu28/Documents/YOLO-face-recognition/ros2_yolo_ws/install/yolo_face_recognition/lib/python3.12/site-packages/yolo_face_recognition
[0.772s] byte-compiling /home/radu28/Documents/YOLO-face-recognition/ros2_yolo_ws/install/yolo_face_recognition/lib/python3.12/site-packages/yolo_face_recognition/nodes/camera_publisher_node.py to camera_publisher_node.cpython-312.pyc
[0.773s] byte-compiling /home/radu28/Documents/YOLO-face-recognition/ros2_yolo_ws/install/yolo_face_recognition/lib/python3.12/site-packages/yolo_face_recognition/nodes/embedding_node.py to embedding_node.cpython-312.pyc
[0.773s] byte-compiling /home/radu28/Documents/YOLO-face-recognition/ros2_yolo_ws/install/yolo_face_recognition/lib/python3.12/site-packages/yolo_face_recognition/nodes/detector_node.py to detector_node.cpython-312.pyc
[0.774s] byte-compiling /home/radu28/Documents/YOLO-face-recognition/ros2_yolo_ws/install/yolo_face_recognition/lib/python3.12/site-packages/yolo_face_recognition/nodes/__init__.py to __init__.cpython-312.pyc
[0.774s] byte-compiling /home/radu28/Documents/YOLO-face-recognition/ros2_yolo_ws/install/yolo_face_recognition/lib/python3.12/site-packages/yolo_face_recognition/__init__.py to __init__.cpython-312.pyc
[0.774s] running install_data
[0.774s] creating /home/radu28/Documents/YOLO-face-recognition/ros2_yolo_ws/install/yolo_face_recognition/share/ament_index
[0.774s] creating /home/radu28/Documents/YOLO-face-recognition/ros2_yolo_ws/install/yolo_face_recognition/share/ament_index/resource_index
[0.774s] creating /home/radu28/Documents/YOLO-face-recognition/ros2_yolo_ws/install/yolo_face_recognition/share/ament_index/resource_index/packages
[0.774s] copying resource/yolo_face_recognition -> /home/radu28/Documents/YOLO-face-recognition/ros2_yolo_ws/install/yolo_face_recognition/share/ament_index/resource_index/packages
[0.774s] copying package.xml -> /home/radu28/Documents/YOLO-face-recognition/ros2_yolo_ws/install/yolo_face_recognition/share/yolo_face_recognition
[0.774s] creating /home/radu28/Documents/YOLO-face-recognition/ros2_yolo_ws/install/yolo_face_recognition/share/yolo_face_recognition/config
[0.774s] copying yolo_face_recognition/config/config.yaml -> /home/radu28/Documents/YOLO-face-recognition/ros2_yolo_ws/install/yolo_face_recognition/share/yolo_face_recognition/config
[0.775s] creating /home/radu28/Documents/YOLO-face-recognition/ros2_yolo_ws/install/yolo_face_recognition/share/yolo_face_recognition/models
[0.775s] copying yolo_face_recognition/models/yolov12n-face.pt -> /home/radu28/Documents/YOLO-face-recognition/ros2_yolo_ws/install/yolo_face_recognition/share/yolo_face_recognition/models
[0.786s] running install_egg_info
[0.795s] Copying ../../build/yolo_face_recognition/yolo_face_recognition.egg-info to /home/radu28/Documents/YOLO-face-recognition/ros2_yolo_ws/install/yolo_face_recognition/lib/python3.12/site-packages/yolo_face_recognition-0.0.0-py3.12.egg-info
[0.796s] running install_scripts
[0.860s] Installing camera_node script to /home/radu28/Documents/YOLO-face-recognition/ros2_yolo_ws/install/yolo_face_recognition/lib/yolo_face_recognition
[0.860s] Installing detection_node script to /home/radu28/Documents/YOLO-face-recognition/ros2_yolo_ws/install/yolo_face_recognition/lib/yolo_face_recognition
[0.860s] writing list of installed files to '/home/radu28/Documents/YOLO-face-recognition/ros2_yolo_ws/build/yolo_face_recognition/install.log'
[0.877s] Invoked command in '/home/radu28/Documents/YOLO-face-recognition/ros2_yolo_ws/src/yolo_face_recognition' returned '0': CONDA_PROMPT_MODIFIER=(base) DEBUGINFOD_URLS=https://debuginfod.ubuntu.com PYTHONPATH=/home/radu28/Documents/YOLO-face-recognition/ros2_yolo_ws/build/yolo_face_recognition/prefix_override:/usr/lib/python3/dist-packages/colcon_core/task/python/colcon_distutils_commands:/home/radu28/Documents/YOLO-face-recognition/ros2_yolo_ws/install/yolo_face_recognition/lib/python3.12/site-packages:/home/radu28/Documents/YOLO-face-recognition/ros2_yolo_ws/install/face_msgs/lib/python3.12/site-packages:/home/radu28/Documents/YOLO-face-recognition/ros2_yolo_ws/install/yolo_face_recognition/lib/python3.12/site-packages:/opt/ros/jazzy/lib/python3.12/site-packages /usr/bin/python3 -W ignore:setup.py install is deprecated -W ignore:easy_install command is deprecated setup.py egg_info --egg-base ../../build/yolo_face_recognition build --build-base /home/radu28/Documents/YOLO-face-recognition/ros2_yolo_ws/build/yolo_face_recognition/build install --record /home/radu28/Documents/YOLO-face-recognition/ros2_yolo_ws/build/yolo_face_recognition/install.log --single-version-externally-managed install_data
