[0.749s] Invoking command in '/home/radu28/Documents/YOLO-face-recognition/ros2_yolo_ws/src/yolo_face_recognition': AMENT_PREFIX_PATH=/home/radu28/Documents/YOLO-face-recognition/ros2_yolo_ws/install/face_msgs:${AMENT_PREFIX_PATH} CMAKE_PREFIX_PATH=/home/radu28/Documents/YOLO-face-recognition/ros2_yolo_ws/install/face_msgs:${CMAKE_PREFIX_PATH} CONDA_PROMPT_MODIFIER=(base) DEBUGINFOD_URLS=https://debuginfod.ubuntu.com LD_LIBRARY_PATH=/home/radu28/Documents/YOLO-face-recognition/ros2_yolo_ws/install/face_msgs/lib:${LD_LIBRARY_PATH} PYTHONPATH=/home/radu28/Documents/YOLO-face-recognition/ros2_yolo_ws/build/yolo_face_recognition/prefix_override:/usr/lib/python3/dist-packages/colcon_core/task/python/colcon_distutils_commands:/home/radu28/Documents/YOLO-face-recognition/ros2_yolo_ws/install/yolo_face_recognition/lib/python3.12/site-packages:/home/radu28/Documents/YOLO-face-recognition/ros2_yolo_ws/install/face_msgs/lib/python3.12/site-packages:${PYTHONPATH} /usr/bin/python3 -W ignore:setup.py install is deprecated -W ignore:easy_install command is deprecated setup.py egg_info --egg-base ../../build/yolo_face_recognition build --build-base /home/radu28/Documents/YOLO-face-recognition/ros2_yolo_ws/build/yolo_face_recognition/build install --record /home/radu28/Documents/YOLO-face-recognition/ros2_yolo_ws/build/yolo_face_recognition/install.log --single-version-externally-managed install_data
[0.899s] running egg_info
[0.904s] writing ../../build/yolo_face_recognition/yolo_face_recognition.egg-info/PKG-INFO
[0.905s] writing dependency_links to ../../build/yolo_face_recognition/yolo_face_recognition.egg-info/dependency_links.txt
[0.905s] writing entry points to ../../build/yolo_face_recognition/yolo_face_recognition.egg-info/entry_points.txt
[0.905s] writing requirements to ../../build/yolo_face_recognition/yolo_face_recognition.egg-info/requires.txt
[0.905s] writing top-level names to ../../build/yolo_face_recognition/yolo_face_recognition.egg-info/top_level.txt
[0.923s] reading manifest file '../../build/yolo_face_recognition/yolo_face_recognition.egg-info/SOURCES.txt'
[0.924s] writing manifest file '../../build/yolo_face_recognition/yolo_face_recognition.egg-info/SOURCES.txt'
[0.924s] running build
[0.924s] running build_py
[0.924s] copying yolo_face_recognition/nodes/detector_node.py -> /home/radu28/Documents/YOLO-face-recognition/ros2_yolo_ws/build/yolo_face_recognition/build/lib/yolo_face_recognition/nodes
[0.925s] running install
[0.928s] running install_lib
[0.939s] copying /home/radu28/Documents/YOLO-face-recognition/ros2_yolo_ws/build/yolo_face_recognition/build/lib/yolo_face_recognition/nodes/detector_node.py -> /home/radu28/Documents/YOLO-face-recognition/ros2_yolo_ws/install/yolo_face_recognition/lib/python3.12/site-packages/yolo_face_recognition/nodes
[0.939s] byte-compiling /home/radu28/Documents/YOLO-face-recognition/ros2_yolo_ws/install/yolo_face_recognition/lib/python3.12/site-packages/yolo_face_recognition/nodes/detector_node.py to detector_node.cpython-312.pyc
[0.940s] running install_data
[0.941s] running install_egg_info
[0.950s] removing '/home/radu28/Documents/YOLO-face-recognition/ros2_yolo_ws/install/yolo_face_recognition/lib/python3.12/site-packages/yolo_face_recognition-0.0.0-py3.12.egg-info' (and everything under it)
[0.951s] Copying ../../build/yolo_face_recognition/yolo_face_recognition.egg-info to /home/radu28/Documents/YOLO-face-recognition/ros2_yolo_ws/install/yolo_face_recognition/lib/python3.12/site-packages/yolo_face_recognition-0.0.0-py3.12.egg-info
[0.952s] running install_scripts
[1.025s] Installing camera_node script to /home/radu28/Documents/YOLO-face-recognition/ros2_yolo_ws/install/yolo_face_recognition/lib/yolo_face_recognition
[1.025s] Installing detection_node script to /home/radu28/Documents/YOLO-face-recognition/ros2_yolo_ws/install/yolo_face_recognition/lib/yolo_face_recognition
[1.026s] writing list of installed files to '/home/radu28/Documents/YOLO-face-recognition/ros2_yolo_ws/build/yolo_face_recognition/install.log'
[1.042s] Invoked command in '/home/radu28/Documents/YOLO-face-recognition/ros2_yolo_ws/src/yolo_face_recognition' returned '0': AMENT_PREFIX_PATH=/home/radu28/Documents/YOLO-face-recognition/ros2_yolo_ws/install/face_msgs:${AMENT_PREFIX_PATH} CMAKE_PREFIX_PATH=/home/radu28/Documents/YOLO-face-recognition/ros2_yolo_ws/install/face_msgs:${CMAKE_PREFIX_PATH} CONDA_PROMPT_MODIFIER=(base) DEBUGINFOD_URLS=https://debuginfod.ubuntu.com LD_LIBRARY_PATH=/home/radu28/Documents/YOLO-face-recognition/ros2_yolo_ws/install/face_msgs/lib:${LD_LIBRARY_PATH} PYTHONPATH=/home/radu28/Documents/YOLO-face-recognition/ros2_yolo_ws/build/yolo_face_recognition/prefix_override:/usr/lib/python3/dist-packages/colcon_core/task/python/colcon_distutils_commands:/home/radu28/Documents/YOLO-face-recognition/ros2_yolo_ws/install/yolo_face_recognition/lib/python3.12/site-packages:/home/radu28/Documents/YOLO-face-recognition/ros2_yolo_ws/install/face_msgs/lib/python3.12/site-packages:${PYTHONPATH} /usr/bin/python3 -W ignore:setup.py install is deprecated -W ignore:easy_install command is deprecated setup.py egg_info --egg-base ../../build/yolo_face_recognition build --build-base /home/radu28/Documents/YOLO-face-recognition/ros2_yolo_ws/build/yolo_face_recognition/build install --record /home/radu28/Documents/YOLO-face-recognition/ros2_yolo_ws/build/yolo_face_recognition/install.log --single-version-externally-managed install_data
