-- The C compiler identification is GNU 13.3.0
-- The CXX compiler identification is GNU 13.3.0
-- Detecting C compiler ABI info
-- Detecting C compiler ABI info - done
-- Check for working C compiler: /usr/bin/cc - skipped
-- Detecting C compile features
-- Detecting C compile features - done
-- Detecting CXX compiler ABI info
-- Detecting CXX compiler ABI info - done
-- Check for working CXX compiler: /usr/bin/c++ - skipped
-- Detecting CXX compile features
-- Detecting CXX compile features - done
-- Found ament_cmake: 2.5.4 (/opt/ros/jazzy/share/ament_cmake/cmake)
-- Found Python3: /home/radu28/miniforge3/bin/python3 (found version "3.12.12") found components: Interpreter 
-- Found rosidl_default_generators: 1.6.0 (/opt/ros/jazzy/share/rosidl_default_generators/cmake)
-- Using all available rosidl_typesupport_c: rosidl_typesupport_fastrtps_c;rosidl_typesupport_introspection_c
-- Using all available rosidl_typesupport_cpp: rosidl_typesupport_fastrtps_cpp;rosidl_typesupport_introspection_cpp
-- Found rosidl_adapter: 4.6.6 (/opt/ros/jazzy/share/rosidl_adapter/cmake)
-- Found std_msgs: 5.3.6 (/opt/ros/jazzy/share/std_msgs/cmake)
-- Found sensor_msgs: 5.3.6 (/opt/ros/jazzy/share/sensor_msgs/cmake)
-- Found vision_msgs: 4.1.1 (/opt/ros/jazzy/share/vision_msgs/cmake)
-- Found ament_cmake_ros: 0.12.0 (/opt/ros/jazzy/share/ament_cmake_ros/cmake)
-- Using all available rosidl_typesupport_c: rosidl_typesupport_fastrtps_c;rosidl_typesupport_introspection_c
-- Using all available rosidl_typesupport_cpp: rosidl_typesupport_fastrtps_cpp;rosidl_typesupport_introspection_cpp
-- Found python_cmake_module: 0.11.1 (/opt/ros/jazzy/share/python_cmake_module/cmake)
-- Found PythonExtra: /home/radu28/miniforge3/bin/python3  
-- Found Python3: /home/radu28/miniforge3/bin/python3 (found version "3.12.12") found components: Interpreter Development NumPy Development.Module Development.Embed 
-- Configuring done (2.4s)
-- Generating done (0.0s)
-- Build files have been written to: /home/radu28/Documents/YOLO-face-recognition/ros2_yolo_ws/build/face_msgs
[  2%] [34m[1mGenerating type hashes for ROS interfaces[0m
[  2%] Built target ament_cmake_python_copy_face_msgs
running egg_info
creating face_msgs.egg-info
writing face_msgs.egg-info/PKG-INFO
writing dependency_links to face_msgs.egg-info/dependency_links.txt
writing top-level names to face_msgs.egg-info/top_level.txt
writing manifest file 'face_msgs.egg-info/SOURCES.txt'
reading manifest file 'face_msgs.egg-info/SOURCES.txt'
writing manifest file 'face_msgs.egg-info/SOURCES.txt'
[  2%] Built target ament_cmake_python_build_face_msgs_egg
