[0.009s] Invoking command in '/home/radu28/Documents/YOLO-face-recognition/ros2_yolo_ws/build/face_msgs': CMAKE_PREFIX_PATH=${CMAKE_PREFIX_PATH}:/opt/ros/jazzy CONDA_PROMPT_MODIFIER=(base) DEBUGINFOD_URLS=https://debuginfod.ubuntu.com /usr/bin/cmake /home/radu28/Documents/YOLO-face-recognition/ros2_yolo_ws/src/face_msgs -DCMAKE_INSTALL_PREFIX=/home/radu28/Documents/YOLO-face-recognition/ros2_yolo_ws/install/face_msgs
[0.157s] -- The C compiler identification is GNU 13.3.0
[0.243s] -- The CXX compiler identification is GNU 13.3.0
[0.255s] -- Detecting C compiler ABI info
[0.340s] -- Detecting C compiler ABI info - done
[0.348s] -- Check for working C compiler: /usr/bin/cc - skipped
[0.348s] -- Detecting C compile features
[0.349s] -- Detecting C compile features - done
[0.354s] -- Detecting CXX compiler ABI info
[0.409s] -- Detecting CXX compiler ABI info - done
[0.417s] -- Check for working CXX compiler: /usr/bin/c++ - skipped
[0.417s] -- Detecting CXX compile features
[0.417s] -- Detecting CXX compile features - done
[0.424s] -- Found ament_cmake: 2.5.4 (/opt/ros/jazzy/share/ament_cmake/cmake)
[0.500s] -- Found Python3: /home/radu28/miniforge3/bin/python3 (found version "3.12.12") found components: Interpreter 
[0.588s] -- Found rosidl_default_generators: 1.6.0 (/opt/ros/jazzy/share/rosidl_default_generators/cmake)
[0.592s] -- Using all available rosidl_typesupport_c: rosidl_typesupport_fastrtps_c;rosidl_typesupport_introspection_c
[0.637s] -- Using all available rosidl_typesupport_cpp: rosidl_typesupport_fastrtps_cpp;rosidl_typesupport_introspection_cpp
[0.666s] -- Found rosidl_adapter: 4.6.6 (/opt/ros/jazzy/share/rosidl_adapter/cmake)
[0.668s] -- Found std_msgs: 5.3.6 (/opt/ros/jazzy/share/std_msgs/cmake)
[0.697s] -- Found sensor_msgs: 5.3.6 (/opt/ros/jazzy/share/sensor_msgs/cmake)
[0.736s] -- Found vision_msgs: 4.1.1 (/opt/ros/jazzy/share/vision_msgs/cmake)
[1.169s] -- Found ament_cmake_ros: 0.12.0 (/opt/ros/jazzy/share/ament_cmake_ros/cmake)
[1.497s] -- Using all available rosidl_typesupport_c: rosidl_typesupport_fastrtps_c;rosidl_typesupport_introspection_c
[1.930s] -- Using all available rosidl_typesupport_cpp: rosidl_typesupport_fastrtps_cpp;rosidl_typesupport_introspection_cpp
[1.934s] -- Found python_cmake_module: 0.11.1 (/opt/ros/jazzy/share/python_cmake_module/cmake)
[1.999s] -- Found PythonExtra: /home/radu28/miniforge3/bin/python3  
[2.388s] -- Found Python3: /home/radu28/miniforge3/bin/python3 (found version "3.12.12") found components: Interpreter Development NumPy Development.Module Development.Embed 
[2.456s] -- Configuring done (2.4s)
[2.490s] -- Generating done (0.0s)
[2.499s] -- Build files have been written to: /home/radu28/Documents/YOLO-face-recognition/ros2_yolo_ws/build/face_msgs
[2.506s] Invoked command in '/home/radu28/Documents/YOLO-face-recognition/ros2_yolo_ws/build/face_msgs' returned '0': CMAKE_PREFIX_PATH=${CMAKE_PREFIX_PATH}:/opt/ros/jazzy CONDA_PROMPT_MODIFIER=(base) DEBUGINFOD_URLS=https://debuginfod.ubuntu.com /usr/bin/cmake /home/radu28/Documents/YOLO-face-recognition/ros2_yolo_ws/src/face_msgs -DCMAKE_INSTALL_PREFIX=/home/radu28/Documents/YOLO-face-recognition/ros2_yolo_ws/install/face_msgs
[2.507s] Invoking command in '/home/radu28/Documents/YOLO-face-recognition/ros2_yolo_ws/build/face_msgs': CMAKE_PREFIX_PATH=${CMAKE_PREFIX_PATH}:/opt/ros/jazzy CONDA_PROMPT_MODIFIER=(base) DEBUGINFOD_URLS=https://debuginfod.ubuntu.com /usr/bin/cmake --build /home/radu28/Documents/YOLO-face-recognition/ros2_yolo_ws/build/face_msgs -- -j4 -l4
[2.544s] [  2%] [34m[1mGenerating type hashes for ROS interfaces[0m
[2.549s] [  2%] Built target ament_cmake_python_copy_face_msgs
[2.576s] Traceback (most recent call last):
[2.576s]   File "/opt/ros/jazzy/lib/rosidl_generator_type_description/rosidl_generator_type_description", line 21, in <module>
[2.576s]     from rosidl_generator_type_description import generate_type_hash
[2.576s]   File "/opt/ros/jazzy/lib/python3.12/site-packages/rosidl_generator_type_description/__init__.py", line 24, in <module>
[2.576s]     from rosidl_parser.parser import parse_idl_file
[2.576s]   File "/opt/ros/jazzy/lib/python3.12/site-packages/rosidl_parser/parser.py", line 20, in <module>
[2.576s]     from lark import Lark
[2.576s] ModuleNotFoundError: No module named 'lark'
[2.580s] gmake[2]: *** [CMakeFiles/face_msgs__rosidl_generator_type_description.dir/build.make:77: rosidl_generator_type_description/face_msgs/msg/FaceDetections.json] Error 1
[2.580s] gmake[1]: *** [CMakeFiles/Makefile2:215: CMakeFiles/face_msgs__rosidl_generator_type_description.dir/all] Error 2
[2.580s] gmake[1]: *** Waiting for unfinished jobs....
[2.706s] running egg_info
[2.714s] creating face_msgs.egg-info
[2.714s] writing face_msgs.egg-info/PKG-INFO
[2.714s] writing dependency_links to face_msgs.egg-info/dependency_links.txt
[2.714s] writing top-level names to face_msgs.egg-info/top_level.txt
[2.714s] writing manifest file 'face_msgs.egg-info/SOURCES.txt'
[2.738s] reading manifest file 'face_msgs.egg-info/SOURCES.txt'
[2.738s] writing manifest file 'face_msgs.egg-info/SOURCES.txt'
[2.755s] [  2%] Built target ament_cmake_python_build_face_msgs_egg
[2.756s] gmake: *** [Makefile:146: all] Error 2
[2.758s] Invoked command in '/home/radu28/Documents/YOLO-face-recognition/ros2_yolo_ws/build/face_msgs' returned '2': CMAKE_PREFIX_PATH=${CMAKE_PREFIX_PATH}:/opt/ros/jazzy CONDA_PROMPT_MODIFIER=(base) DEBUGINFOD_URLS=https://debuginfod.ubuntu.com /usr/bin/cmake --build /home/radu28/Documents/YOLO-face-recognition/ros2_yolo_ws/build/face_msgs -- -j4 -l4
