[0.950s] Invoking command in '/home/radu28/Documents/YOLO-face-recognition/ros2_yolo_ws/src/yolo_face_recognition': CONDA_PROMPT_MODIFIER=(base) DEBUGINFOD_URLS=https://debuginfod.ubuntu.com PYTHONPATH=/home/radu28/Documents/YOLO-face-recognition/ros2_yolo_ws/build/yolo_face_recognition/prefix_override:/usr/lib/python3/dist-packages/colcon_core/task/python/colcon_distutils_commands:/home/radu28/Documents/YOLO-face-recognition/ros2_yolo_ws/install/yolo_face_recognition/lib/python3.12/site-packages:/home/radu28/Documents/YOLO-face-recognition/ros2_yolo_ws/install/face_msgs/lib/python3.12/site-packages:/home/radu28/Documents/YOLO-face-recognition/ros2_yolo_ws/install/yolo_face_recognition/lib/python3.12/site-packages:/opt/ros/jazzy/lib/python3.12/site-packages /usr/bin/python3 -W ignore:setup.py install is deprecated -W ignore:easy_install command is deprecated setup.py egg_info --egg-base ../../build/yolo_face_recognition build --build-base /home/radu28/Documents/YOLO-face-recognition/ros2_yolo_ws/build/yolo_face_recognition/build install --record /home/radu28/Documents/YOLO-face-recognition/ros2_yolo_ws/build/yolo_face_recognition/install.log --single-version-externally-managed install_data
[1.086s] running egg_info
[1.095s] writing ../../build/yolo_face_recognition/yolo_face_recognition.egg-info/PKG-INFO
[1.095s] writing dependency_links to ../../build/yolo_face_recognition/yolo_face_recognition.egg-info/dependency_links.txt
[1.095s] writing entry points to ../../build/yolo_face_recognition/yolo_face_recognition.egg-info/entry_points.txt
[1.095s] writing requirements to ../../build/yolo_face_recognition/yolo_face_recognition.egg-info/requires.txt
[1.095s] writing top-level names to ../../build/yolo_face_recognition/yolo_face_recognition.egg-info/top_level.txt
[1.123s] reading manifest file '../../build/yolo_face_recognition/yolo_face_recognition.egg-info/SOURCES.txt'
[1.124s] writing manifest file '../../build/yolo_face_recognition/yolo_face_recognition.egg-info/SOURCES.txt'
[1.124s] running build
[1.124s] running build_py
[1.124s] running install
[1.128s] running install_lib
[1.139s] running install_data
[1.139s] running install_egg_info
[1.149s] removing '/home/radu28/Documents/YOLO-face-recognition/ros2_yolo_ws/install/yolo_face_recognition/lib/python3.12/site-packages/yolo_face_recognition-0.0.0-py3.12.egg-info' (and everything under it)
[1.149s] Copying ../../build/yolo_face_recognition/yolo_face_recognition.egg-info to /home/radu28/Documents/YOLO-face-recognition/ros2_yolo_ws/install/yolo_face_recognition/lib/python3.12/site-packages/yolo_face_recognition-0.0.0-py3.12.egg-info
[1.150s] running install_scripts
[1.224s] Installing camera_node script to /home/radu28/Documents/YOLO-face-recognition/ros2_yolo_ws/install/yolo_face_recognition/lib/yolo_face_recognition
[1.224s] Installing detection_node script to /home/radu28/Documents/YOLO-face-recognition/ros2_yolo_ws/install/yolo_face_recognition/lib/yolo_face_recognition
[1.224s] Installing embedding_node script to /home/radu28/Documents/YOLO-face-recognition/ros2_yolo_ws/install/yolo_face_recognition/lib/yolo_face_recognition
[1.224s] Installing tracking_node script to /home/radu28/Documents/YOLO-face-recognition/ros2_yolo_ws/install/yolo_face_recognition/lib/yolo_face_recognition
[1.224s] writing list of installed files to '/home/radu28/Documents/YOLO-face-recognition/ros2_yolo_ws/build/yolo_face_recognition/install.log'
[1.242s] Invoked command in '/home/radu28/Documents/YOLO-face-recognition/ros2_yolo_ws/src/yolo_face_recognition' returned '0': CONDA_PROMPT_MODIFIER=(base) DEBUGINFOD_URLS=https://debuginfod.ubuntu.com PYTHONPATH=/home/radu28/Documents/YOLO-face-recognition/ros2_yolo_ws/build/yolo_face_recognition/prefix_override:/usr/lib/python3/dist-packages/colcon_core/task/python/colcon_distutils_commands:/home/radu28/Documents/YOLO-face-recognition/ros2_yolo_ws/install/yolo_face_recognition/lib/python3.12/site-packages:/home/radu28/Documents/YOLO-face-recognition/ros2_yolo_ws/install/face_msgs/lib/python3.12/site-packages:/home/radu28/Documents/YOLO-face-recognition/ros2_yolo_ws/install/yolo_face_recognition/lib/python3.12/site-packages:/opt/ros/jazzy/lib/python3.12/site-packages /usr/bin/python3 -W ignore:setup.py install is deprecated -W ignore:easy_install command is deprecated setup.py egg_info --egg-base ../../build/yolo_face_recognition build --build-base /home/radu28/Documents/YOLO-face-recognition/ros2_yolo_ws/build/yolo_face_recognition/build install --record /home/radu28/Documents/YOLO-face-recognition/ros2_yolo_ws/build/yolo_face_recognition/install.log --single-version-externally-managed install_data
