[  1%] Built target face_msgs__rosidl_generator_type_description
[  1%] Built target ament_cmake_python_copy_face_msgs
[  3%] Built target face_msgs__cpp
[ 24%] Built target face_msgs__rosidl_generator_c
[ 50%] Built target face_msgs__rosidl_typesupport_cpp
[ 51%] Built target face_msgs__rosidl_typesupport_fastrtps_c
[ 51%] Built target face_msgs__rosidl_typesupport_introspection_c
[ 61%] Built target face_msgs__rosidl_typesupport_c
[ 70%] Built target face_msgs__rosidl_typesupport_introspection_cpp
[ 79%] Built target face_msgs__rosidl_typesupport_fastrtps_cpp
[ 79%] Built target face_msgs
[ 81%] Built target face_msgs__py
[ 88%] Built target face_msgs__rosidl_generator_py
[100%] Built target face_msgs_s__rosidl_typesupport_fastrtps_c
[100%] Built target face_msgs_s__rosidl_typesupport_introspection_c
[100%] Built target face_msgs_s__rosidl_typesupport_c
running egg_info
writing face_msgs.egg-info/PKG-INFO
writing dependency_links to face_msgs.egg-info/dependency_links.txt
writing top-level names to face_msgs.egg-info/top_level.txt
reading manifest file 'face_msgs.egg-info/SOURCES.txt'
writing manifest file 'face_msgs.egg-info/SOURCES.txt'
[100%] Built target ament_cmake_python_build_face_msgs_egg
-- Install configuration: ""
-- Up-to-date: /home/radu28/Documents/YOLO-face-recognition/ros2_yolo_ws/install/face_msgs/share/ament_index/resource_index/rosidl_interfaces/face_msgs
-- Up-to-date: /home/radu28/Documents/YOLO-face-recognition/ros2_yolo_ws/install/face_msgs/share/face_msgs/msg/FaceDetections.json
-- Up-to-date: /home/radu28/Documents/YOLO-face-recognition/ros2_yolo_ws/install/face_msgs/share/face_msgs/msg/Face.json
-- Up-to-date: /home/radu28/Documents/YOLO-face-recognition/ros2_yolo_ws/install/face_msgs/share/face_msgs/msg/FaceEmbeddingArray.json
-- Up-to-date: /home/radu28/Documents/YOLO-face-recognition/ros2_yolo_ws/install/face_msgs/include/face_msgs/face_msgs
-- Up-to-date: /home/radu28/Documents/YOLO-face-recognition/ros2_yolo_ws/install/face_msgs/include/face_msgs/face_msgs/msg
-- Up-to-date: /home/radu28/Documents/YOLO-face-recognition/ros2_yolo_ws/install/face_msgs/include/face_msgs/face_msgs/msg/rosidl_generator_c__visibility_control.h
-- Up-to-date: /home/radu28/Documents/YOLO-face-recognition/ros2_yolo_ws/install/face_msgs/include/face_msgs/face_msgs/msg/face_embedding_array.h
-- Up-to-date: /home/radu28/Documents/YOLO-face-recognition/ros2_yolo_ws/install/face_msgs/include/face_msgs/face_msgs/msg/detail
-- Up-to-date: /home/radu28/Documents/YOLO-face-recognition/ros2_yolo_ws/install/face_msgs/include/face_msgs/face_msgs/msg/detail/face_embedding_array__type_support.h
-- Up-to-date: /home/radu28/Documents/YOLO-face-recognition/ros2_yolo_ws/install/face_msgs/include/face_msgs/face_msgs/msg/detail/face_detections__type_support.h
-- Up-to-date: /home/radu28/Documents/YOLO-face-recognition/ros2_yolo_ws/install/face_msgs/include/face_msgs/face_msgs/msg/detail/face_embedding_array__type_support.c
-- Up-to-date: /home/radu28/Documents/YOLO-face-recognition/ros2_yolo_ws/install/face_msgs/include/face_msgs/face_msgs/msg/detail/face_detections__description.c
-- Up-to-date: /home/radu28/Documents/YOLO-face-recognition/ros2_yolo_ws/install/face_msgs/include/face_msgs/face_msgs/msg/detail/face_detections__functions.c
-- Up-to-date: /home/radu28/Documents/YOLO-face-recognition/ros2_yolo_ws/install/face_msgs/include/face_msgs/face_msgs/msg/detail/face__functions.h
-- Up-to-date: /home/radu28/Documents/YOLO-face-recognition/ros2_yolo_ws/install/face_msgs/include/face_msgs/face_msgs/msg/detail/face__type_support.h
-- Up-to-date: /home/radu28/Documents/YOLO-face-recognition/ros2_yolo_ws/install/face_msgs/include/face_msgs/face_msgs/msg/detail/face_embedding_array__description.c
-- Up-to-date: /home/radu28/Documents/YOLO-face-recognition/ros2_yolo_ws/install/face_msgs/include/face_msgs/face_msgs/msg/detail/face_embedding_array__functions.h
-- Up-to-date: /home/radu28/Documents/YOLO-face-recognition/ros2_yolo_ws/install/face_msgs/include/face_msgs/face_msgs/msg/detail/face_detections__functions.h
-- Up-to-date: /home/radu28/Documents/YOLO-face-recognition/ros2_yolo_ws/install/face_msgs/include/face_msgs/face_msgs/msg/detail/face__type_support.c
-- Up-to-date: /home/radu28/Documents/YOLO-face-recognition/ros2_yolo_ws/install/face_msgs/include/face_msgs/face_msgs/msg/detail/face_detections__type_support.c
-- Up-to-date: /home/radu28/Documents/YOLO-face-recognition/ros2_yolo_ws/install/face_msgs/include/face_msgs/face_msgs/msg/detail/face_embedding_array__struct.h
-- Up-to-date: /home/radu28/Documents/YOLO-face-recognition/ros2_yolo_ws/install/face_msgs/include/face_msgs/face_msgs/msg/detail/face__description.c
-- Up-to-date: /home/radu28/Documents/YOLO-face-recognition/ros2_yolo_ws/install/face_msgs/include/face_msgs/face_msgs/msg/detail/face__struct.h
-- Up-to-date: /home/radu28/Documents/YOLO-face-recognition/ros2_yolo_ws/install/face_msgs/include/face_msgs/face_msgs/msg/detail/face__functions.c
-- Up-to-date: /home/radu28/Documents/YOLO-face-recognition/ros2_yolo_ws/install/face_msgs/include/face_msgs/face_msgs/msg/detail/face_embedding_array__functions.c
-- Up-to-date: /home/radu28/Documents/YOLO-face-recognition/ros2_yolo_ws/install/face_msgs/include/face_msgs/face_msgs/msg/detail/face_detections__struct.h
-- Up-to-date: /home/radu28/Documents/YOLO-face-recognition/ros2_yolo_ws/install/face_msgs/include/face_msgs/face_msgs/msg/face_detections.h
-- Up-to-date: /home/radu28/Documents/YOLO-face-recognition/ros2_yolo_ws/install/face_msgs/include/face_msgs/face_msgs/msg/face.h
-- Up-to-date: /home/radu28/Documents/YOLO-face-recognition/ros2_yolo_ws/install/face_msgs/share/face_msgs/environment/library_path.sh
-- Up-to-date: /home/radu28/Documents/YOLO-face-recognition/ros2_yolo_ws/install/face_msgs/share/face_msgs/environment/library_path.dsv
-- Up-to-date: /home/radu28/Documents/YOLO-face-recognition/ros2_yolo_ws/install/face_msgs/lib/libface_msgs__rosidl_generator_c.so
-- Up-to-date: /home/radu28/Documents/YOLO-face-recognition/ros2_yolo_ws/install/face_msgs/include/face_msgs/face_msgs
-- Up-to-date: /home/radu28/Documents/YOLO-face-recognition/ros2_yolo_ws/install/face_msgs/include/face_msgs/face_msgs/msg
-- Up-to-date: /home/radu28/Documents/YOLO-face-recognition/ros2_yolo_ws/install/face_msgs/include/face_msgs/face_msgs/msg/rosidl_typesupport_fastrtps_c__visibility_control.h
-- Up-to-date: /home/radu28/Documents/YOLO-face-recognition/ros2_yolo_ws/install/face_msgs/include/face_msgs/face_msgs/msg/detail
-- Up-to-date: /home/radu28/Documents/YOLO-face-recognition/ros2_yolo_ws/install/face_msgs/include/face_msgs/face_msgs/msg/detail/face_embedding_array__rosidl_typesupport_fastrtps_c.h
-- Up-to-date: /home/radu28/Documents/YOLO-face-recognition/ros2_yolo_ws/install/face_msgs/include/face_msgs/face_msgs/msg/detail/face_detections__rosidl_typesupport_fastrtps_c.h
-- Up-to-date: /home/radu28/Documents/YOLO-face-recognition/ros2_yolo_ws/install/face_msgs/include/face_msgs/face_msgs/msg/detail/face__rosidl_typesupport_fastrtps_c.h
-- Up-to-date: /home/radu28/Documents/YOLO-face-recognition/ros2_yolo_ws/install/face_msgs/lib/libface_msgs__rosidl_typesupport_fastrtps_c.so
-- Up-to-date: /home/radu28/Documents/YOLO-face-recognition/ros2_yolo_ws/install/face_msgs/include/face_msgs/face_msgs
-- Up-to-date: /home/radu28/Documents/YOLO-face-recognition/ros2_yolo_ws/install/face_msgs/include/face_msgs/face_msgs/msg
-- Up-to-date: /home/radu28/Documents/YOLO-face-recognition/ros2_yolo_ws/install/face_msgs/include/face_msgs/face_msgs/msg/rosidl_typesupport_introspection_c__visibility_control.h
-- Up-to-date: /home/radu28/Documents/YOLO-face-recognition/ros2_yolo_ws/install/face_msgs/include/face_msgs/face_msgs/msg/detail
-- Up-to-date: /home/radu28/Documents/YOLO-face-recognition/ros2_yolo_ws/install/face_msgs/include/face_msgs/face_msgs/msg/detail/face_embedding_array__type_support.c
-- Up-to-date: /home/radu28/Documents/YOLO-face-recognition/ros2_yolo_ws/install/face_msgs/include/face_msgs/face_msgs/msg/detail/face__rosidl_typesupport_introspection_c.h
-- Up-to-date: /home/radu28/Documents/YOLO-face-recognition/ros2_yolo_ws/install/face_msgs/include/face_msgs/face_msgs/msg/detail/face__type_support.c
-- Up-to-date: /home/radu28/Documents/YOLO-face-recognition/ros2_yolo_ws/install/face_msgs/include/face_msgs/face_msgs/msg/detail/face_detections__type_support.c
-- Up-to-date: /home/radu28/Documents/YOLO-face-recognition/ros2_yolo_ws/install/face_msgs/include/face_msgs/face_msgs/msg/detail/face_embedding_array__rosidl_typesupport_introspection_c.h
-- Up-to-date: /home/radu28/Documents/YOLO-face-recognition/ros2_yolo_ws/install/face_msgs/include/face_msgs/face_msgs/msg/detail/face_detections__rosidl_typesupport_introspection_c.h
-- Up-to-date: /home/radu28/Documents/YOLO-face-recognition/ros2_yolo_ws/install/face_msgs/lib/libface_msgs__rosidl_typesupport_introspection_c.so
-- Up-to-date: /home/radu28/Documents/YOLO-face-recognition/ros2_yolo_ws/install/face_msgs/lib/libface_msgs__rosidl_typesupport_c.so
-- Up-to-date: /home/radu28/Documents/YOLO-face-recognition/ros2_yolo_ws/install/face_msgs/include/face_msgs/face_msgs
-- Up-to-date: /home/radu28/Documents/YOLO-face-recognition/ros2_yolo_ws/install/face_msgs/include/face_msgs/face_msgs/msg
-- Up-to-date: /home/radu28/Documents/YOLO-face-recognition/ros2_yolo_ws/install/face_msgs/include/face_msgs/face_msgs/msg/face_detections.hpp
-- Up-to-date: /home/radu28/Documents/YOLO-face-recognition/ros2_yolo_ws/install/face_msgs/include/face_msgs/face_msgs/msg/face.hpp
-- Up-to-date: /home/radu28/Documents/YOLO-face-recognition/ros2_yolo_ws/install/face_msgs/include/face_msgs/face_msgs/msg/rosidl_generator_cpp__visibility_control.hpp
-- Up-to-date: /home/radu28/Documents/YOLO-face-recognition/ros2_yolo_ws/install/face_msgs/include/face_msgs/face_msgs/msg/detail
-- Up-to-date: /home/radu28/Documents/YOLO-face-recognition/ros2_yolo_ws/install/face_msgs/include/face_msgs/face_msgs/msg/detail/face__traits.hpp
-- Up-to-date: /home/radu28/Documents/YOLO-face-recognition/ros2_yolo_ws/install/face_msgs/include/face_msgs/face_msgs/msg/detail/face_detections__traits.hpp
-- Up-to-date: /home/radu28/Documents/YOLO-face-recognition/ros2_yolo_ws/install/face_msgs/include/face_msgs/face_msgs/msg/detail/face__type_support.hpp
-- Up-to-date: /home/radu28/Documents/YOLO-face-recognition/ros2_yolo_ws/install/face_msgs/include/face_msgs/face_msgs/msg/detail/face_detections__struct.hpp
-- Up-to-date: /home/radu28/Documents/YOLO-face-recognition/ros2_yolo_ws/install/face_msgs/include/face_msgs/face_msgs/msg/detail/face_embedding_array__type_support.hpp
-- Up-to-date: /home/radu28/Documents/YOLO-face-recognition/ros2_yolo_ws/install/face_msgs/include/face_msgs/face_msgs/msg/detail/face_embedding_array__struct.hpp
-- Up-to-date: /home/radu28/Documents/YOLO-face-recognition/ros2_yolo_ws/install/face_msgs/include/face_msgs/face_msgs/msg/detail/face__struct.hpp
-- Up-to-date: /home/radu28/Documents/YOLO-face-recognition/ros2_yolo_ws/install/face_msgs/include/face_msgs/face_msgs/msg/detail/face_detections__type_support.hpp
-- Up-to-date: /home/radu28/Documents/YOLO-face-recognition/ros2_yolo_ws/install/face_msgs/include/face_msgs/face_msgs/msg/detail/face_detections__builder.hpp
-- Up-to-date: /home/radu28/Documents/YOLO-face-recognition/ros2_yolo_ws/install/face_msgs/include/face_msgs/face_msgs/msg/detail/face_embedding_array__traits.hpp
-- Up-to-date: /home/radu28/Documents/YOLO-face-recognition/ros2_yolo_ws/install/face_msgs/include/face_msgs/face_msgs/msg/detail/face__builder.hpp
-- Up-to-date: /home/radu28/Documents/YOLO-face-recognition/ros2_yolo_ws/install/face_msgs/include/face_msgs/face_msgs/msg/detail/face_embedding_array__builder.hpp
-- Up-to-date: /home/radu28/Documents/YOLO-face-recognition/ros2_yolo_ws/install/face_msgs/include/face_msgs/face_msgs/msg/face_embedding_array.hpp
-- Up-to-date: /home/radu28/Documents/YOLO-face-recognition/ros2_yolo_ws/install/face_msgs/include/face_msgs/face_msgs
-- Up-to-date: /home/radu28/Documents/YOLO-face-recognition/ros2_yolo_ws/install/face_msgs/include/face_msgs/face_msgs/msg
-- Up-to-date: /home/radu28/Documents/YOLO-face-recognition/ros2_yolo_ws/install/face_msgs/include/face_msgs/face_msgs/msg/rosidl_typesupport_fastrtps_cpp__visibility_control.h
-- Up-to-date: /home/radu28/Documents/YOLO-face-recognition/ros2_yolo_ws/install/face_msgs/include/face_msgs/face_msgs/msg/detail
-- Up-to-date: /home/radu28/Documents/YOLO-face-recognition/ros2_yolo_ws/install/face_msgs/include/face_msgs/face_msgs/msg/detail/face_embedding_array__rosidl_typesupport_fastrtps_cpp.hpp
-- Up-to-date: /home/radu28/Documents/YOLO-face-recognition/ros2_yolo_ws/install/face_msgs/include/face_msgs/face_msgs/msg/detail/face_detections__rosidl_typesupport_fastrtps_cpp.hpp
-- Up-to-date: /home/radu28/Documents/YOLO-face-recognition/ros2_yolo_ws/install/face_msgs/include/face_msgs/face_msgs/msg/detail/dds_fastrtps
-- Up-to-date: /home/radu28/Documents/YOLO-face-recognition/ros2_yolo_ws/install/face_msgs/include/face_msgs/face_msgs/msg/detail/face__rosidl_typesupport_fastrtps_cpp.hpp
-- Up-to-date: /home/radu28/Documents/YOLO-face-recognition/ros2_yolo_ws/install/face_msgs/lib/libface_msgs__rosidl_typesupport_fastrtps_cpp.so
-- Up-to-date: /home/radu28/Documents/YOLO-face-recognition/ros2_yolo_ws/install/face_msgs/include/face_msgs/face_msgs
-- Up-to-date: /home/radu28/Documents/YOLO-face-recognition/ros2_yolo_ws/install/face_msgs/include/face_msgs/face_msgs/msg
-- Up-to-date: /home/radu28/Documents/YOLO-face-recognition/ros2_yolo_ws/install/face_msgs/include/face_msgs/face_msgs/msg/detail
-- Up-to-date: /home/radu28/Documents/YOLO-face-recognition/ros2_yolo_ws/install/face_msgs/include/face_msgs/face_msgs/msg/detail/face_detections__type_support.cpp
-- Up-to-date: /home/radu28/Documents/YOLO-face-recognition/ros2_yolo_ws/install/face_msgs/include/face_msgs/face_msgs/msg/detail/face__type_support.cpp
-- Up-to-date: /home/radu28/Documents/YOLO-face-recognition/ros2_yolo_ws/install/face_msgs/include/face_msgs/face_msgs/msg/detail/face_embedding_array__type_support.cpp
-- Up-to-date: /home/radu28/Documents/YOLO-face-recognition/ros2_yolo_ws/install/face_msgs/include/face_msgs/face_msgs/msg/detail/face_embedding_array__rosidl_typesupport_introspection_cpp.hpp
-- Up-to-date: /home/radu28/Documents/YOLO-face-recognition/ros2_yolo_ws/install/face_msgs/include/face_msgs/face_msgs/msg/detail/face__rosidl_typesupport_introspection_cpp.hpp
-- Up-to-date: /home/radu28/Documents/YOLO-face-recognition/ros2_yolo_ws/install/face_msgs/include/face_msgs/face_msgs/msg/detail/face_detections__rosidl_typesupport_introspection_cpp.hpp
-- Up-to-date: /home/radu28/Documents/YOLO-face-recognition/ros2_yolo_ws/install/face_msgs/lib/libface_msgs__rosidl_typesupport_introspection_cpp.so
-- Up-to-date: /home/radu28/Documents/YOLO-face-recognition/ros2_yolo_ws/install/face_msgs/lib/libface_msgs__rosidl_typesupport_cpp.so
-- Up-to-date: /home/radu28/Documents/YOLO-face-recognition/ros2_yolo_ws/install/face_msgs/share/face_msgs/environment/pythonpath.sh
-- Up-to-date: /home/radu28/Documents/YOLO-face-recognition/ros2_yolo_ws/install/face_msgs/share/face_msgs/environment/pythonpath.dsv
-- Up-to-date: /home/radu28/Documents/YOLO-face-recognition/ros2_yolo_ws/install/face_msgs/lib/python3.12/site-packages/face_msgs-0.0.0-py3.12.egg-info
-- Installing: /home/radu28/Documents/YOLO-face-recognition/ros2_yolo_ws/install/face_msgs/lib/python3.12/site-packages/face_msgs-0.0.0-py3.12.egg-info/PKG-INFO
-- Installing: /home/radu28/Documents/YOLO-face-recognition/ros2_yolo_ws/install/face_msgs/lib/python3.12/site-packages/face_msgs-0.0.0-py3.12.egg-info/SOURCES.txt
-- Installing: /home/radu28/Documents/YOLO-face-recognition/ros2_yolo_ws/install/face_msgs/lib/python3.12/site-packages/face_msgs-0.0.0-py3.12.egg-info/top_level.txt
-- Installing: /home/radu28/Documents/YOLO-face-recognition/ros2_yolo_ws/install/face_msgs/lib/python3.12/site-packages/face_msgs-0.0.0-py3.12.egg-info/dependency_links.txt
-- Up-to-date: /home/radu28/Documents/YOLO-face-recognition/ros2_yolo_ws/install/face_msgs/lib/python3.12/site-packages/face_msgs
-- Up-to-date: /home/radu28/Documents/YOLO-face-recognition/ros2_yolo_ws/install/face_msgs/lib/python3.12/site-packages/face_msgs/_face_msgs_s.ep.rosidl_typesupport_fastrtps_c.c
-- Up-to-date: /home/radu28/Documents/YOLO-face-recognition/ros2_yolo_ws/install/face_msgs/lib/python3.12/site-packages/face_msgs/_face_msgs_s.ep.rosidl_typesupport_introspection_c.c
-- Up-to-date: /home/radu28/Documents/YOLO-face-recognition/ros2_yolo_ws/install/face_msgs/lib/python3.12/site-packages/face_msgs/_face_msgs_s.ep.rosidl_typesupport_c.c
-- Up-to-date: /home/radu28/Documents/YOLO-face-recognition/ros2_yolo_ws/install/face_msgs/lib/python3.12/site-packages/face_msgs/face_msgs_s__rosidl_typesupport_introspection_c.so
-- Up-to-date: /home/radu28/Documents/YOLO-face-recognition/ros2_yolo_ws/install/face_msgs/lib/python3.12/site-packages/face_msgs/face_msgs_s__rosidl_typesupport_fastrtps_c.so
-- Up-to-date: /home/radu28/Documents/YOLO-face-recognition/ros2_yolo_ws/install/face_msgs/lib/python3.12/site-packages/face_msgs/msg
-- Up-to-date: /home/radu28/Documents/YOLO-face-recognition/ros2_yolo_ws/install/face_msgs/lib/python3.12/site-packages/face_msgs/msg/_face_embedding_array.py
-- Up-to-date: /home/radu28/Documents/YOLO-face-recognition/ros2_yolo_ws/install/face_msgs/lib/python3.12/site-packages/face_msgs/msg/_face_embedding_array_s.c
-- Up-to-date: /home/radu28/Documents/YOLO-face-recognition/ros2_yolo_ws/install/face_msgs/lib/python3.12/site-packages/face_msgs/msg/_face_detections_s.c
-- Up-to-date: /home/radu28/Documents/YOLO-face-recognition/ros2_yolo_ws/install/face_msgs/lib/python3.12/site-packages/face_msgs/msg/_face_s.c
-- Up-to-date: /home/radu28/Documents/YOLO-face-recognition/ros2_yolo_ws/install/face_msgs/lib/python3.12/site-packages/face_msgs/msg/_face.py
-- Up-to-date: /home/radu28/Documents/YOLO-face-recognition/ros2_yolo_ws/install/face_msgs/lib/python3.12/site-packages/face_msgs/msg/__init__.py
-- Up-to-date: /home/radu28/Documents/YOLO-face-recognition/ros2_yolo_ws/install/face_msgs/lib/python3.12/site-packages/face_msgs/msg/_face_detections.py
-- Up-to-date: /home/radu28/Documents/YOLO-face-recognition/ros2_yolo_ws/install/face_msgs/lib/python3.12/site-packages/face_msgs/__init__.py
-- Up-to-date: /home/radu28/Documents/YOLO-face-recognition/ros2_yolo_ws/install/face_msgs/lib/python3.12/site-packages/face_msgs/face_msgs_s__rosidl_typesupport_c.so
Listing '/home/radu28/Documents/YOLO-face-recognition/ros2_yolo_ws/install/face_msgs/lib/python3.12/site-packages/face_msgs'...
Listing '/home/radu28/Documents/YOLO-face-recognition/ros2_yolo_ws/install/face_msgs/lib/python3.12/site-packages/face_msgs/msg'...
-- Up-to-date: /home/radu28/Documents/YOLO-face-recognition/ros2_yolo_ws/install/face_msgs/lib/python3.12/site-packages/face_msgs/face_msgs_s__rosidl_typesupport_fastrtps_c.so
-- Up-to-date: /home/radu28/Documents/YOLO-face-recognition/ros2_yolo_ws/install/face_msgs/lib/python3.12/site-packages/face_msgs/face_msgs_s__rosidl_typesupport_introspection_c.so
-- Up-to-date: /home/radu28/Documents/YOLO-face-recognition/ros2_yolo_ws/install/face_msgs/lib/python3.12/site-packages/face_msgs/face_msgs_s__rosidl_typesupport_c.so
-- Up-to-date: /home/radu28/Documents/YOLO-face-recognition/ros2_yolo_ws/install/face_msgs/lib/libface_msgs__rosidl_generator_py.so
-- Up-to-date: /home/radu28/Documents/YOLO-face-recognition/ros2_yolo_ws/install/face_msgs/share/face_msgs/msg/FaceDetections.idl
-- Up-to-date: /home/radu28/Documents/YOLO-face-recognition/ros2_yolo_ws/install/face_msgs/share/face_msgs/msg/Face.idl
-- Up-to-date: /home/radu28/Documents/YOLO-face-recognition/ros2_yolo_ws/install/face_msgs/share/face_msgs/msg/FaceEmbeddingArray.idl
-- Up-to-date: /home/radu28/Documents/YOLO-face-recognition/ros2_yolo_ws/install/face_msgs/share/face_msgs/msg/FaceDetections.msg
-- Up-to-date: /home/radu28/Documents/YOLO-face-recognition/ros2_yolo_ws/install/face_msgs/share/face_msgs/msg/Face.msg
-- Up-to-date: /home/radu28/Documents/YOLO-face-recognition/ros2_yolo_ws/install/face_msgs/share/face_msgs/msg/FaceEmbeddingArray.msg
-- Up-to-date: /home/radu28/Documents/YOLO-face-recognition/ros2_yolo_ws/install/face_msgs/share/ament_index/resource_index/package_run_dependencies/face_msgs
-- Up-to-date: /home/radu28/Documents/YOLO-face-recognition/ros2_yolo_ws/install/face_msgs/share/ament_index/resource_index/parent_prefix_path/face_msgs
-- Up-to-date: /home/radu28/Documents/YOLO-face-recognition/ros2_yolo_ws/install/face_msgs/share/face_msgs/environment/ament_prefix_path.sh
-- Up-to-date: /home/radu28/Documents/YOLO-face-recognition/ros2_yolo_ws/install/face_msgs/share/face_msgs/environment/ament_prefix_path.dsv
-- Up-to-date: /home/radu28/Documents/YOLO-face-recognition/ros2_yolo_ws/install/face_msgs/share/face_msgs/environment/path.sh
-- Up-to-date: /home/radu28/Documents/YOLO-face-recognition/ros2_yolo_ws/install/face_msgs/share/face_msgs/environment/path.dsv
-- Up-to-date: /home/radu28/Documents/YOLO-face-recognition/ros2_yolo_ws/install/face_msgs/share/face_msgs/local_setup.bash
-- Up-to-date: /home/radu28/Documents/YOLO-face-recognition/ros2_yolo_ws/install/face_msgs/share/face_msgs/local_setup.sh
-- Up-to-date: /home/radu28/Documents/YOLO-face-recognition/ros2_yolo_ws/install/face_msgs/share/face_msgs/local_setup.zsh
-- Up-to-date: /home/radu28/Documents/YOLO-face-recognition/ros2_yolo_ws/install/face_msgs/share/face_msgs/local_setup.dsv
-- Installing: /home/radu28/Documents/YOLO-face-recognition/ros2_yolo_ws/install/face_msgs/share/face_msgs/package.dsv
-- Up-to-date: /home/radu28/Documents/YOLO-face-recognition/ros2_yolo_ws/install/face_msgs/share/ament_index/resource_index/packages/face_msgs
-- Up-to-date: /home/radu28/Documents/YOLO-face-recognition/ros2_yolo_ws/install/face_msgs/share/face_msgs/cmake/export_face_msgs__rosidl_generator_cExport.cmake
-- Up-to-date: /home/radu28/Documents/YOLO-face-recognition/ros2_yolo_ws/install/face_msgs/share/face_msgs/cmake/export_face_msgs__rosidl_generator_cExport-noconfig.cmake
-- Up-to-date: /home/radu28/Documents/YOLO-face-recognition/ros2_yolo_ws/install/face_msgs/share/face_msgs/cmake/export_face_msgs__rosidl_typesupport_fastrtps_cExport.cmake
-- Up-to-date: /home/radu28/Documents/YOLO-face-recognition/ros2_yolo_ws/install/face_msgs/share/face_msgs/cmake/export_face_msgs__rosidl_typesupport_fastrtps_cExport-noconfig.cmake
-- Up-to-date: /home/radu28/Documents/YOLO-face-recognition/ros2_yolo_ws/install/face_msgs/share/face_msgs/cmake/face_msgs__rosidl_typesupport_introspection_cExport.cmake
-- Up-to-date: /home/radu28/Documents/YOLO-face-recognition/ros2_yolo_ws/install/face_msgs/share/face_msgs/cmake/face_msgs__rosidl_typesupport_introspection_cExport-noconfig.cmake
-- Up-to-date: /home/radu28/Documents/YOLO-face-recognition/ros2_yolo_ws/install/face_msgs/share/face_msgs/cmake/face_msgs__rosidl_typesupport_cExport.cmake
-- Up-to-date: /home/radu28/Documents/YOLO-face-recognition/ros2_yolo_ws/install/face_msgs/share/face_msgs/cmake/face_msgs__rosidl_typesupport_cExport-noconfig.cmake
-- Up-to-date: /home/radu28/Documents/YOLO-face-recognition/ros2_yolo_ws/install/face_msgs/share/face_msgs/cmake/export_face_msgs__rosidl_generator_cppExport.cmake
-- Up-to-date: /home/radu28/Documents/YOLO-face-recognition/ros2_yolo_ws/install/face_msgs/share/face_msgs/cmake/export_face_msgs__rosidl_typesupport_fastrtps_cppExport.cmake
-- Up-to-date: /home/radu28/Documents/YOLO-face-recognition/ros2_yolo_ws/install/face_msgs/share/face_msgs/cmake/export_face_msgs__rosidl_typesupport_fastrtps_cppExport-noconfig.cmake
-- Up-to-date: /home/radu28/Documents/YOLO-face-recognition/ros2_yolo_ws/install/face_msgs/share/face_msgs/cmake/face_msgs__rosidl_typesupport_introspection_cppExport.cmake
-- Up-to-date: /home/radu28/Documents/YOLO-face-recognition/ros2_yolo_ws/install/face_msgs/share/face_msgs/cmake/face_msgs__rosidl_typesupport_introspection_cppExport-noconfig.cmake
-- Up-to-date: /home/radu28/Documents/YOLO-face-recognition/ros2_yolo_ws/install/face_msgs/share/face_msgs/cmake/face_msgs__rosidl_typesupport_cppExport.cmake
-- Up-to-date: /home/radu28/Documents/YOLO-face-recognition/ros2_yolo_ws/install/face_msgs/share/face_msgs/cmake/face_msgs__rosidl_typesupport_cppExport-noconfig.cmake
-- Up-to-date: /home/radu28/Documents/YOLO-face-recognition/ros2_yolo_ws/install/face_msgs/share/face_msgs/cmake/export_face_msgs__rosidl_generator_pyExport.cmake
-- Up-to-date: /home/radu28/Documents/YOLO-face-recognition/ros2_yolo_ws/install/face_msgs/share/face_msgs/cmake/export_face_msgs__rosidl_generator_pyExport-noconfig.cmake
-- Up-to-date: /home/radu28/Documents/YOLO-face-recognition/ros2_yolo_ws/install/face_msgs/share/face_msgs/cmake/rosidl_cmake-extras.cmake
-- Up-to-date: /home/radu28/Documents/YOLO-face-recognition/ros2_yolo_ws/install/face_msgs/share/face_msgs/cmake/ament_cmake_export_dependencies-extras.cmake
-- Up-to-date: /home/radu28/Documents/YOLO-face-recognition/ros2_yolo_ws/install/face_msgs/share/face_msgs/cmake/ament_cmake_export_include_directories-extras.cmake
-- Up-to-date: /home/radu28/Documents/YOLO-face-recognition/ros2_yolo_ws/install/face_msgs/share/face_msgs/cmake/ament_cmake_export_libraries-extras.cmake
-- Up-to-date: /home/radu28/Documents/YOLO-face-recognition/ros2_yolo_ws/install/face_msgs/share/face_msgs/cmake/ament_cmake_export_targets-extras.cmake
-- Up-to-date: /home/radu28/Documents/YOLO-face-recognition/ros2_yolo_ws/install/face_msgs/share/face_msgs/cmake/rosidl_cmake_export_typesupport_targets-extras.cmake
-- Up-to-date: /home/radu28/Documents/YOLO-face-recognition/ros2_yolo_ws/install/face_msgs/share/face_msgs/cmake/rosidl_cmake_export_typesupport_libraries-extras.cmake
-- Up-to-date: /home/radu28/Documents/YOLO-face-recognition/ros2_yolo_ws/install/face_msgs/share/face_msgs/cmake/face_msgsConfig.cmake
-- Up-to-date: /home/radu28/Documents/YOLO-face-recognition/ros2_yolo_ws/install/face_msgs/share/face_msgs/cmake/face_msgsConfig-version.cmake
-- Up-to-date: /home/radu28/Documents/YOLO-face-recognition/ros2_yolo_ws/install/face_msgs/share/face_msgs/package.xml
