running egg_info
writing ../../../build/yolo_face_recognition/yolo_face_recognition.egg-info/PKG-INFO
writing dependency_links to ../../../build/yolo_face_recognition/yolo_face_recognition.egg-info/dependency_links.txt
writing entry points to ../../../build/yolo_face_recognition/yolo_face_recognition.egg-info/entry_points.txt
writing requirements to ../../../build/yolo_face_recognition/yolo_face_recognition.egg-info/requires.txt
writing top-level names to ../../../build/yolo_face_recognition/yolo_face_recognition.egg-info/top_level.txt
reading manifest file '../../../build/yolo_face_recognition/yolo_face_recognition.egg-info/SOURCES.txt'
writing manifest file '../../../build/yolo_face_recognition/yolo_face_recognition.egg-info/SOURCES.txt'
running build
running build_py
copying yolo_face_recognition/__init__.py -> /home/radu28/Documents/YOLO-face-recognition/build/yolo_face_recognition/build/lib/yolo_face_recognition
copying yolo_face_recognition/nodes/camera_publisher_node.py -> /home/radu28/Documents/YOLO-face-recognition/build/yolo_face_recognition/build/lib/yolo_face_recognition/nodes
copying yolo_face_recognition/nodes/embedding_node.py -> /home/radu28/Documents/YOLO-face-recognition/build/yolo_face_recognition/build/lib/yolo_face_recognition/nodes
copying yolo_face_recognition/nodes/detector_node.py -> /home/radu28/Documents/YOLO-face-recognition/build/yolo_face_recognition/build/lib/yolo_face_recognition/nodes
copying yolo_face_recognition/nodes/tracking_node.py -> /home/radu28/Documents/YOLO-face-recognition/build/yolo_face_recognition/build/lib/yolo_face_recognition/nodes
copying yolo_face_recognition/nodes/__init__.py -> /home/radu28/Documents/YOLO-face-recognition/build/yolo_face_recognition/build/lib/yolo_face_recognition/nodes
running install
running install_lib
running install_data
copying resource/yolo_face_recognition -> /home/radu28/Documents/YOLO-face-recognition/install/yolo_face_recognition/share/ament_index/resource_index/packages
copying package.xml -> /home/radu28/Documents/YOLO-face-recognition/install/yolo_face_recognition/share/yolo_face_recognition
copying yolo_face_recognition/config/config.yaml -> /home/radu28/Documents/YOLO-face-recognition/install/yolo_face_recognition/share/yolo_face_recognition/config
copying yolo_face_recognition/models/yolov12n-face.pt -> /home/radu28/Documents/YOLO-face-recognition/install/yolo_face_recognition/share/yolo_face_recognition/models
copying yolo_face_recognition/config/faces.yaml -> /home/radu28/Documents/YOLO-face-recognition/install/yolo_face_recognition/share/yolo_face_recognition/config
running install_egg_info
removing '/home/radu28/Documents/YOLO-face-recognition/install/yolo_face_recognition/lib/python3.12/site-packages/yolo_face_recognition-0.0.0-py3.12.egg-info' (and everything under it)
Copying ../../../build/yolo_face_recognition/yolo_face_recognition.egg-info to /home/radu28/Documents/YOLO-face-recognition/install/yolo_face_recognition/lib/python3.12/site-packages/yolo_face_recognition-0.0.0-py3.12.egg-info
running install_scripts
Installing camera_node script to /home/radu28/Documents/YOLO-face-recognition/install/yolo_face_recognition/lib/yolo_face_recognition
Installing detection_node script to /home/radu28/Documents/YOLO-face-recognition/install/yolo_face_recognition/lib/yolo_face_recognition
Installing embedding_node script to /home/radu28/Documents/YOLO-face-recognition/install/yolo_face_recognition/lib/yolo_face_recognition
Installing tracking_node script to /home/radu28/Documents/YOLO-face-recognition/install/yolo_face_recognition/lib/yolo_face_recognition
writing list of installed files to '/home/radu28/Documents/YOLO-face-recognition/build/yolo_face_recognition/install.log'
